<?xml version="1.0" encoding="UTF-8"?>
<!-- Generated by org.testng.reporters.JUnitXMLReporter -->
<testsuite ignored="37" hostname="Vicky" failures="1" tests="1" name="Default test" time="20.071" errors="0" timestamp="2024-02-22T16:16:13 IST">
  <testcase classname="sprint_2_Negative.aSprint_2_LoginLogout_Demo_FMS" name="a1_loginByGivingInvalidEmailErrorTest" time="20.038">
    <failure type="org.openqa.selenium.NoSuchWindowException" message="no such window: target window already closed
from unknown error: web view not found
  (Session info: chrome=121.0.6167.185)
Build info: version: &amp;apos;4.14.1&amp;apos;, revision: &amp;apos;03f8ede370&amp;apos;
System info: os.name: &amp;apos;Windows 11&amp;apos;, os.arch: &amp;apos;amd64&amp;apos;, os.version: &amp;apos;10.0&amp;apos;, java.version: &amp;apos;18.0.1.1&amp;apos;
Driver info: org.openqa.selenium.chrome.ChromeDriver
Command: [a4f67b94afd2b8b75941df7cbacceb66, findElement {using=xpath, value=//input[@placeholder=&amp;apos;Enter your email address&amp;apos;]}]
Capabilities {acceptInsecureCerts: false, browserName: chrome, browserVersion: 121.0.6167.185, chrome: {chromedriverVersion: 121.0.6167.184 (057a8ae7deb..., userDataDir: C:\WINDOWS\TEMP\scoped_dir1...}, fedcm:accounts: true, goog:chromeOptions: {debuggerAddress: localhost:49971}, networkConnectionEnabled: false, pageLoadStrategy: normal, platformName: windows, proxy: Proxy(), se:cdp: ws://localhost:49971/devtoo..., se:cdpVersion: 121.0.6167.185, setWindowRect: true, strictFileInteractability: false, timeouts: {implicit: 0, pageLoad: 300000, script: 30000}, unhandledPromptBehavior: dismiss and notify, webauthn:extension:credBlob: true, webauthn:extension:largeBlob: true, webauthn:extension:minPinLength: true, webauthn:extension:prf: true, webauthn:virtualAuthenticators: true}
Session ID: a4f67b94afd2b8b75941df7cbacceb66">
      <![CDATA[org.openqa.selenium.NoSuchWindowException: no such window: target window already closed
from unknown error: web view not found
  (Session info: chrome=121.0.6167.185)
Build info: version: '4.14.1', revision: '03f8ede370'
System info: os.name: 'Windows 11', os.arch: 'amd64', os.version: '10.0', java.version: '18.0.1.1'
Driver info: org.openqa.selenium.chrome.ChromeDriver
Command: [a4f67b94afd2b8b75941df7cbacceb66, findElement {using=xpath, value=//input[@placeholder='Enter your email address']}]
Capabilities {acceptInsecureCerts: false, browserName: chrome, browserVersion: 121.0.6167.185, chrome: {chromedriverVersion: 121.0.6167.184 (057a8ae7deb..., userDataDir: C:\WINDOWS\TEMP\scoped_dir1...}, fedcm:accounts: true, goog:chromeOptions: {debuggerAddress: localhost:49971}, networkConnectionEnabled: false, pageLoadStrategy: normal, platformName: windows, proxy: Proxy(), se:cdp: ws://localhost:49971/devtoo..., se:cdpVersion: 121.0.6167.185, setWindowRect: true, strictFileInteractability: false, timeouts: {implicit: 0, pageLoad: 300000, script: 30000}, unhandledPromptBehavior: dismiss and notify, webauthn:extension:credBlob: true, webauthn:extension:largeBlob: true, webauthn:extension:minPinLength: true, webauthn:extension:prf: true, webauthn:virtualAuthenticators: true}
Session ID: a4f67b94afd2b8b75941df7cbacceb66
at java.base/jdk.internal.reflect.DirectConstructorHandleAccessor.newInstance(DirectConstructorHandleAccessor.java:67)
at java.base/java.lang.reflect.Constructor.newInstanceWithCaller(Constructor.java:499)
at java.base/java.lang.reflect.Constructor.newInstance(Constructor.java:483)
at org.openqa.selenium.remote.codec.w3c.W3CHttpResponseCodec.createException(W3CHttpResponseCodec.java:200)
at org.openqa.selenium.remote.codec.w3c.W3CHttpResponseCodec.decode(W3CHttpResponseCodec.java:133)
at org.openqa.selenium.remote.codec.w3c.W3CHttpResponseCodec.decode(W3CHttpResponseCodec.java:52)
at org.openqa.selenium.remote.HttpCommandExecutor.execute(HttpCommandExecutor.java:191)
at org.openqa.selenium.remote.service.DriverCommandExecutor.invokeExecute(DriverCommandExecutor.java:200)
at org.openqa.selenium.remote.service.DriverCommandExecutor.execute(DriverCommandExecutor.java:175)
at org.openqa.selenium.remote.RemoteWebDriver.execute(RemoteWebDriver.java:602)
at org.openqa.selenium.remote.ElementLocation$ElementFinder$2.findElement(ElementLocation.java:165)
at org.openqa.selenium.remote.ElementLocation.findElement(ElementLocation.java:59)
at org.openqa.selenium.remote.RemoteWebDriver.findElement(RemoteWebDriver.java:359)
at org.openqa.selenium.remote.RemoteWebDriver.findElement(RemoteWebDriver.java:353)
at sprint_2_Negative.aSprint_2_LoginLogout_Demo_FMS.a1_loginByGivingInvalidEmailErrorTest(aSprint_2_LoginLogout_Demo_FMS.java:42)
at java.base/jdk.internal.reflect.DirectMethodHandleAccessor.invoke(DirectMethodHandleAccessor.java:104)
at java.base/java.lang.reflect.Method.invoke(Method.java:577)
at org.testng.internal.invokers.MethodInvocationHelper.invokeMethod(MethodInvocationHelper.java:139)
at org.testng.internal.invokers.TestInvoker.invokeMethod(TestInvoker.java:677)
at org.testng.internal.invokers.TestInvoker.invokeTestMethod(TestInvoker.java:221)
at org.testng.internal.invokers.MethodRunner.runInSequence(MethodRunner.java:50)
at org.testng.internal.invokers.TestInvoker$MethodInvocationAgent.invoke(TestInvoker.java:962)
at org.testng.internal.invokers.TestInvoker.invokeTestMethods(TestInvoker.java:194)
at org.testng.internal.invokers.TestMethodWorker.invokeTestMethods(TestMethodWorker.java:148)
at org.testng.internal.invokers.TestMethodWorker.run(TestMethodWorker.java:128)
at java.base/java.util.ArrayList.forEach(ArrayList.java:1511)
at org.testng.TestRunner.privateRun(TestRunner.java:806)
at org.testng.TestRunner.run(TestRunner.java:601)
at org.testng.SuiteRunner.runTest(SuiteRunner.java:433)
at org.testng.SuiteRunner.runSequentially(SuiteRunner.java:427)
at org.testng.SuiteRunner.privateRun(SuiteRunner.java:387)
at org.testng.SuiteRunner.run(SuiteRunner.java:330)
at org.testng.SuiteRunnerWorker.runSuite(SuiteRunnerWorker.java:52)
at org.testng.SuiteRunnerWorker.run(SuiteRunnerWorker.java:95)
at org.testng.TestNG.runSuitesSequentially(TestNG.java:1256)
at org.testng.TestNG.runSuitesLocally(TestNG.java:1176)
at org.testng.TestNG.runSuites(TestNG.java:1099)
at org.testng.TestNG.run(TestNG.java:1067)
at org.testng.remote.AbstractRemoteTestNG.run(AbstractRemoteTestNG.java:115)
at org.testng.remote.RemoteTestNG.initAndRun(RemoteTestNG.java:251)
at org.testng.remote.RemoteTestNG.main(RemoteTestNG.java:77)
]]>
    </failure>
  </testcase> <!-- a1_loginByGivingInvalidEmailErrorTest -->
  <testcase classname="sprint_2_Negative.aSprint_2_LoginLogout_Demo_FMS" name="ze_creatingSchemeWithoutGivingDataError31Test" time="0.0">
    <ignored/>
  </testcase> <!-- ze_creatingSchemeWithoutGivingDataError31Test -->
  <testcase classname="sprint_2_Negative.aSprint_2_LoginLogout_Demo_FMS" name="r18_actionInfoSchemeTermsAndConditionsAddingByGivingValidDataPassTest" time="0.0">
    <ignored/>
  </testcase> <!-- r18_actionInfoSchemeTermsAndConditionsAddingByGivingValidDataPassTest -->
  <testcase classname="sprint_2_Negative.aSprint_2_LoginLogout_Demo_FMS" name="d4_clickOnEcommerceSchemesPageShouldOpenErrorTest" time="0.0">
    <ignored/>
  </testcase> <!-- d4_clickOnEcommerceSchemesPageShouldOpenErrorTest -->
  <testcase classname="sprint_2_Negative.aSprint_2_LoginLogout_Demo_FMS" name="m13_addingTenureAmountDetailsWithoutGivingAnyDetailsErrorTest" time="0.0">
    <ignored/>
  </testcase> <!-- m13_addingTenureAmountDetailsWithoutGivingAnyDetailsErrorTest -->
  <testcase classname="sprint_2_Negative.aSprint_2_LoginLogout_Demo_FMS" name="o15_actionInfoSchemeContentAddingByGivingValidDataPassTest" time="0.0">
    <ignored/>
  </testcase> <!-- o15_actionInfoSchemeContentAddingByGivingValidDataPassTest -->
  <testcase classname="sprint_2_Negative.aSprint_2_LoginLogout_Demo_FMS" name="zj_loginWithoutByGiving10AlphabetsInMobileNumberTextFieldError36Test" time="0.0">
    <ignored/>
  </testcase> <!-- zj_loginWithoutByGiving10AlphabetsInMobileNumberTextFieldError36Test -->
  <testcase classname="sprint_2_Negative.aSprint_2_LoginLogout_Demo_FMS" name="zd_clickOnDashboardSchemePageShouldBeDisplayedError30Test" time="0.0">
    <ignored/>
  </testcase> <!-- zd_clickOnDashboardSchemePageShouldBeDisplayedError30Test -->
  <testcase classname="sprint_2_Negative.aSprint_2_LoginLogout_Demo_FMS" name="n14_addingTenureAmountDetailsByGivingAllPositiveDetailsPassTest" time="0.0">
    <ignored/>
  </testcase> <!-- n14_addingTenureAmountDetailsByGivingAllPositiveDetailsPassTest -->
  <testcase classname="sprint_2_Negative.aSprint_2_LoginLogout_Demo_FMS" name="zc_schemeBootstrapBtnEnablingAndCheckingSchemeIsDisabledInUserPannelError29Test" time="0.0">
    <ignored/>
  </testcase> <!-- zc_schemeBootstrapBtnEnablingAndCheckingSchemeIsDisabledInUserPannelError29Test -->
  <testcase classname="sprint_2_Negative.aSprint_2_LoginLogout_Demo_FMS" name="w_schemeCreatingWithoutGivingSchemeNameError23Test" time="0.0">
    <ignored/>
  </testcase> <!-- w_schemeCreatingWithoutGivingSchemeNameError23Test -->
  <testcase classname="sprint_2_Negative.aSprint_2_LoginLogout_Demo_FMS" name="zh_whileSubscribingSchemeClickOnTheFailureButtonInTheRazorPayPagePaymentShouldPassError34Test" time="0.0">
    <ignored/>
  </testcase> <!-- zh_whileSubscribingSchemeClickOnTheFailureButtonInTheRazorPayPagePaymentShouldPassError34Test -->
  <testcase classname="sprint_2_Negative.aSprint_2_LoginLogout_Demo_FMS" name="h8_schemeCreatingWithoutGivingCalculationDrpDwnErrorTest" time="0.0">
    <ignored/>
  </testcase> <!-- h8_schemeCreatingWithoutGivingCalculationDrpDwnErrorTest -->
  <testcase classname="sprint_2_Negative.aSprint_2_LoginLogout_Demo_FMS" name="a2_loginByGivingInvalidPasswordErrorTest" time="0.0">
    <ignored/>
  </testcase> <!-- a2_loginByGivingInvalidPasswordErrorTest -->
  <testcase classname="sprint_2_Negative.aSprint_2_LoginLogout_Demo_FMS" name="q17_actionInfoSchemeTermsAndConditionsAddingWithoutGivingDataErrorTest" time="0.0">
    <ignored/>
  </testcase> <!-- q17_actionInfoSchemeTermsAndConditionsAddingWithoutGivingDataErrorTest -->
  <testcase classname="sprint_2_Negative.aSprint_2_LoginLogout_Demo_FMS" name="zb_schemeBootstrapBtnDisablingAndCheckingSchemeIsEnabledInUserPannelError28Test" time="0.0">
    <ignored/>
  </testcase> <!-- zb_schemeBootstrapBtnDisablingAndCheckingSchemeIsEnabledInUserPannelError28Test -->
  <testcase classname="sprint_2_Negative.aSprint_2_LoginLogout_Demo_FMS" name="zi_whileSubscribingSchemeClickOnTheSuccessButtonInTheRazorPayPagePaymentShouldFailError35Test" time="0.0">
    <ignored/>
  </testcase> <!-- zi_whileSubscribingSchemeClickOnTheSuccessButtonInTheRazorPayPagePaymentShouldFailError35Test -->
  <testcase classname="sprint_2_Negative.aSprint_2_LoginLogout_Demo_FMS" name="v_actionInfoSchemeFaqAddingWithoutGivingDataPageStaticError22Test" time="0.0">
    <ignored/>
  </testcase> <!-- v_actionInfoSchemeFaqAddingWithoutGivingDataPageStaticError22Test -->
  <testcase classname="sprint_2_Negative.aSprint_2_LoginLogout_Demo_FMS" name="f6_schemeClickOnAddSchemesAndAddSchemesPageShouldNotOpenErrorTest" time="0.0">
    <ignored/>
  </testcase> <!-- f6_schemeClickOnAddSchemesAndAddSchemesPageShouldNotOpenErrorTest -->
  <testcase classname="sprint_2_Negative.aSprint_2_LoginLogout_Demo_FMS" name="zfclickingOnPayNowBtnWithOutSelectingPaymentMode32Test" time="0.0">
    <ignored/>
  </testcase> <!-- zfclickingOnPayNowBtnWithOutSelectingPaymentMode32Test -->
  <testcase classname="sprint_2_Negative.aSprint_2_LoginLogout_Demo_FMS" name="t_actionInfoSchemeFeatureAddingWithoutGivingDataPageStaticError20Test" time="0.0">
    <ignored/>
  </testcase> <!-- t_actionInfoSchemeFeatureAddingWithoutGivingDataPageStaticError20Test -->
  <testcase classname="sprint_2_Negative.aSprint_2_LoginLogout_Demo_FMS" name="u_actionInfoSchemeFaqAddingByGivingValidDataPass21Test" time="0.0">
    <ignored/>
  </testcase> <!-- u_actionInfoSchemeFaqAddingByGivingValidDataPass21Test -->
  <testcase classname="sprint_2_Negative.aSprint_2_LoginLogout_Demo_FMS" name="j10_schemeCreatingByGivingAllSchemeDetailsPassTest" time="0.0">
    <ignored/>
  </testcase> <!-- j10_schemeCreatingByGivingAllSchemeDetailsPassTest -->
  <testcase classname="sprint_2_Negative.aSprint_2_LoginLogout_Demo_FMS" name="y_loginWithoutGivingEmailError25Test" time="0.0">
    <ignored/>
  </testcase> <!-- y_loginWithoutGivingEmailError25Test -->
  <testcase classname="sprint_2_Negative.aSprint_2_LoginLogout_Demo_FMS" name="c3_loginToFmsApplicationPassTest" time="0.0">
    <ignored/>
  </testcase> <!-- c3_loginToFmsApplicationPassTest -->
  <testcase classname="sprint_2_Negative.aSprint_2_LoginLogout_Demo_FMS" name="s19_actionInfoSchemeFeatureAddingByGivingValidDataPassTest" time="0.0">
    <ignored/>
  </testcase> <!-- s19_actionInfoSchemeFeatureAddingByGivingValidDataPassTest -->
  <testcase classname="sprint_2_Negative.aSprint_2_LoginLogout_Demo_FMS" name="i9_schemeCreatingWithoutGivingSchemeDescriptionErrorTest" time="0.0">
    <ignored/>
  </testcase> <!-- i9_schemeCreatingWithoutGivingSchemeDescriptionErrorTest -->
  <testcase classname="sprint_2_Negative.aSprint_2_LoginLogout_Demo_FMS" name="x_loginWithoutGivingEmailAndPasswordError24Test" time="0.0">
    <ignored/>
  </testcase> <!-- x_loginWithoutGivingEmailAndPasswordError24Test -->
  <testcase classname="sprint_2_Negative.aSprint_2_LoginLogout_Demo_FMS" name="zk_loginWithoutByGivingMoreThan10NumbersInMobileNumberInTextFieldError37Test" time="0.0">
    <ignored/>
  </testcase> <!-- zk_loginWithoutByGivingMoreThan10NumbersInMobileNumberInTextFieldError37Test -->
  <testcase classname="sprint_2_Negative.aSprint_2_LoginLogout_Demo_FMS" name="za_loginByGivingEmailAsPwdAndPasswordAsEmailError27Test" time="0.0">
    <ignored/>
  </testcase> <!-- za_loginByGivingEmailAsPwdAndPasswordAsEmailError27Test -->
  <testcase classname="sprint_2_Negative.aSprint_2_LoginLogout_Demo_FMS" name="z_loginWithoutGivingPasswordError26Test" time="0.0">
    <ignored/>
  </testcase> <!-- z_loginWithoutGivingPasswordError26Test -->
  <testcase classname="sprint_2_Negative.aSprint_2_LoginLogout_Demo_FMS" name="zl_loginWithoutByGivingLessThan10NumbersInMobileNumberTextFieldError38Test" time="0.0">
    <ignored/>
  </testcase> <!-- zl_loginWithoutByGivingLessThan10NumbersInMobileNumberTextFieldError38Test -->
  <testcase classname="sprint_2_Negative.aSprint_2_LoginLogout_Demo_FMS" name="zg_clickingOnUPIorQRAndClickOnUpiIdOrMobileNumberCheckBoxError33Test" time="0.0">
    <ignored/>
  </testcase> <!-- zg_clickingOnUPIorQRAndClickOnUpiIdOrMobileNumberCheckBoxError33Test -->
  <testcase classname="sprint_2_Negative.aSprint_2_LoginLogout_Demo_FMS" name="l12_addingTenureListDetailsByGivingAllDetailsPassTest" time="0.0">
    <ignored/>
  </testcase> <!-- l12_addingTenureListDetailsByGivingAllDetailsPassTest -->
  <testcase classname="sprint_2_Negative.aSprint_2_LoginLogout_Demo_FMS" name="k11_addingTenureListDetailsWithoutGivingAnyDetailsErrorTest" time="0.0">
    <ignored/>
  </testcase> <!-- k11_addingTenureListDetailsWithoutGivingAnyDetailsErrorTest -->
  <testcase classname="sprint_2_Negative.aSprint_2_LoginLogout_Demo_FMS" name="g7_schemeCreatingWithoutGivingCountryDrpDwnErrorButPassErrorTest" time="0.0">
    <ignored/>
  </testcase> <!-- g7_schemeCreatingWithoutGivingCountryDrpDwnErrorButPassErrorTest -->
  <testcase classname="sprint_2_Negative.aSprint_2_LoginLogout_Demo_FMS" name="e5_clickOnUserLinkSchemesPageShouldOpenErrorTest" time="0.0">
    <ignored/>
  </testcase> <!-- e5_clickOnUserLinkSchemesPageShouldOpenErrorTest -->
  <testcase classname="sprint_2_Negative.aSprint_2_LoginLogout_Demo_FMS" name="p16_actionInfoSchemeContentAddingWithoutGivingDataErrorTest" time="0.0">
    <ignored/>
  </testcase> <!-- p16_actionInfoSchemeContentAddingWithoutGivingDataErrorTest -->
</testsuite> <!-- Default test -->
