<?xml version="1.0" encoding="UTF-8"?>
<testng-results ignored="0" total="38" passed="15" failed="23" skipped="0">
  <reporter-output>
  </reporter-output>
  <suite started-at="2024-02-22T17:40:56 IST" name="Suite" finished-at="2024-02-22T18:02:40 IST" duration-ms="1303211">
    <groups>
      <group name="sprint-2">
        <method signature="aSprint_2_LoginLogout_Demo_FMS.a1_loginByGivingInvalidEmailErrorTest()[pri:1, instance:sprint_2_Negative.aSprint_2_LoginLogout_Demo_FMS@4218d6a3]" name="a1_loginByGivingInvalidEmailErrorTest" class="sprint_2_Negative.aSprint_2_LoginLogout_Demo_FMS"/>
        <method signature="aSprint_2_LoginLogout_Demo_FMS.a2_loginByGivingInvalidPasswordErrorTest()[pri:2, instance:sprint_2_Negative.aSprint_2_LoginLogout_Demo_FMS@4218d6a3]" name="a2_loginByGivingInvalidPasswordErrorTest" class="sprint_2_Negative.aSprint_2_LoginLogout_Demo_FMS"/>
        <method signature="aSprint_2_LoginLogout_Demo_FMS.a3_loginToFmsApplicationPassTest()[pri:3, instance:sprint_2_Negative.aSprint_2_LoginLogout_Demo_FMS@4218d6a3]" name="a3_loginToFmsApplicationPassTest" class="sprint_2_Negative.aSprint_2_LoginLogout_Demo_FMS"/>
        <method signature="aSprint_2_LoginLogout_Demo_FMS.a4_clickOnEcommerceSchemesPageShouldOpenErrorTest()[pri:4, instance:sprint_2_Negative.aSprint_2_LoginLogout_Demo_FMS@4218d6a3]" name="a4_clickOnEcommerceSchemesPageShouldOpenErrorTest" class="sprint_2_Negative.aSprint_2_LoginLogout_Demo_FMS"/>
        <method signature="aSprint_2_LoginLogout_Demo_FMS.a5_clickOnUserLinkSchemesPageShouldOpenErrorTest()[pri:5, instance:sprint_2_Negative.aSprint_2_LoginLogout_Demo_FMS@4218d6a3]" name="a5_clickOnUserLinkSchemesPageShouldOpenErrorTest" class="sprint_2_Negative.aSprint_2_LoginLogout_Demo_FMS"/>
        <method signature="aSprint_2_LoginLogout_Demo_FMS.a6_schemeClickOnAddSchemesAndAddSchemesPageShouldNotOpenErrorTest()[pri:6, instance:sprint_2_Negative.aSprint_2_LoginLogout_Demo_FMS@4218d6a3]" name="a6_schemeClickOnAddSchemesAndAddSchemesPageShouldNotOpenErrorTest" class="sprint_2_Negative.aSprint_2_LoginLogout_Demo_FMS"/>
        <method signature="aSprint_2_LoginLogout_Demo_FMS.a7_schemeCreatingWithoutGivingCountryDrpDwnErrorButPassErrorTest()[pri:7, instance:sprint_2_Negative.aSprint_2_LoginLogout_Demo_FMS@4218d6a3]" name="a7_schemeCreatingWithoutGivingCountryDrpDwnErrorButPassErrorTest" class="sprint_2_Negative.aSprint_2_LoginLogout_Demo_FMS"/>
        <method signature="aSprint_2_LoginLogout_Demo_FMS.a8_schemeCreatingWithoutGivingCalculationDrpDwnErrorTest()[pri:8, instance:sprint_2_Negative.aSprint_2_LoginLogout_Demo_FMS@4218d6a3]" name="a8_schemeCreatingWithoutGivingCalculationDrpDwnErrorTest" class="sprint_2_Negative.aSprint_2_LoginLogout_Demo_FMS"/>
        <method signature="aSprint_2_LoginLogout_Demo_FMS.a9_schemeCreatingWithoutGivingSchemeDescriptionErrorTest()[pri:9, instance:sprint_2_Negative.aSprint_2_LoginLogout_Demo_FMS@4218d6a3]" name="a9_schemeCreatingWithoutGivingSchemeDescriptionErrorTest" class="sprint_2_Negative.aSprint_2_LoginLogout_Demo_FMS"/>
        <method signature="aSprint_2_LoginLogout_Demo_FMS.a10_schemeCreatingByGivingAllSchemeDetailsPassTest()[pri:10, instance:sprint_2_Negative.aSprint_2_LoginLogout_Demo_FMS@4218d6a3]" name="a10_schemeCreatingByGivingAllSchemeDetailsPassTest" class="sprint_2_Negative.aSprint_2_LoginLogout_Demo_FMS"/>
        <method signature="aSprint_2_LoginLogout_Demo_FMS.a11_addingTenureListDetailsWithoutGivingAnyDetailsErrorTest()[pri:11, instance:sprint_2_Negative.aSprint_2_LoginLogout_Demo_FMS@4218d6a3]" name="a11_addingTenureListDetailsWithoutGivingAnyDetailsErrorTest" class="sprint_2_Negative.aSprint_2_LoginLogout_Demo_FMS"/>
        <method signature="aSprint_2_LoginLogout_Demo_FMS.a12_addingTenureListDetailsByGivingAllDetailsPassTest()[pri:12, instance:sprint_2_Negative.aSprint_2_LoginLogout_Demo_FMS@4218d6a3]" name="a12_addingTenureListDetailsByGivingAllDetailsPassTest" class="sprint_2_Negative.aSprint_2_LoginLogout_Demo_FMS"/>
        <method signature="aSprint_2_LoginLogout_Demo_FMS.a13_addingTenureAmountDetailsWithoutGivingAnyDetailsErrorTest()[pri:13, instance:sprint_2_Negative.aSprint_2_LoginLogout_Demo_FMS@4218d6a3]" name="a13_addingTenureAmountDetailsWithoutGivingAnyDetailsErrorTest" class="sprint_2_Negative.aSprint_2_LoginLogout_Demo_FMS"/>
        <method signature="aSprint_2_LoginLogout_Demo_FMS.a14_addingTenureAmountDetailsByGivingAllPositiveDetailsPassTest()[pri:14, instance:sprint_2_Negative.aSprint_2_LoginLogout_Demo_FMS@4218d6a3]" name="a14_addingTenureAmountDetailsByGivingAllPositiveDetailsPassTest" class="sprint_2_Negative.aSprint_2_LoginLogout_Demo_FMS"/>
        <method signature="aSprint_2_LoginLogout_Demo_FMS.a15_actionInfoSchemeContentAddingByGivingValidDataPassTest()[pri:15, instance:sprint_2_Negative.aSprint_2_LoginLogout_Demo_FMS@4218d6a3]" name="a15_actionInfoSchemeContentAddingByGivingValidDataPassTest" class="sprint_2_Negative.aSprint_2_LoginLogout_Demo_FMS"/>
        <method signature="aSprint_2_LoginLogout_Demo_FMS.a16_actionInfoSchemeContentAddingWithoutGivingDataErrorTest()[pri:16, instance:sprint_2_Negative.aSprint_2_LoginLogout_Demo_FMS@4218d6a3]" name="a16_actionInfoSchemeContentAddingWithoutGivingDataErrorTest" class="sprint_2_Negative.aSprint_2_LoginLogout_Demo_FMS"/>
        <method signature="aSprint_2_LoginLogout_Demo_FMS.a17_actionInfoSchemeTermsAndConditionsAddingWithoutGivingDataErrorTest()[pri:17, instance:sprint_2_Negative.aSprint_2_LoginLogout_Demo_FMS@4218d6a3]" name="a17_actionInfoSchemeTermsAndConditionsAddingWithoutGivingDataErrorTest" class="sprint_2_Negative.aSprint_2_LoginLogout_Demo_FMS"/>
        <method signature="aSprint_2_LoginLogout_Demo_FMS.a18_actionInfoSchemeTermsAndConditionsAddingByGivingValidDataPassTest()[pri:18, instance:sprint_2_Negative.aSprint_2_LoginLogout_Demo_FMS@4218d6a3]" name="a18_actionInfoSchemeTermsAndConditionsAddingByGivingValidDataPassTest" class="sprint_2_Negative.aSprint_2_LoginLogout_Demo_FMS"/>
        <method signature="aSprint_2_LoginLogout_Demo_FMS.a19_actionInfoSchemeFeatureAddingByGivingValidDataPassTest()[pri:19, instance:sprint_2_Negative.aSprint_2_LoginLogout_Demo_FMS@4218d6a3]" name="a19_actionInfoSchemeFeatureAddingByGivingValidDataPassTest" class="sprint_2_Negative.aSprint_2_LoginLogout_Demo_FMS"/>
        <method signature="aSprint_2_LoginLogout_Demo_FMS.a20_actionInfoSchemeFeatureAddingWithoutGivingDataPageStaticErrorTest()[pri:20, instance:sprint_2_Negative.aSprint_2_LoginLogout_Demo_FMS@4218d6a3]" name="a20_actionInfoSchemeFeatureAddingWithoutGivingDataPageStaticErrorTest" class="sprint_2_Negative.aSprint_2_LoginLogout_Demo_FMS"/>
        <method signature="aSprint_2_LoginLogout_Demo_FMS.a21_actionInfoSchemeFaqAddingByGivingValidDataPassTest()[pri:21, instance:sprint_2_Negative.aSprint_2_LoginLogout_Demo_FMS@4218d6a3]" name="a21_actionInfoSchemeFaqAddingByGivingValidDataPassTest" class="sprint_2_Negative.aSprint_2_LoginLogout_Demo_FMS"/>
        <method signature="aSprint_2_LoginLogout_Demo_FMS.a22_actionInfoSchemeFaqAddingWithoutGivingDataPageStaticErrorTest()[pri:22, instance:sprint_2_Negative.aSprint_2_LoginLogout_Demo_FMS@4218d6a3]" name="a22_actionInfoSchemeFaqAddingWithoutGivingDataPageStaticErrorTest" class="sprint_2_Negative.aSprint_2_LoginLogout_Demo_FMS"/>
        <method signature="aSprint_2_LoginLogout_Demo_FMS.a23_schemeCreatingWithoutGivingSchemeNameErrorTest()[pri:23, instance:sprint_2_Negative.aSprint_2_LoginLogout_Demo_FMS@4218d6a3]" name="a23_schemeCreatingWithoutGivingSchemeNameErrorTest" class="sprint_2_Negative.aSprint_2_LoginLogout_Demo_FMS"/>
        <method signature="aSprint_2_LoginLogout_Demo_FMS.a24_loginWithoutGivingEmailAndPasswordErrorTest()[pri:24, instance:sprint_2_Negative.aSprint_2_LoginLogout_Demo_FMS@4218d6a3]" name="a24_loginWithoutGivingEmailAndPasswordErrorTest" class="sprint_2_Negative.aSprint_2_LoginLogout_Demo_FMS"/>
        <method signature="aSprint_2_LoginLogout_Demo_FMS.a25_loginWithoutGivingEmailErrorTest()[pri:25, instance:sprint_2_Negative.aSprint_2_LoginLogout_Demo_FMS@4218d6a3]" name="a25_loginWithoutGivingEmailErrorTest" class="sprint_2_Negative.aSprint_2_LoginLogout_Demo_FMS"/>
        <method signature="aSprint_2_LoginLogout_Demo_FMS.a26_loginWithoutGivingPasswordErrorTest()[pri:26, instance:sprint_2_Negative.aSprint_2_LoginLogout_Demo_FMS@4218d6a3]" name="a26_loginWithoutGivingPasswordErrorTest" class="sprint_2_Negative.aSprint_2_LoginLogout_Demo_FMS"/>
        <method signature="aSprint_2_LoginLogout_Demo_FMS.a27_loginByGivingEmailAsPwdAndPasswordAsEmailErrorTest()[pri:27, instance:sprint_2_Negative.aSprint_2_LoginLogout_Demo_FMS@4218d6a3]" name="a27_loginByGivingEmailAsPwdAndPasswordAsEmailErrorTest" class="sprint_2_Negative.aSprint_2_LoginLogout_Demo_FMS"/>
        <method signature="aSprint_2_LoginLogout_Demo_FMS.a28_schemeBootstrapBtnDisablingAndCheckingSchemeIsEnabledInUserPannelErrorTest()[pri:28, instance:sprint_2_Negative.aSprint_2_LoginLogout_Demo_FMS@4218d6a3]" name="a28_schemeBootstrapBtnDisablingAndCheckingSchemeIsEnabledInUserPannelErrorTest" class="sprint_2_Negative.aSprint_2_LoginLogout_Demo_FMS"/>
        <method signature="aSprint_2_LoginLogout_Demo_FMS.a29_schemeBootstrapBtnEnablingAndCheckingSchemeIsDisabledInUserPannelErrorTest()[pri:29, instance:sprint_2_Negative.aSprint_2_LoginLogout_Demo_FMS@4218d6a3]" name="a29_schemeBootstrapBtnEnablingAndCheckingSchemeIsDisabledInUserPannelErrorTest" class="sprint_2_Negative.aSprint_2_LoginLogout_Demo_FMS"/>
        <method signature="aSprint_2_LoginLogout_Demo_FMS.a30_clickOnDashboardSchemePageShouldBeDisplayedErrorTest()[pri:30, instance:sprint_2_Negative.aSprint_2_LoginLogout_Demo_FMS@4218d6a3]" name="a30_clickOnDashboardSchemePageShouldBeDisplayedErrorTest" class="sprint_2_Negative.aSprint_2_LoginLogout_Demo_FMS"/>
        <method signature="aSprint_2_LoginLogout_Demo_FMS.a31_creatingSchemeWithoutGivingDataErrorTest()[pri:31, instance:sprint_2_Negative.aSprint_2_LoginLogout_Demo_FMS@4218d6a3]" name="a31_creatingSchemeWithoutGivingDataErrorTest" class="sprint_2_Negative.aSprint_2_LoginLogout_Demo_FMS"/>
        <method signature="aSprint_2_LoginLogout_Demo_FMS.a32_clickingOnPayNowBtnWithOutSelectingPaymentModeTest()[pri:32, instance:sprint_2_Negative.aSprint_2_LoginLogout_Demo_FMS@4218d6a3]" name="a32_clickingOnPayNowBtnWithOutSelectingPaymentModeTest" class="sprint_2_Negative.aSprint_2_LoginLogout_Demo_FMS"/>
        <method signature="aSprint_2_LoginLogout_Demo_FMS.a33_clickingOnUPIorQRAndClickOnUpiIdOrMobileNumberCheckBoxErrorTest()[pri:33, instance:sprint_2_Negative.aSprint_2_LoginLogout_Demo_FMS@4218d6a3]" name="a33_clickingOnUPIorQRAndClickOnUpiIdOrMobileNumberCheckBoxErrorTest" class="sprint_2_Negative.aSprint_2_LoginLogout_Demo_FMS"/>
        <method signature="aSprint_2_LoginLogout_Demo_FMS.a34_whileSubscribingSchemeClickOnTheFailureButtonInTheRazorPayPagePaymentShouldPassErrorTest()[pri:34, instance:sprint_2_Negative.aSprint_2_LoginLogout_Demo_FMS@4218d6a3]" name="a34_whileSubscribingSchemeClickOnTheFailureButtonInTheRazorPayPagePaymentShouldPassErrorTest" class="sprint_2_Negative.aSprint_2_LoginLogout_Demo_FMS"/>
        <method signature="aSprint_2_LoginLogout_Demo_FMS.a35_whileSubscribingSchemeClickOnTheSuccessButtonInTheRazorPayPagePaymentShouldFailErrorTest()[pri:35, instance:sprint_2_Negative.aSprint_2_LoginLogout_Demo_FMS@4218d6a3]" name="a35_whileSubscribingSchemeClickOnTheSuccessButtonInTheRazorPayPagePaymentShouldFailErrorTest" class="sprint_2_Negative.aSprint_2_LoginLogout_Demo_FMS"/>
        <method signature="aSprint_2_LoginLogout_Demo_FMS.a36_loginWithoutByGiving10AlphabetsInMobileNumberTextFieldErrorTest()[pri:36, instance:sprint_2_Negative.aSprint_2_LoginLogout_Demo_FMS@4218d6a3]" name="a36_loginWithoutByGiving10AlphabetsInMobileNumberTextFieldErrorTest" class="sprint_2_Negative.aSprint_2_LoginLogout_Demo_FMS"/>
        <method signature="aSprint_2_LoginLogout_Demo_FMS.a37_loginWithoutByGivingMoreThan10NumbersInMobileNumberInTextFieldErrorTest()[pri:37, instance:sprint_2_Negative.aSprint_2_LoginLogout_Demo_FMS@4218d6a3]" name="a37_loginWithoutByGivingMoreThan10NumbersInMobileNumberInTextFieldErrorTest" class="sprint_2_Negative.aSprint_2_LoginLogout_Demo_FMS"/>
        <method signature="aSprint_2_LoginLogout_Demo_FMS.a38_loginWithoutByGivingLessThan10NumbersInMobileNumberTextFieldErrorTest()[pri:38, instance:sprint_2_Negative.aSprint_2_LoginLogout_Demo_FMS@4218d6a3]" name="a38_loginWithoutByGivingLessThan10NumbersInMobileNumberTextFieldErrorTest" class="sprint_2_Negative.aSprint_2_LoginLogout_Demo_FMS"/>
      </group> <!-- sprint-2 -->
    </groups>
    <test started-at="2024-02-22T17:40:56 IST" name="Test" finished-at="2024-02-22T18:02:40 IST" duration-ms="1303211">
      <class name="sprint_2_Negative.aSprint_2_LoginLogout_Demo_FMS">
        <test-method signature="a1_loginByGivingInvalidEmailErrorTest()[pri:1, instance:sprint_2_Negative.aSprint_2_LoginLogout_Demo_FMS@4218d6a3]" started-at="2024-02-22T17:40:56 IST" name="a1_loginByGivingInvalidEmailErrorTest" finished-at="2024-02-22T17:41:08 IST" duration-ms="11446" status="PASS">
          <reporter-output>
          </reporter-output>
        </test-method> <!-- a1_loginByGivingInvalidEmailErrorTest -->
        <test-method signature="a2_loginByGivingInvalidPasswordErrorTest()[pri:2, instance:sprint_2_Negative.aSprint_2_LoginLogout_Demo_FMS@4218d6a3]" started-at="2024-02-22T17:41:08 IST" name="a2_loginByGivingInvalidPasswordErrorTest" finished-at="2024-02-22T17:41:19 IST" duration-ms="11404" status="PASS">
          <reporter-output>
          </reporter-output>
        </test-method> <!-- a2_loginByGivingInvalidPasswordErrorTest -->
        <test-method signature="a3_loginToFmsApplicationPassTest()[pri:3, instance:sprint_2_Negative.aSprint_2_LoginLogout_Demo_FMS@4218d6a3]" started-at="2024-02-22T17:41:19 IST" name="a3_loginToFmsApplicationPassTest" finished-at="2024-02-22T17:41:36 IST" duration-ms="16886" status="PASS">
          <reporter-output>
          </reporter-output>
        </test-method> <!-- a3_loginToFmsApplicationPassTest -->
        <test-method signature="a4_clickOnEcommerceSchemesPageShouldOpenErrorTest()[pri:4, instance:sprint_2_Negative.aSprint_2_LoginLogout_Demo_FMS@4218d6a3]" started-at="2024-02-22T17:41:36 IST" name="a4_clickOnEcommerceSchemesPageShouldOpenErrorTest" finished-at="2024-02-22T17:41:55 IST" duration-ms="19131" status="PASS">
          <reporter-output>
          </reporter-output>
        </test-method> <!-- a4_clickOnEcommerceSchemesPageShouldOpenErrorTest -->
        <test-method signature="a5_clickOnUserLinkSchemesPageShouldOpenErrorTest()[pri:5, instance:sprint_2_Negative.aSprint_2_LoginLogout_Demo_FMS@4218d6a3]" started-at="2024-02-22T17:41:55 IST" name="a5_clickOnUserLinkSchemesPageShouldOpenErrorTest" finished-at="2024-02-22T17:42:24 IST" duration-ms="28651" status="PASS">
          <reporter-output>
          </reporter-output>
        </test-method> <!-- a5_clickOnUserLinkSchemesPageShouldOpenErrorTest -->
        <test-method signature="a6_schemeClickOnAddSchemesAndAddSchemesPageShouldNotOpenErrorTest()[pri:6, instance:sprint_2_Negative.aSprint_2_LoginLogout_Demo_FMS@4218d6a3]" started-at="2024-02-22T17:42:24 IST" name="a6_schemeClickOnAddSchemesAndAddSchemesPageShouldNotOpenErrorTest" finished-at="2024-02-22T17:42:49 IST" duration-ms="24609" status="PASS">
          <reporter-output>
          </reporter-output>
        </test-method> <!-- a6_schemeClickOnAddSchemesAndAddSchemesPageShouldNotOpenErrorTest -->
        <test-method signature="a7_schemeCreatingWithoutGivingCountryDrpDwnErrorButPassErrorTest()[pri:7, instance:sprint_2_Negative.aSprint_2_LoginLogout_Demo_FMS@4218d6a3]" started-at="2024-02-22T17:42:49 IST" name="a7_schemeCreatingWithoutGivingCountryDrpDwnErrorButPassErrorTest" finished-at="2024-02-22T17:43:22 IST" duration-ms="33374" status="PASS">
          <reporter-output>
          </reporter-output>
        </test-method> <!-- a7_schemeCreatingWithoutGivingCountryDrpDwnErrorButPassErrorTest -->
        <test-method signature="a8_schemeCreatingWithoutGivingCalculationDrpDwnErrorTest()[pri:8, instance:sprint_2_Negative.aSprint_2_LoginLogout_Demo_FMS@4218d6a3]" started-at="2024-02-22T17:43:22 IST" name="a8_schemeCreatingWithoutGivingCalculationDrpDwnErrorTest" finished-at="2024-02-22T17:43:56 IST" duration-ms="33923" status="PASS">
          <reporter-output>
          </reporter-output>
        </test-method> <!-- a8_schemeCreatingWithoutGivingCalculationDrpDwnErrorTest -->
        <test-method signature="a9_schemeCreatingWithoutGivingSchemeDescriptionErrorTest()[pri:9, instance:sprint_2_Negative.aSprint_2_LoginLogout_Demo_FMS@4218d6a3]" started-at="2024-02-22T17:43:56 IST" name="a9_schemeCreatingWithoutGivingSchemeDescriptionErrorTest" finished-at="2024-02-22T17:44:30 IST" duration-ms="33831" status="PASS">
          <reporter-output>
          </reporter-output>
        </test-method> <!-- a9_schemeCreatingWithoutGivingSchemeDescriptionErrorTest -->
        <test-method signature="a10_schemeCreatingByGivingAllSchemeDetailsPassTest()[pri:10, instance:sprint_2_Negative.aSprint_2_LoginLogout_Demo_FMS@4218d6a3]" started-at="2024-02-22T17:44:30 IST" name="a10_schemeCreatingByGivingAllSchemeDetailsPassTest" finished-at="2024-02-22T17:45:07 IST" duration-ms="37455" status="PASS">
          <reporter-output>
          </reporter-output>
        </test-method> <!-- a10_schemeCreatingByGivingAllSchemeDetailsPassTest -->
        <test-method signature="a11_addingTenureListDetailsWithoutGivingAnyDetailsErrorTest()[pri:11, instance:sprint_2_Negative.aSprint_2_LoginLogout_Demo_FMS@4218d6a3]" started-at="2024-02-22T17:45:07 IST" name="a11_addingTenureListDetailsWithoutGivingAnyDetailsErrorTest" finished-at="2024-02-22T17:45:48 IST" duration-ms="40500" status="PASS">
          <reporter-output>
          </reporter-output>
        </test-method> <!-- a11_addingTenureListDetailsWithoutGivingAnyDetailsErrorTest -->
        <test-method signature="a12_addingTenureListDetailsByGivingAllDetailsPassTest()[pri:12, instance:sprint_2_Negative.aSprint_2_LoginLogout_Demo_FMS@4218d6a3]" started-at="2024-02-22T17:45:48 IST" name="a12_addingTenureListDetailsByGivingAllDetailsPassTest" finished-at="2024-02-22T17:46:28 IST" duration-ms="40316" status="FAIL">
          <exception class="org.openqa.selenium.ElementClickInterceptedException">
            <message>
              <![CDATA[element click intercepted: Element <button _ngcontent-yuq-c36="" type="button" data-bs-toggle="modal" data-bs-target="#tenure" class="btn-sm btn-view">...</button> is not clickable at point (933, 370). Other element would receive the click: <div _ngcontent-yuq-c36="" class="modal-body">...</div>
  (Session info: chrome=121.0.6167.185)
Build info: version: '4.14.1', revision: '03f8ede370'
System info: os.name: 'Windows 11', os.arch: 'amd64', os.version: '10.0', java.version: '18.0.1.1'
Driver info: org.openqa.selenium.chrome.ChromeDriver
Command: [e1b1b399d5eafb1f14f4786168fb1187, clickElement {id=9D5495A579144B08D6F37BF7902C9C94_element_724}]
Capabilities {acceptInsecureCerts: false, browserName: chrome, browserVersion: 121.0.6167.185, chrome: {chromedriverVersion: 121.0.6167.184 (057a8ae7deb..., userDataDir: C:\WINDOWS\TEMP\scoped_dir3...}, fedcm:accounts: true, goog:chromeOptions: {debuggerAddress: localhost:53664}, networkConnectionEnabled: false, pageLoadStrategy: normal, platformName: windows, proxy: Proxy(), se:cdp: ws://localhost:53664/devtoo..., se:cdpVersion: 121.0.6167.185, setWindowRect: true, strictFileInteractability: false, timeouts: {implicit: 0, pageLoad: 300000, script: 30000}, unhandledPromptBehavior: dismiss and notify, webauthn:extension:credBlob: true, webauthn:extension:largeBlob: true, webauthn:extension:minPinLength: true, webauthn:extension:prf: true, webauthn:virtualAuthenticators: true}
Element: [[ChromeDriver: chrome on windows (e1b1b399d5eafb1f14f4786168fb1187)] -> xpath: (//h4[.='Schemes List']/ancestor::div[@class='card-header']//td[.='Scheme8861216']/following-sibling::td/button[.=' Info '])[1]]
Session ID: e1b1b399d5eafb1f14f4786168fb1187]]>
            </message>
            <full-stacktrace>
              <![CDATA[org.openqa.selenium.ElementClickInterceptedException: element click intercepted: Element <button _ngcontent-yuq-c36="" type="button" data-bs-toggle="modal" data-bs-target="#tenure" class="btn-sm btn-view">...</button> is not clickable at point (933, 370). Other element would receive the click: <div _ngcontent-yuq-c36="" class="modal-body">...</div>
  (Session info: chrome=121.0.6167.185)
Build info: version: '4.14.1', revision: '03f8ede370'
System info: os.name: 'Windows 11', os.arch: 'amd64', os.version: '10.0', java.version: '18.0.1.1'
Driver info: org.openqa.selenium.chrome.ChromeDriver
Command: [e1b1b399d5eafb1f14f4786168fb1187, clickElement {id=9D5495A579144B08D6F37BF7902C9C94_element_724}]
Capabilities {acceptInsecureCerts: false, browserName: chrome, browserVersion: 121.0.6167.185, chrome: {chromedriverVersion: 121.0.6167.184 (057a8ae7deb..., userDataDir: C:\WINDOWS\TEMP\scoped_dir3...}, fedcm:accounts: true, goog:chromeOptions: {debuggerAddress: localhost:53664}, networkConnectionEnabled: false, pageLoadStrategy: normal, platformName: windows, proxy: Proxy(), se:cdp: ws://localhost:53664/devtoo..., se:cdpVersion: 121.0.6167.185, setWindowRect: true, strictFileInteractability: false, timeouts: {implicit: 0, pageLoad: 300000, script: 30000}, unhandledPromptBehavior: dismiss and notify, webauthn:extension:credBlob: true, webauthn:extension:largeBlob: true, webauthn:extension:minPinLength: true, webauthn:extension:prf: true, webauthn:virtualAuthenticators: true}
Element: [[ChromeDriver: chrome on windows (e1b1b399d5eafb1f14f4786168fb1187)] -> xpath: (//h4[.='Schemes List']/ancestor::div[@class='card-header']//td[.='Scheme8861216']/following-sibling::td/button[.=' Info '])[1]]
Session ID: e1b1b399d5eafb1f14f4786168fb1187
at java.base/jdk.internal.reflect.DirectConstructorHandleAccessor.newInstance(DirectConstructorHandleAccessor.java:67)
at java.base/java.lang.reflect.Constructor.newInstanceWithCaller(Constructor.java:499)
at java.base/java.lang.reflect.Constructor.newInstance(Constructor.java:483)
at org.openqa.selenium.remote.codec.w3c.W3CHttpResponseCodec.createException(W3CHttpResponseCodec.java:200)
at org.openqa.selenium.remote.codec.w3c.W3CHttpResponseCodec.decode(W3CHttpResponseCodec.java:133)
at org.openqa.selenium.remote.codec.w3c.W3CHttpResponseCodec.decode(W3CHttpResponseCodec.java:52)
at org.openqa.selenium.remote.HttpCommandExecutor.execute(HttpCommandExecutor.java:191)
at org.openqa.selenium.remote.service.DriverCommandExecutor.invokeExecute(DriverCommandExecutor.java:200)
at org.openqa.selenium.remote.service.DriverCommandExecutor.execute(DriverCommandExecutor.java:175)
at org.openqa.selenium.remote.RemoteWebDriver.execute(RemoteWebDriver.java:602)
at org.openqa.selenium.remote.RemoteWebElement.execute(RemoteWebElement.java:224)
at org.openqa.selenium.remote.RemoteWebElement.click(RemoteWebElement.java:77)
at sprint_2_Negative.aSprint_2_LoginLogout_Demo_FMS.a12_addingTenureListDetailsByGivingAllDetailsPassTest(aSprint_2_LoginLogout_Demo_FMS.java:660)
at java.base/jdk.internal.reflect.DirectMethodHandleAccessor.invoke(DirectMethodHandleAccessor.java:104)
at java.base/java.lang.reflect.Method.invoke(Method.java:577)
at org.testng.internal.invokers.MethodInvocationHelper.invokeMethod(MethodInvocationHelper.java:139)
at org.testng.internal.invokers.TestInvoker.invokeMethod(TestInvoker.java:677)
at org.testng.internal.invokers.TestInvoker.invokeTestMethod(TestInvoker.java:221)
at org.testng.internal.invokers.MethodRunner.runInSequence(MethodRunner.java:50)
at org.testng.internal.invokers.TestInvoker$MethodInvocationAgent.invoke(TestInvoker.java:962)
at org.testng.internal.invokers.TestInvoker.invokeTestMethods(TestInvoker.java:194)
at org.testng.internal.invokers.TestMethodWorker.invokeTestMethods(TestMethodWorker.java:148)
at org.testng.internal.invokers.TestMethodWorker.run(TestMethodWorker.java:128)
at java.base/java.util.ArrayList.forEach(ArrayList.java:1511)
at org.testng.TestRunner.privateRun(TestRunner.java:806)
at org.testng.TestRunner.run(TestRunner.java:601)
at org.testng.SuiteRunner.runTest(SuiteRunner.java:433)
at org.testng.SuiteRunner$SuiteWorker.run(SuiteRunner.java:471)
at org.testng.internal.thread.ThreadUtil.lambda$execute$0(ThreadUtil.java:58)
at java.base/java.util.concurrent.FutureTask.run(FutureTask.java:264)
at java.base/java.util.concurrent.ThreadPoolExecutor.runWorker(ThreadPoolExecutor.java:1136)
at java.base/java.util.concurrent.ThreadPoolExecutor$Worker.run(ThreadPoolExecutor.java:635)
at java.base/java.lang.Thread.run(Thread.java:833)
]]>
            </full-stacktrace>
          </exception> <!-- org.openqa.selenium.ElementClickInterceptedException -->
          <reporter-output>
          </reporter-output>
        </test-method> <!-- a12_addingTenureListDetailsByGivingAllDetailsPassTest -->
        <test-method signature="a13_addingTenureAmountDetailsWithoutGivingAnyDetailsErrorTest()[pri:13, instance:sprint_2_Negative.aSprint_2_LoginLogout_Demo_FMS@4218d6a3]" started-at="2024-02-22T17:46:28 IST" name="a13_addingTenureAmountDetailsWithoutGivingAnyDetailsErrorTest" finished-at="2024-02-22T17:47:03 IST" duration-ms="35169" status="FAIL">
          <exception class="org.openqa.selenium.ElementClickInterceptedException">
            <message>
              <![CDATA[element click intercepted: Element <button _ngcontent-cgi-c36="" type="button" data-bs-toggle="modal" data-bs-target="#tenure" class="btn-sm btn-view">...</button> is not clickable at point (933, 370). Other element would receive the click: <div _ngcontent-cgi-c36="" class="modal-body">...</div>
  (Session info: chrome=121.0.6167.185)
Build info: version: '4.14.1', revision: '03f8ede370'
System info: os.name: 'Windows 11', os.arch: 'amd64', os.version: '10.0', java.version: '18.0.1.1'
Driver info: org.openqa.selenium.chrome.ChromeDriver
Command: [0efe92b0a0916304054836dffa70cf68, clickElement {id=CA82E62132A9A229C20606ADF7B3FBA3_element_724}]
Capabilities {acceptInsecureCerts: false, browserName: chrome, browserVersion: 121.0.6167.185, chrome: {chromedriverVersion: 121.0.6167.184 (057a8ae7deb..., userDataDir: C:\WINDOWS\TEMP\scoped_dir1...}, fedcm:accounts: true, goog:chromeOptions: {debuggerAddress: localhost:53719}, networkConnectionEnabled: false, pageLoadStrategy: normal, platformName: windows, proxy: Proxy(), se:cdp: ws://localhost:53719/devtoo..., se:cdpVersion: 121.0.6167.185, setWindowRect: true, strictFileInteractability: false, timeouts: {implicit: 0, pageLoad: 300000, script: 30000}, unhandledPromptBehavior: dismiss and notify, webauthn:extension:credBlob: true, webauthn:extension:largeBlob: true, webauthn:extension:minPinLength: true, webauthn:extension:prf: true, webauthn:virtualAuthenticators: true}
Element: [[ChromeDriver: chrome on windows (0efe92b0a0916304054836dffa70cf68)] -> xpath: (//h4[.='Schemes List']/ancestor::div[@class='card-header']//td[.='Scheme8861216']/following-sibling::td/button[.=' Info '])[1]]
Session ID: 0efe92b0a0916304054836dffa70cf68]]>
            </message>
            <full-stacktrace>
              <![CDATA[org.openqa.selenium.ElementClickInterceptedException: element click intercepted: Element <button _ngcontent-cgi-c36="" type="button" data-bs-toggle="modal" data-bs-target="#tenure" class="btn-sm btn-view">...</button> is not clickable at point (933, 370). Other element would receive the click: <div _ngcontent-cgi-c36="" class="modal-body">...</div>
  (Session info: chrome=121.0.6167.185)
Build info: version: '4.14.1', revision: '03f8ede370'
System info: os.name: 'Windows 11', os.arch: 'amd64', os.version: '10.0', java.version: '18.0.1.1'
Driver info: org.openqa.selenium.chrome.ChromeDriver
Command: [0efe92b0a0916304054836dffa70cf68, clickElement {id=CA82E62132A9A229C20606ADF7B3FBA3_element_724}]
Capabilities {acceptInsecureCerts: false, browserName: chrome, browserVersion: 121.0.6167.185, chrome: {chromedriverVersion: 121.0.6167.184 (057a8ae7deb..., userDataDir: C:\WINDOWS\TEMP\scoped_dir1...}, fedcm:accounts: true, goog:chromeOptions: {debuggerAddress: localhost:53719}, networkConnectionEnabled: false, pageLoadStrategy: normal, platformName: windows, proxy: Proxy(), se:cdp: ws://localhost:53719/devtoo..., se:cdpVersion: 121.0.6167.185, setWindowRect: true, strictFileInteractability: false, timeouts: {implicit: 0, pageLoad: 300000, script: 30000}, unhandledPromptBehavior: dismiss and notify, webauthn:extension:credBlob: true, webauthn:extension:largeBlob: true, webauthn:extension:minPinLength: true, webauthn:extension:prf: true, webauthn:virtualAuthenticators: true}
Element: [[ChromeDriver: chrome on windows (0efe92b0a0916304054836dffa70cf68)] -> xpath: (//h4[.='Schemes List']/ancestor::div[@class='card-header']//td[.='Scheme8861216']/following-sibling::td/button[.=' Info '])[1]]
Session ID: 0efe92b0a0916304054836dffa70cf68
at java.base/jdk.internal.reflect.DirectConstructorHandleAccessor.newInstance(DirectConstructorHandleAccessor.java:67)
at java.base/java.lang.reflect.Constructor.newInstanceWithCaller(Constructor.java:499)
at java.base/java.lang.reflect.Constructor.newInstance(Constructor.java:483)
at org.openqa.selenium.remote.codec.w3c.W3CHttpResponseCodec.createException(W3CHttpResponseCodec.java:200)
at org.openqa.selenium.remote.codec.w3c.W3CHttpResponseCodec.decode(W3CHttpResponseCodec.java:133)
at org.openqa.selenium.remote.codec.w3c.W3CHttpResponseCodec.decode(W3CHttpResponseCodec.java:52)
at org.openqa.selenium.remote.HttpCommandExecutor.execute(HttpCommandExecutor.java:191)
at org.openqa.selenium.remote.service.DriverCommandExecutor.invokeExecute(DriverCommandExecutor.java:200)
at org.openqa.selenium.remote.service.DriverCommandExecutor.execute(DriverCommandExecutor.java:175)
at org.openqa.selenium.remote.RemoteWebDriver.execute(RemoteWebDriver.java:602)
at org.openqa.selenium.remote.RemoteWebElement.execute(RemoteWebElement.java:224)
at org.openqa.selenium.remote.RemoteWebElement.click(RemoteWebElement.java:77)
at sprint_2_Negative.aSprint_2_LoginLogout_Demo_FMS.a13_addingTenureAmountDetailsWithoutGivingAnyDetailsErrorTest(aSprint_2_LoginLogout_Demo_FMS.java:751)
at java.base/jdk.internal.reflect.DirectMethodHandleAccessor.invoke(DirectMethodHandleAccessor.java:104)
at java.base/java.lang.reflect.Method.invoke(Method.java:577)
at org.testng.internal.invokers.MethodInvocationHelper.invokeMethod(MethodInvocationHelper.java:139)
at org.testng.internal.invokers.TestInvoker.invokeMethod(TestInvoker.java:677)
at org.testng.internal.invokers.TestInvoker.invokeTestMethod(TestInvoker.java:221)
at org.testng.internal.invokers.MethodRunner.runInSequence(MethodRunner.java:50)
at org.testng.internal.invokers.TestInvoker$MethodInvocationAgent.invoke(TestInvoker.java:962)
at org.testng.internal.invokers.TestInvoker.invokeTestMethods(TestInvoker.java:194)
at org.testng.internal.invokers.TestMethodWorker.invokeTestMethods(TestMethodWorker.java:148)
at org.testng.internal.invokers.TestMethodWorker.run(TestMethodWorker.java:128)
at java.base/java.util.ArrayList.forEach(ArrayList.java:1511)
at org.testng.TestRunner.privateRun(TestRunner.java:806)
at org.testng.TestRunner.run(TestRunner.java:601)
at org.testng.SuiteRunner.runTest(SuiteRunner.java:433)
at org.testng.SuiteRunner$SuiteWorker.run(SuiteRunner.java:471)
at org.testng.internal.thread.ThreadUtil.lambda$execute$0(ThreadUtil.java:58)
at java.base/java.util.concurrent.FutureTask.run(FutureTask.java:264)
at java.base/java.util.concurrent.ThreadPoolExecutor.runWorker(ThreadPoolExecutor.java:1136)
at java.base/java.util.concurrent.ThreadPoolExecutor$Worker.run(ThreadPoolExecutor.java:635)
at java.base/java.lang.Thread.run(Thread.java:833)
]]>
            </full-stacktrace>
          </exception> <!-- org.openqa.selenium.ElementClickInterceptedException -->
          <reporter-output>
          </reporter-output>
        </test-method> <!-- a13_addingTenureAmountDetailsWithoutGivingAnyDetailsErrorTest -->
        <test-method signature="a14_addingTenureAmountDetailsByGivingAllPositiveDetailsPassTest()[pri:14, instance:sprint_2_Negative.aSprint_2_LoginLogout_Demo_FMS@4218d6a3]" started-at="2024-02-22T17:47:03 IST" name="a14_addingTenureAmountDetailsByGivingAllPositiveDetailsPassTest" finished-at="2024-02-22T17:47:37 IST" duration-ms="34215" status="FAIL">
          <exception class="org.openqa.selenium.ElementClickInterceptedException">
            <message>
              <![CDATA[element click intercepted: Element <button _ngcontent-mir-c36="" type="button" data-bs-toggle="modal" data-bs-target="#tenure" class="btn-sm btn-view">...</button> is not clickable at point (933, 370). Other element would receive the click: <div _ngcontent-mir-c36="" class="modal-body">...</div>
  (Session info: chrome=121.0.6167.185)
Build info: version: '4.14.1', revision: '03f8ede370'
System info: os.name: 'Windows 11', os.arch: 'amd64', os.version: '10.0', java.version: '18.0.1.1'
Driver info: org.openqa.selenium.chrome.ChromeDriver
Command: [81346a347f64c5eef00becdd781826ee, clickElement {id=21959E89E665BDADFF606DF3CCE8E55B_element_723}]
Capabilities {acceptInsecureCerts: false, browserName: chrome, browserVersion: 121.0.6167.185, chrome: {chromedriverVersion: 121.0.6167.184 (057a8ae7deb..., userDataDir: C:\WINDOWS\TEMP\scoped_dir2...}, fedcm:accounts: true, goog:chromeOptions: {debuggerAddress: localhost:53775}, networkConnectionEnabled: false, pageLoadStrategy: normal, platformName: windows, proxy: Proxy(), se:cdp: ws://localhost:53775/devtoo..., se:cdpVersion: 121.0.6167.185, setWindowRect: true, strictFileInteractability: false, timeouts: {implicit: 0, pageLoad: 300000, script: 30000}, unhandledPromptBehavior: dismiss and notify, webauthn:extension:credBlob: true, webauthn:extension:largeBlob: true, webauthn:extension:minPinLength: true, webauthn:extension:prf: true, webauthn:virtualAuthenticators: true}
Element: [[ChromeDriver: chrome on windows (81346a347f64c5eef00becdd781826ee)] -> xpath: (//h4[.='Schemes List']/ancestor::div[@class='card-header']//td[.='Scheme8861216']/following-sibling::td/button[.=' Info '])[1]]
Session ID: 81346a347f64c5eef00becdd781826ee]]>
            </message>
            <full-stacktrace>
              <![CDATA[org.openqa.selenium.ElementClickInterceptedException: element click intercepted: Element <button _ngcontent-mir-c36="" type="button" data-bs-toggle="modal" data-bs-target="#tenure" class="btn-sm btn-view">...</button> is not clickable at point (933, 370). Other element would receive the click: <div _ngcontent-mir-c36="" class="modal-body">...</div>
  (Session info: chrome=121.0.6167.185)
Build info: version: '4.14.1', revision: '03f8ede370'
System info: os.name: 'Windows 11', os.arch: 'amd64', os.version: '10.0', java.version: '18.0.1.1'
Driver info: org.openqa.selenium.chrome.ChromeDriver
Command: [81346a347f64c5eef00becdd781826ee, clickElement {id=21959E89E665BDADFF606DF3CCE8E55B_element_723}]
Capabilities {acceptInsecureCerts: false, browserName: chrome, browserVersion: 121.0.6167.185, chrome: {chromedriverVersion: 121.0.6167.184 (057a8ae7deb..., userDataDir: C:\WINDOWS\TEMP\scoped_dir2...}, fedcm:accounts: true, goog:chromeOptions: {debuggerAddress: localhost:53775}, networkConnectionEnabled: false, pageLoadStrategy: normal, platformName: windows, proxy: Proxy(), se:cdp: ws://localhost:53775/devtoo..., se:cdpVersion: 121.0.6167.185, setWindowRect: true, strictFileInteractability: false, timeouts: {implicit: 0, pageLoad: 300000, script: 30000}, unhandledPromptBehavior: dismiss and notify, webauthn:extension:credBlob: true, webauthn:extension:largeBlob: true, webauthn:extension:minPinLength: true, webauthn:extension:prf: true, webauthn:virtualAuthenticators: true}
Element: [[ChromeDriver: chrome on windows (81346a347f64c5eef00becdd781826ee)] -> xpath: (//h4[.='Schemes List']/ancestor::div[@class='card-header']//td[.='Scheme8861216']/following-sibling::td/button[.=' Info '])[1]]
Session ID: 81346a347f64c5eef00becdd781826ee
at java.base/jdk.internal.reflect.DirectConstructorHandleAccessor.newInstance(DirectConstructorHandleAccessor.java:67)
at java.base/java.lang.reflect.Constructor.newInstanceWithCaller(Constructor.java:499)
at java.base/java.lang.reflect.Constructor.newInstance(Constructor.java:483)
at org.openqa.selenium.remote.codec.w3c.W3CHttpResponseCodec.createException(W3CHttpResponseCodec.java:200)
at org.openqa.selenium.remote.codec.w3c.W3CHttpResponseCodec.decode(W3CHttpResponseCodec.java:133)
at org.openqa.selenium.remote.codec.w3c.W3CHttpResponseCodec.decode(W3CHttpResponseCodec.java:52)
at org.openqa.selenium.remote.HttpCommandExecutor.execute(HttpCommandExecutor.java:191)
at org.openqa.selenium.remote.service.DriverCommandExecutor.invokeExecute(DriverCommandExecutor.java:200)
at org.openqa.selenium.remote.service.DriverCommandExecutor.execute(DriverCommandExecutor.java:175)
at org.openqa.selenium.remote.RemoteWebDriver.execute(RemoteWebDriver.java:602)
at org.openqa.selenium.remote.RemoteWebElement.execute(RemoteWebElement.java:224)
at org.openqa.selenium.remote.RemoteWebElement.click(RemoteWebElement.java:77)
at sprint_2_Negative.aSprint_2_LoginLogout_Demo_FMS.a14_addingTenureAmountDetailsByGivingAllPositiveDetailsPassTest(aSprint_2_LoginLogout_Demo_FMS.java:857)
at java.base/jdk.internal.reflect.DirectMethodHandleAccessor.invoke(DirectMethodHandleAccessor.java:104)
at java.base/java.lang.reflect.Method.invoke(Method.java:577)
at org.testng.internal.invokers.MethodInvocationHelper.invokeMethod(MethodInvocationHelper.java:139)
at org.testng.internal.invokers.TestInvoker.invokeMethod(TestInvoker.java:677)
at org.testng.internal.invokers.TestInvoker.invokeTestMethod(TestInvoker.java:221)
at org.testng.internal.invokers.MethodRunner.runInSequence(MethodRunner.java:50)
at org.testng.internal.invokers.TestInvoker$MethodInvocationAgent.invoke(TestInvoker.java:962)
at org.testng.internal.invokers.TestInvoker.invokeTestMethods(TestInvoker.java:194)
at org.testng.internal.invokers.TestMethodWorker.invokeTestMethods(TestMethodWorker.java:148)
at org.testng.internal.invokers.TestMethodWorker.run(TestMethodWorker.java:128)
at java.base/java.util.ArrayList.forEach(ArrayList.java:1511)
at org.testng.TestRunner.privateRun(TestRunner.java:806)
at org.testng.TestRunner.run(TestRunner.java:601)
at org.testng.SuiteRunner.runTest(SuiteRunner.java:433)
at org.testng.SuiteRunner$SuiteWorker.run(SuiteRunner.java:471)
at org.testng.internal.thread.ThreadUtil.lambda$execute$0(ThreadUtil.java:58)
at java.base/java.util.concurrent.FutureTask.run(FutureTask.java:264)
at java.base/java.util.concurrent.ThreadPoolExecutor.runWorker(ThreadPoolExecutor.java:1136)
at java.base/java.util.concurrent.ThreadPoolExecutor$Worker.run(ThreadPoolExecutor.java:635)
at java.base/java.lang.Thread.run(Thread.java:833)
]]>
            </full-stacktrace>
          </exception> <!-- org.openqa.selenium.ElementClickInterceptedException -->
          <reporter-output>
          </reporter-output>
        </test-method> <!-- a14_addingTenureAmountDetailsByGivingAllPositiveDetailsPassTest -->
        <test-method signature="a15_actionInfoSchemeContentAddingByGivingValidDataPassTest()[pri:15, instance:sprint_2_Negative.aSprint_2_LoginLogout_Demo_FMS@4218d6a3]" started-at="2024-02-22T17:47:37 IST" name="a15_actionInfoSchemeContentAddingByGivingValidDataPassTest" finished-at="2024-02-22T17:48:21 IST" duration-ms="43868" status="FAIL">
          <exception class="org.openqa.selenium.ElementClickInterceptedException">
            <message>
              <![CDATA[element click intercepted: Element <button _ngcontent-jbj-c36="" type="button" data-bs-toggle="modal" data-bs-target="#tenure" class="btn-sm btn-view">...</button> is not clickable at point (933, 370). Other element would receive the click: <div _ngcontent-jbj-c36="" class="modal-body">...</div>
  (Session info: chrome=121.0.6167.185)
Build info: version: '4.14.1', revision: '03f8ede370'
System info: os.name: 'Windows 11', os.arch: 'amd64', os.version: '10.0', java.version: '18.0.1.1'
Driver info: org.openqa.selenium.chrome.ChromeDriver
Command: [1a5e15632e5b63094fb23d64ba58697c, clickElement {id=B1488EF2DF3BC51200970CE9785D8AAC_element_724}]
Capabilities {acceptInsecureCerts: false, browserName: chrome, browserVersion: 121.0.6167.185, chrome: {chromedriverVersion: 121.0.6167.184 (057a8ae7deb..., userDataDir: C:\WINDOWS\TEMP\scoped_dir3...}, fedcm:accounts: true, goog:chromeOptions: {debuggerAddress: localhost:53831}, networkConnectionEnabled: false, pageLoadStrategy: normal, platformName: windows, proxy: Proxy(), se:cdp: ws://localhost:53831/devtoo..., se:cdpVersion: 121.0.6167.185, setWindowRect: true, strictFileInteractability: false, timeouts: {implicit: 0, pageLoad: 300000, script: 30000}, unhandledPromptBehavior: dismiss and notify, webauthn:extension:credBlob: true, webauthn:extension:largeBlob: true, webauthn:extension:minPinLength: true, webauthn:extension:prf: true, webauthn:virtualAuthenticators: true}
Element: [[ChromeDriver: chrome on windows (1a5e15632e5b63094fb23d64ba58697c)] -> xpath: (//h4[.='Schemes List']/ancestor::div[@class='card-header']//td[.='Scheme8861216']/following-sibling::td/button[.=' Info '])[1]]
Session ID: 1a5e15632e5b63094fb23d64ba58697c]]>
            </message>
            <full-stacktrace>
              <![CDATA[org.openqa.selenium.ElementClickInterceptedException: element click intercepted: Element <button _ngcontent-jbj-c36="" type="button" data-bs-toggle="modal" data-bs-target="#tenure" class="btn-sm btn-view">...</button> is not clickable at point (933, 370). Other element would receive the click: <div _ngcontent-jbj-c36="" class="modal-body">...</div>
  (Session info: chrome=121.0.6167.185)
Build info: version: '4.14.1', revision: '03f8ede370'
System info: os.name: 'Windows 11', os.arch: 'amd64', os.version: '10.0', java.version: '18.0.1.1'
Driver info: org.openqa.selenium.chrome.ChromeDriver
Command: [1a5e15632e5b63094fb23d64ba58697c, clickElement {id=B1488EF2DF3BC51200970CE9785D8AAC_element_724}]
Capabilities {acceptInsecureCerts: false, browserName: chrome, browserVersion: 121.0.6167.185, chrome: {chromedriverVersion: 121.0.6167.184 (057a8ae7deb..., userDataDir: C:\WINDOWS\TEMP\scoped_dir3...}, fedcm:accounts: true, goog:chromeOptions: {debuggerAddress: localhost:53831}, networkConnectionEnabled: false, pageLoadStrategy: normal, platformName: windows, proxy: Proxy(), se:cdp: ws://localhost:53831/devtoo..., se:cdpVersion: 121.0.6167.185, setWindowRect: true, strictFileInteractability: false, timeouts: {implicit: 0, pageLoad: 300000, script: 30000}, unhandledPromptBehavior: dismiss and notify, webauthn:extension:credBlob: true, webauthn:extension:largeBlob: true, webauthn:extension:minPinLength: true, webauthn:extension:prf: true, webauthn:virtualAuthenticators: true}
Element: [[ChromeDriver: chrome on windows (1a5e15632e5b63094fb23d64ba58697c)] -> xpath: (//h4[.='Schemes List']/ancestor::div[@class='card-header']//td[.='Scheme8861216']/following-sibling::td/button[.=' Info '])[1]]
Session ID: 1a5e15632e5b63094fb23d64ba58697c
at java.base/jdk.internal.reflect.DirectConstructorHandleAccessor.newInstance(DirectConstructorHandleAccessor.java:67)
at java.base/java.lang.reflect.Constructor.newInstanceWithCaller(Constructor.java:499)
at java.base/java.lang.reflect.Constructor.newInstance(Constructor.java:483)
at org.openqa.selenium.remote.codec.w3c.W3CHttpResponseCodec.createException(W3CHttpResponseCodec.java:200)
at org.openqa.selenium.remote.codec.w3c.W3CHttpResponseCodec.decode(W3CHttpResponseCodec.java:133)
at org.openqa.selenium.remote.codec.w3c.W3CHttpResponseCodec.decode(W3CHttpResponseCodec.java:52)
at org.openqa.selenium.remote.HttpCommandExecutor.execute(HttpCommandExecutor.java:191)
at org.openqa.selenium.remote.service.DriverCommandExecutor.invokeExecute(DriverCommandExecutor.java:200)
at org.openqa.selenium.remote.service.DriverCommandExecutor.execute(DriverCommandExecutor.java:175)
at org.openqa.selenium.remote.RemoteWebDriver.execute(RemoteWebDriver.java:602)
at org.openqa.selenium.remote.RemoteWebElement.execute(RemoteWebElement.java:224)
at org.openqa.selenium.remote.RemoteWebElement.click(RemoteWebElement.java:77)
at sprint_2_Negative.aSprint_2_LoginLogout_Demo_FMS.a15_actionInfoSchemeContentAddingByGivingValidDataPassTest(aSprint_2_LoginLogout_Demo_FMS.java:972)
at java.base/jdk.internal.reflect.DirectMethodHandleAccessor.invoke(DirectMethodHandleAccessor.java:104)
at java.base/java.lang.reflect.Method.invoke(Method.java:577)
at org.testng.internal.invokers.MethodInvocationHelper.invokeMethod(MethodInvocationHelper.java:139)
at org.testng.internal.invokers.TestInvoker.invokeMethod(TestInvoker.java:677)
at org.testng.internal.invokers.TestInvoker.invokeTestMethod(TestInvoker.java:221)
at org.testng.internal.invokers.MethodRunner.runInSequence(MethodRunner.java:50)
at org.testng.internal.invokers.TestInvoker$MethodInvocationAgent.invoke(TestInvoker.java:962)
at org.testng.internal.invokers.TestInvoker.invokeTestMethods(TestInvoker.java:194)
at org.testng.internal.invokers.TestMethodWorker.invokeTestMethods(TestMethodWorker.java:148)
at org.testng.internal.invokers.TestMethodWorker.run(TestMethodWorker.java:128)
at java.base/java.util.ArrayList.forEach(ArrayList.java:1511)
at org.testng.TestRunner.privateRun(TestRunner.java:806)
at org.testng.TestRunner.run(TestRunner.java:601)
at org.testng.SuiteRunner.runTest(SuiteRunner.java:433)
at org.testng.SuiteRunner$SuiteWorker.run(SuiteRunner.java:471)
at org.testng.internal.thread.ThreadUtil.lambda$execute$0(ThreadUtil.java:58)
at java.base/java.util.concurrent.FutureTask.run(FutureTask.java:264)
at java.base/java.util.concurrent.ThreadPoolExecutor.runWorker(ThreadPoolExecutor.java:1136)
at java.base/java.util.concurrent.ThreadPoolExecutor$Worker.run(ThreadPoolExecutor.java:635)
at java.base/java.lang.Thread.run(Thread.java:833)
]]>
            </full-stacktrace>
          </exception> <!-- org.openqa.selenium.ElementClickInterceptedException -->
          <reporter-output>
          </reporter-output>
        </test-method> <!-- a15_actionInfoSchemeContentAddingByGivingValidDataPassTest -->
        <test-method signature="a16_actionInfoSchemeContentAddingWithoutGivingDataErrorTest()[pri:16, instance:sprint_2_Negative.aSprint_2_LoginLogout_Demo_FMS@4218d6a3]" started-at="2024-02-22T17:48:21 IST" name="a16_actionInfoSchemeContentAddingWithoutGivingDataErrorTest" finished-at="2024-02-22T17:48:56 IST" duration-ms="35078" status="FAIL">
          <exception class="org.openqa.selenium.ElementClickInterceptedException">
            <message>
              <![CDATA[element click intercepted: Element <button _ngcontent-yvq-c36="" type="button" data-bs-toggle="modal" data-bs-target="#tenure" class="btn-sm btn-view">...</button> is not clickable at point (933, 370). Other element would receive the click: <div _ngcontent-yvq-c36="" class="modal-body">...</div>
  (Session info: chrome=121.0.6167.185)
Build info: version: '4.14.1', revision: '03f8ede370'
System info: os.name: 'Windows 11', os.arch: 'amd64', os.version: '10.0', java.version: '18.0.1.1'
Driver info: org.openqa.selenium.chrome.ChromeDriver
Command: [633325f276623f83ab2be61d582ba384, clickElement {id=556693B0EB8BDA898E5BBC86703DC50B_element_727}]
Capabilities {acceptInsecureCerts: false, browserName: chrome, browserVersion: 121.0.6167.185, chrome: {chromedriverVersion: 121.0.6167.184 (057a8ae7deb..., userDataDir: C:\WINDOWS\TEMP\scoped_dir1...}, fedcm:accounts: true, goog:chromeOptions: {debuggerAddress: localhost:53886}, networkConnectionEnabled: false, pageLoadStrategy: normal, platformName: windows, proxy: Proxy(), se:cdp: ws://localhost:53886/devtoo..., se:cdpVersion: 121.0.6167.185, setWindowRect: true, strictFileInteractability: false, timeouts: {implicit: 0, pageLoad: 300000, script: 30000}, unhandledPromptBehavior: dismiss and notify, webauthn:extension:credBlob: true, webauthn:extension:largeBlob: true, webauthn:extension:minPinLength: true, webauthn:extension:prf: true, webauthn:virtualAuthenticators: true}
Element: [[ChromeDriver: chrome on windows (633325f276623f83ab2be61d582ba384)] -> xpath: (//h4[.='Schemes List']/ancestor::div[@class='card-header']//td[.='Scheme8861216']/following-sibling::td/button[.=' Info '])[1]]
Session ID: 633325f276623f83ab2be61d582ba384]]>
            </message>
            <full-stacktrace>
              <![CDATA[org.openqa.selenium.ElementClickInterceptedException: element click intercepted: Element <button _ngcontent-yvq-c36="" type="button" data-bs-toggle="modal" data-bs-target="#tenure" class="btn-sm btn-view">...</button> is not clickable at point (933, 370). Other element would receive the click: <div _ngcontent-yvq-c36="" class="modal-body">...</div>
  (Session info: chrome=121.0.6167.185)
Build info: version: '4.14.1', revision: '03f8ede370'
System info: os.name: 'Windows 11', os.arch: 'amd64', os.version: '10.0', java.version: '18.0.1.1'
Driver info: org.openqa.selenium.chrome.ChromeDriver
Command: [633325f276623f83ab2be61d582ba384, clickElement {id=556693B0EB8BDA898E5BBC86703DC50B_element_727}]
Capabilities {acceptInsecureCerts: false, browserName: chrome, browserVersion: 121.0.6167.185, chrome: {chromedriverVersion: 121.0.6167.184 (057a8ae7deb..., userDataDir: C:\WINDOWS\TEMP\scoped_dir1...}, fedcm:accounts: true, goog:chromeOptions: {debuggerAddress: localhost:53886}, networkConnectionEnabled: false, pageLoadStrategy: normal, platformName: windows, proxy: Proxy(), se:cdp: ws://localhost:53886/devtoo..., se:cdpVersion: 121.0.6167.185, setWindowRect: true, strictFileInteractability: false, timeouts: {implicit: 0, pageLoad: 300000, script: 30000}, unhandledPromptBehavior: dismiss and notify, webauthn:extension:credBlob: true, webauthn:extension:largeBlob: true, webauthn:extension:minPinLength: true, webauthn:extension:prf: true, webauthn:virtualAuthenticators: true}
Element: [[ChromeDriver: chrome on windows (633325f276623f83ab2be61d582ba384)] -> xpath: (//h4[.='Schemes List']/ancestor::div[@class='card-header']//td[.='Scheme8861216']/following-sibling::td/button[.=' Info '])[1]]
Session ID: 633325f276623f83ab2be61d582ba384
at java.base/jdk.internal.reflect.DirectConstructorHandleAccessor.newInstance(DirectConstructorHandleAccessor.java:67)
at java.base/java.lang.reflect.Constructor.newInstanceWithCaller(Constructor.java:499)
at java.base/java.lang.reflect.Constructor.newInstance(Constructor.java:483)
at org.openqa.selenium.remote.codec.w3c.W3CHttpResponseCodec.createException(W3CHttpResponseCodec.java:200)
at org.openqa.selenium.remote.codec.w3c.W3CHttpResponseCodec.decode(W3CHttpResponseCodec.java:133)
at org.openqa.selenium.remote.codec.w3c.W3CHttpResponseCodec.decode(W3CHttpResponseCodec.java:52)
at org.openqa.selenium.remote.HttpCommandExecutor.execute(HttpCommandExecutor.java:191)
at org.openqa.selenium.remote.service.DriverCommandExecutor.invokeExecute(DriverCommandExecutor.java:200)
at org.openqa.selenium.remote.service.DriverCommandExecutor.execute(DriverCommandExecutor.java:175)
at org.openqa.selenium.remote.RemoteWebDriver.execute(RemoteWebDriver.java:602)
at org.openqa.selenium.remote.RemoteWebElement.execute(RemoteWebElement.java:224)
at org.openqa.selenium.remote.RemoteWebElement.click(RemoteWebElement.java:77)
at sprint_2_Negative.aSprint_2_LoginLogout_Demo_FMS.a16_actionInfoSchemeContentAddingWithoutGivingDataErrorTest(aSprint_2_LoginLogout_Demo_FMS.java:1102)
at java.base/jdk.internal.reflect.DirectMethodHandleAccessor.invoke(DirectMethodHandleAccessor.java:104)
at java.base/java.lang.reflect.Method.invoke(Method.java:577)
at org.testng.internal.invokers.MethodInvocationHelper.invokeMethod(MethodInvocationHelper.java:139)
at org.testng.internal.invokers.TestInvoker.invokeMethod(TestInvoker.java:677)
at org.testng.internal.invokers.TestInvoker.invokeTestMethod(TestInvoker.java:221)
at org.testng.internal.invokers.MethodRunner.runInSequence(MethodRunner.java:50)
at org.testng.internal.invokers.TestInvoker$MethodInvocationAgent.invoke(TestInvoker.java:962)
at org.testng.internal.invokers.TestInvoker.invokeTestMethods(TestInvoker.java:194)
at org.testng.internal.invokers.TestMethodWorker.invokeTestMethods(TestMethodWorker.java:148)
at org.testng.internal.invokers.TestMethodWorker.run(TestMethodWorker.java:128)
at java.base/java.util.ArrayList.forEach(ArrayList.java:1511)
at org.testng.TestRunner.privateRun(TestRunner.java:806)
at org.testng.TestRunner.run(TestRunner.java:601)
at org.testng.SuiteRunner.runTest(SuiteRunner.java:433)
at org.testng.SuiteRunner$SuiteWorker.run(SuiteRunner.java:471)
at org.testng.internal.thread.ThreadUtil.lambda$execute$0(ThreadUtil.java:58)
at java.base/java.util.concurrent.FutureTask.run(FutureTask.java:264)
at java.base/java.util.concurrent.ThreadPoolExecutor.runWorker(ThreadPoolExecutor.java:1136)
at java.base/java.util.concurrent.ThreadPoolExecutor$Worker.run(ThreadPoolExecutor.java:635)
at java.base/java.lang.Thread.run(Thread.java:833)
]]>
            </full-stacktrace>
          </exception> <!-- org.openqa.selenium.ElementClickInterceptedException -->
          <reporter-output>
          </reporter-output>
        </test-method> <!-- a16_actionInfoSchemeContentAddingWithoutGivingDataErrorTest -->
        <test-method signature="a17_actionInfoSchemeTermsAndConditionsAddingWithoutGivingDataErrorTest()[pri:17, instance:sprint_2_Negative.aSprint_2_LoginLogout_Demo_FMS@4218d6a3]" started-at="2024-02-22T17:48:56 IST" name="a17_actionInfoSchemeTermsAndConditionsAddingWithoutGivingDataErrorTest" finished-at="2024-02-22T17:49:33 IST" duration-ms="36659" status="FAIL">
          <exception class="org.openqa.selenium.ElementClickInterceptedException">
            <message>
              <![CDATA[element click intercepted: Element <button _ngcontent-pev-c36="" type="button" data-bs-toggle="modal" data-bs-target="#tenure" class="btn-sm btn-view">...</button> is not clickable at point (933, 370). Other element would receive the click: <div _ngcontent-pev-c36="" class="modal-body">...</div>
  (Session info: chrome=121.0.6167.185)
Build info: version: '4.14.1', revision: '03f8ede370'
System info: os.name: 'Windows 11', os.arch: 'amd64', os.version: '10.0', java.version: '18.0.1.1'
Driver info: org.openqa.selenium.chrome.ChromeDriver
Command: [51147fb666ef84c05062f0e6c06cac4a, clickElement {id=BAE14D3E216AB9F0F2E85CC03511CB46_element_726}]
Capabilities {acceptInsecureCerts: false, browserName: chrome, browserVersion: 121.0.6167.185, chrome: {chromedriverVersion: 121.0.6167.184 (057a8ae7deb..., userDataDir: C:\WINDOWS\TEMP\scoped_dir1...}, fedcm:accounts: true, goog:chromeOptions: {debuggerAddress: localhost:53945}, networkConnectionEnabled: false, pageLoadStrategy: normal, platformName: windows, proxy: Proxy(), se:cdp: ws://localhost:53945/devtoo..., se:cdpVersion: 121.0.6167.185, setWindowRect: true, strictFileInteractability: false, timeouts: {implicit: 0, pageLoad: 300000, script: 30000}, unhandledPromptBehavior: dismiss and notify, webauthn:extension:credBlob: true, webauthn:extension:largeBlob: true, webauthn:extension:minPinLength: true, webauthn:extension:prf: true, webauthn:virtualAuthenticators: true}
Element: [[ChromeDriver: chrome on windows (51147fb666ef84c05062f0e6c06cac4a)] -> xpath: (//h4[.='Schemes List']/ancestor::div[@class='card-header']//td[.='Scheme8861216']/following-sibling::td/button[.=' Info '])[1]]
Session ID: 51147fb666ef84c05062f0e6c06cac4a]]>
            </message>
            <full-stacktrace>
              <![CDATA[org.openqa.selenium.ElementClickInterceptedException: element click intercepted: Element <button _ngcontent-pev-c36="" type="button" data-bs-toggle="modal" data-bs-target="#tenure" class="btn-sm btn-view">...</button> is not clickable at point (933, 370). Other element would receive the click: <div _ngcontent-pev-c36="" class="modal-body">...</div>
  (Session info: chrome=121.0.6167.185)
Build info: version: '4.14.1', revision: '03f8ede370'
System info: os.name: 'Windows 11', os.arch: 'amd64', os.version: '10.0', java.version: '18.0.1.1'
Driver info: org.openqa.selenium.chrome.ChromeDriver
Command: [51147fb666ef84c05062f0e6c06cac4a, clickElement {id=BAE14D3E216AB9F0F2E85CC03511CB46_element_726}]
Capabilities {acceptInsecureCerts: false, browserName: chrome, browserVersion: 121.0.6167.185, chrome: {chromedriverVersion: 121.0.6167.184 (057a8ae7deb..., userDataDir: C:\WINDOWS\TEMP\scoped_dir1...}, fedcm:accounts: true, goog:chromeOptions: {debuggerAddress: localhost:53945}, networkConnectionEnabled: false, pageLoadStrategy: normal, platformName: windows, proxy: Proxy(), se:cdp: ws://localhost:53945/devtoo..., se:cdpVersion: 121.0.6167.185, setWindowRect: true, strictFileInteractability: false, timeouts: {implicit: 0, pageLoad: 300000, script: 30000}, unhandledPromptBehavior: dismiss and notify, webauthn:extension:credBlob: true, webauthn:extension:largeBlob: true, webauthn:extension:minPinLength: true, webauthn:extension:prf: true, webauthn:virtualAuthenticators: true}
Element: [[ChromeDriver: chrome on windows (51147fb666ef84c05062f0e6c06cac4a)] -> xpath: (//h4[.='Schemes List']/ancestor::div[@class='card-header']//td[.='Scheme8861216']/following-sibling::td/button[.=' Info '])[1]]
Session ID: 51147fb666ef84c05062f0e6c06cac4a
at java.base/jdk.internal.reflect.DirectConstructorHandleAccessor.newInstance(DirectConstructorHandleAccessor.java:67)
at java.base/java.lang.reflect.Constructor.newInstanceWithCaller(Constructor.java:499)
at java.base/java.lang.reflect.Constructor.newInstance(Constructor.java:483)
at org.openqa.selenium.remote.codec.w3c.W3CHttpResponseCodec.createException(W3CHttpResponseCodec.java:200)
at org.openqa.selenium.remote.codec.w3c.W3CHttpResponseCodec.decode(W3CHttpResponseCodec.java:133)
at org.openqa.selenium.remote.codec.w3c.W3CHttpResponseCodec.decode(W3CHttpResponseCodec.java:52)
at org.openqa.selenium.remote.HttpCommandExecutor.execute(HttpCommandExecutor.java:191)
at org.openqa.selenium.remote.service.DriverCommandExecutor.invokeExecute(DriverCommandExecutor.java:200)
at org.openqa.selenium.remote.service.DriverCommandExecutor.execute(DriverCommandExecutor.java:175)
at org.openqa.selenium.remote.RemoteWebDriver.execute(RemoteWebDriver.java:602)
at org.openqa.selenium.remote.RemoteWebElement.execute(RemoteWebElement.java:224)
at org.openqa.selenium.remote.RemoteWebElement.click(RemoteWebElement.java:77)
at sprint_2_Negative.aSprint_2_LoginLogout_Demo_FMS.a17_actionInfoSchemeTermsAndConditionsAddingWithoutGivingDataErrorTest(aSprint_2_LoginLogout_Demo_FMS.java:1226)
at java.base/jdk.internal.reflect.DirectMethodHandleAccessor.invoke(DirectMethodHandleAccessor.java:104)
at java.base/java.lang.reflect.Method.invoke(Method.java:577)
at org.testng.internal.invokers.MethodInvocationHelper.invokeMethod(MethodInvocationHelper.java:139)
at org.testng.internal.invokers.TestInvoker.invokeMethod(TestInvoker.java:677)
at org.testng.internal.invokers.TestInvoker.invokeTestMethod(TestInvoker.java:221)
at org.testng.internal.invokers.MethodRunner.runInSequence(MethodRunner.java:50)
at org.testng.internal.invokers.TestInvoker$MethodInvocationAgent.invoke(TestInvoker.java:962)
at org.testng.internal.invokers.TestInvoker.invokeTestMethods(TestInvoker.java:194)
at org.testng.internal.invokers.TestMethodWorker.invokeTestMethods(TestMethodWorker.java:148)
at org.testng.internal.invokers.TestMethodWorker.run(TestMethodWorker.java:128)
at java.base/java.util.ArrayList.forEach(ArrayList.java:1511)
at org.testng.TestRunner.privateRun(TestRunner.java:806)
at org.testng.TestRunner.run(TestRunner.java:601)
at org.testng.SuiteRunner.runTest(SuiteRunner.java:433)
at org.testng.SuiteRunner$SuiteWorker.run(SuiteRunner.java:471)
at org.testng.internal.thread.ThreadUtil.lambda$execute$0(ThreadUtil.java:58)
at java.base/java.util.concurrent.FutureTask.run(FutureTask.java:264)
at java.base/java.util.concurrent.ThreadPoolExecutor.runWorker(ThreadPoolExecutor.java:1136)
at java.base/java.util.concurrent.ThreadPoolExecutor$Worker.run(ThreadPoolExecutor.java:635)
at java.base/java.lang.Thread.run(Thread.java:833)
]]>
            </full-stacktrace>
          </exception> <!-- org.openqa.selenium.ElementClickInterceptedException -->
          <reporter-output>
          </reporter-output>
        </test-method> <!-- a17_actionInfoSchemeTermsAndConditionsAddingWithoutGivingDataErrorTest -->
        <test-method signature="a18_actionInfoSchemeTermsAndConditionsAddingByGivingValidDataPassTest()[pri:18, instance:sprint_2_Negative.aSprint_2_LoginLogout_Demo_FMS@4218d6a3]" started-at="2024-02-22T17:49:33 IST" name="a18_actionInfoSchemeTermsAndConditionsAddingByGivingValidDataPassTest" finished-at="2024-02-22T17:50:08 IST" duration-ms="35272" status="FAIL">
          <exception class="org.openqa.selenium.ElementClickInterceptedException">
            <message>
              <![CDATA[element click intercepted: Element <button _ngcontent-alf-c36="" type="button" data-bs-toggle="modal" data-bs-target="#tenure" class="btn-sm btn-view">...</button> is not clickable at point (933, 370). Other element would receive the click: <div _ngcontent-alf-c36="" class="modal-body">...</div>
  (Session info: chrome=121.0.6167.185)
Build info: version: '4.14.1', revision: '03f8ede370'
System info: os.name: 'Windows 11', os.arch: 'amd64', os.version: '10.0', java.version: '18.0.1.1'
Driver info: org.openqa.selenium.chrome.ChromeDriver
Command: [33a4133540bb78596f11289d02b1db0a, clickElement {id=BD739CFDB8C8346DBBA3CC906B6A71C8_element_723}]
Capabilities {acceptInsecureCerts: false, browserName: chrome, browserVersion: 121.0.6167.185, chrome: {chromedriverVersion: 121.0.6167.184 (057a8ae7deb..., userDataDir: C:\WINDOWS\TEMP\scoped_dir2...}, fedcm:accounts: true, goog:chromeOptions: {debuggerAddress: localhost:54003}, networkConnectionEnabled: false, pageLoadStrategy: normal, platformName: windows, proxy: Proxy(), se:cdp: ws://localhost:54003/devtoo..., se:cdpVersion: 121.0.6167.185, setWindowRect: true, strictFileInteractability: false, timeouts: {implicit: 0, pageLoad: 300000, script: 30000}, unhandledPromptBehavior: dismiss and notify, webauthn:extension:credBlob: true, webauthn:extension:largeBlob: true, webauthn:extension:minPinLength: true, webauthn:extension:prf: true, webauthn:virtualAuthenticators: true}
Element: [[ChromeDriver: chrome on windows (33a4133540bb78596f11289d02b1db0a)] -> xpath: (//h4[.='Schemes List']/ancestor::div[@class='card-header']//td[.='Scheme8861216']/following-sibling::td/button[.=' Info '])[1]]
Session ID: 33a4133540bb78596f11289d02b1db0a]]>
            </message>
            <full-stacktrace>
              <![CDATA[org.openqa.selenium.ElementClickInterceptedException: element click intercepted: Element <button _ngcontent-alf-c36="" type="button" data-bs-toggle="modal" data-bs-target="#tenure" class="btn-sm btn-view">...</button> is not clickable at point (933, 370). Other element would receive the click: <div _ngcontent-alf-c36="" class="modal-body">...</div>
  (Session info: chrome=121.0.6167.185)
Build info: version: '4.14.1', revision: '03f8ede370'
System info: os.name: 'Windows 11', os.arch: 'amd64', os.version: '10.0', java.version: '18.0.1.1'
Driver info: org.openqa.selenium.chrome.ChromeDriver
Command: [33a4133540bb78596f11289d02b1db0a, clickElement {id=BD739CFDB8C8346DBBA3CC906B6A71C8_element_723}]
Capabilities {acceptInsecureCerts: false, browserName: chrome, browserVersion: 121.0.6167.185, chrome: {chromedriverVersion: 121.0.6167.184 (057a8ae7deb..., userDataDir: C:\WINDOWS\TEMP\scoped_dir2...}, fedcm:accounts: true, goog:chromeOptions: {debuggerAddress: localhost:54003}, networkConnectionEnabled: false, pageLoadStrategy: normal, platformName: windows, proxy: Proxy(), se:cdp: ws://localhost:54003/devtoo..., se:cdpVersion: 121.0.6167.185, setWindowRect: true, strictFileInteractability: false, timeouts: {implicit: 0, pageLoad: 300000, script: 30000}, unhandledPromptBehavior: dismiss and notify, webauthn:extension:credBlob: true, webauthn:extension:largeBlob: true, webauthn:extension:minPinLength: true, webauthn:extension:prf: true, webauthn:virtualAuthenticators: true}
Element: [[ChromeDriver: chrome on windows (33a4133540bb78596f11289d02b1db0a)] -> xpath: (//h4[.='Schemes List']/ancestor::div[@class='card-header']//td[.='Scheme8861216']/following-sibling::td/button[.=' Info '])[1]]
Session ID: 33a4133540bb78596f11289d02b1db0a
at java.base/jdk.internal.reflect.DirectConstructorHandleAccessor.newInstance(DirectConstructorHandleAccessor.java:67)
at java.base/java.lang.reflect.Constructor.newInstanceWithCaller(Constructor.java:499)
at java.base/java.lang.reflect.Constructor.newInstance(Constructor.java:483)
at org.openqa.selenium.remote.codec.w3c.W3CHttpResponseCodec.createException(W3CHttpResponseCodec.java:200)
at org.openqa.selenium.remote.codec.w3c.W3CHttpResponseCodec.decode(W3CHttpResponseCodec.java:133)
at org.openqa.selenium.remote.codec.w3c.W3CHttpResponseCodec.decode(W3CHttpResponseCodec.java:52)
at org.openqa.selenium.remote.HttpCommandExecutor.execute(HttpCommandExecutor.java:191)
at org.openqa.selenium.remote.service.DriverCommandExecutor.invokeExecute(DriverCommandExecutor.java:200)
at org.openqa.selenium.remote.service.DriverCommandExecutor.execute(DriverCommandExecutor.java:175)
at org.openqa.selenium.remote.RemoteWebDriver.execute(RemoteWebDriver.java:602)
at org.openqa.selenium.remote.RemoteWebElement.execute(RemoteWebElement.java:224)
at org.openqa.selenium.remote.RemoteWebElement.click(RemoteWebElement.java:77)
at sprint_2_Negative.aSprint_2_LoginLogout_Demo_FMS.a18_actionInfoSchemeTermsAndConditionsAddingByGivingValidDataPassTest(aSprint_2_LoginLogout_Demo_FMS.java:1356)
at java.base/jdk.internal.reflect.DirectMethodHandleAccessor.invoke(DirectMethodHandleAccessor.java:104)
at java.base/java.lang.reflect.Method.invoke(Method.java:577)
at org.testng.internal.invokers.MethodInvocationHelper.invokeMethod(MethodInvocationHelper.java:139)
at org.testng.internal.invokers.TestInvoker.invokeMethod(TestInvoker.java:677)
at org.testng.internal.invokers.TestInvoker.invokeTestMethod(TestInvoker.java:221)
at org.testng.internal.invokers.MethodRunner.runInSequence(MethodRunner.java:50)
at org.testng.internal.invokers.TestInvoker$MethodInvocationAgent.invoke(TestInvoker.java:962)
at org.testng.internal.invokers.TestInvoker.invokeTestMethods(TestInvoker.java:194)
at org.testng.internal.invokers.TestMethodWorker.invokeTestMethods(TestMethodWorker.java:148)
at org.testng.internal.invokers.TestMethodWorker.run(TestMethodWorker.java:128)
at java.base/java.util.ArrayList.forEach(ArrayList.java:1511)
at org.testng.TestRunner.privateRun(TestRunner.java:806)
at org.testng.TestRunner.run(TestRunner.java:601)
at org.testng.SuiteRunner.runTest(SuiteRunner.java:433)
at org.testng.SuiteRunner$SuiteWorker.run(SuiteRunner.java:471)
at org.testng.internal.thread.ThreadUtil.lambda$execute$0(ThreadUtil.java:58)
at java.base/java.util.concurrent.FutureTask.run(FutureTask.java:264)
at java.base/java.util.concurrent.ThreadPoolExecutor.runWorker(ThreadPoolExecutor.java:1136)
at java.base/java.util.concurrent.ThreadPoolExecutor$Worker.run(ThreadPoolExecutor.java:635)
at java.base/java.lang.Thread.run(Thread.java:833)
]]>
            </full-stacktrace>
          </exception> <!-- org.openqa.selenium.ElementClickInterceptedException -->
          <reporter-output>
          </reporter-output>
        </test-method> <!-- a18_actionInfoSchemeTermsAndConditionsAddingByGivingValidDataPassTest -->
        <test-method signature="a19_actionInfoSchemeFeatureAddingByGivingValidDataPassTest()[pri:19, instance:sprint_2_Negative.aSprint_2_LoginLogout_Demo_FMS@4218d6a3]" started-at="2024-02-22T17:50:08 IST" name="a19_actionInfoSchemeFeatureAddingByGivingValidDataPassTest" finished-at="2024-02-22T17:50:44 IST" duration-ms="36129" status="FAIL">
          <exception class="org.openqa.selenium.ElementClickInterceptedException">
            <message>
              <![CDATA[element click intercepted: Element <button _ngcontent-ops-c36="" type="button" data-bs-toggle="modal" data-bs-target="#tenure" class="btn-sm btn-view">...</button> is not clickable at point (933, 370). Other element would receive the click: <div _ngcontent-ops-c36="" class="modal-body">...</div>
  (Session info: chrome=121.0.6167.185)
Build info: version: '4.14.1', revision: '03f8ede370'
System info: os.name: 'Windows 11', os.arch: 'amd64', os.version: '10.0', java.version: '18.0.1.1'
Driver info: org.openqa.selenium.chrome.ChromeDriver
Command: [85458e5cb77e399d30f842bae0bf5141, clickElement {id=9CC277CA1E33F7D09B6A3AC5CF284ECD_element_723}]
Capabilities {acceptInsecureCerts: false, browserName: chrome, browserVersion: 121.0.6167.185, chrome: {chromedriverVersion: 121.0.6167.184 (057a8ae7deb..., userDataDir: C:\WINDOWS\TEMP\scoped_dir1...}, fedcm:accounts: true, goog:chromeOptions: {debuggerAddress: localhost:54065}, networkConnectionEnabled: false, pageLoadStrategy: normal, platformName: windows, proxy: Proxy(), se:cdp: ws://localhost:54065/devtoo..., se:cdpVersion: 121.0.6167.185, setWindowRect: true, strictFileInteractability: false, timeouts: {implicit: 0, pageLoad: 300000, script: 30000}, unhandledPromptBehavior: dismiss and notify, webauthn:extension:credBlob: true, webauthn:extension:largeBlob: true, webauthn:extension:minPinLength: true, webauthn:extension:prf: true, webauthn:virtualAuthenticators: true}
Element: [[ChromeDriver: chrome on windows (85458e5cb77e399d30f842bae0bf5141)] -> xpath: (//h4[.='Schemes List']/ancestor::div[@class='card-header']//td[.='Scheme8861216']/following-sibling::td/button[.=' Info '])[1]]
Session ID: 85458e5cb77e399d30f842bae0bf5141]]>
            </message>
            <full-stacktrace>
              <![CDATA[org.openqa.selenium.ElementClickInterceptedException: element click intercepted: Element <button _ngcontent-ops-c36="" type="button" data-bs-toggle="modal" data-bs-target="#tenure" class="btn-sm btn-view">...</button> is not clickable at point (933, 370). Other element would receive the click: <div _ngcontent-ops-c36="" class="modal-body">...</div>
  (Session info: chrome=121.0.6167.185)
Build info: version: '4.14.1', revision: '03f8ede370'
System info: os.name: 'Windows 11', os.arch: 'amd64', os.version: '10.0', java.version: '18.0.1.1'
Driver info: org.openqa.selenium.chrome.ChromeDriver
Command: [85458e5cb77e399d30f842bae0bf5141, clickElement {id=9CC277CA1E33F7D09B6A3AC5CF284ECD_element_723}]
Capabilities {acceptInsecureCerts: false, browserName: chrome, browserVersion: 121.0.6167.185, chrome: {chromedriverVersion: 121.0.6167.184 (057a8ae7deb..., userDataDir: C:\WINDOWS\TEMP\scoped_dir1...}, fedcm:accounts: true, goog:chromeOptions: {debuggerAddress: localhost:54065}, networkConnectionEnabled: false, pageLoadStrategy: normal, platformName: windows, proxy: Proxy(), se:cdp: ws://localhost:54065/devtoo..., se:cdpVersion: 121.0.6167.185, setWindowRect: true, strictFileInteractability: false, timeouts: {implicit: 0, pageLoad: 300000, script: 30000}, unhandledPromptBehavior: dismiss and notify, webauthn:extension:credBlob: true, webauthn:extension:largeBlob: true, webauthn:extension:minPinLength: true, webauthn:extension:prf: true, webauthn:virtualAuthenticators: true}
Element: [[ChromeDriver: chrome on windows (85458e5cb77e399d30f842bae0bf5141)] -> xpath: (//h4[.='Schemes List']/ancestor::div[@class='card-header']//td[.='Scheme8861216']/following-sibling::td/button[.=' Info '])[1]]
Session ID: 85458e5cb77e399d30f842bae0bf5141
at java.base/jdk.internal.reflect.DirectConstructorHandleAccessor.newInstance(DirectConstructorHandleAccessor.java:67)
at java.base/java.lang.reflect.Constructor.newInstanceWithCaller(Constructor.java:499)
at java.base/java.lang.reflect.Constructor.newInstance(Constructor.java:483)
at org.openqa.selenium.remote.codec.w3c.W3CHttpResponseCodec.createException(W3CHttpResponseCodec.java:200)
at org.openqa.selenium.remote.codec.w3c.W3CHttpResponseCodec.decode(W3CHttpResponseCodec.java:133)
at org.openqa.selenium.remote.codec.w3c.W3CHttpResponseCodec.decode(W3CHttpResponseCodec.java:52)
at org.openqa.selenium.remote.HttpCommandExecutor.execute(HttpCommandExecutor.java:191)
at org.openqa.selenium.remote.service.DriverCommandExecutor.invokeExecute(DriverCommandExecutor.java:200)
at org.openqa.selenium.remote.service.DriverCommandExecutor.execute(DriverCommandExecutor.java:175)
at org.openqa.selenium.remote.RemoteWebDriver.execute(RemoteWebDriver.java:602)
at org.openqa.selenium.remote.RemoteWebElement.execute(RemoteWebElement.java:224)
at org.openqa.selenium.remote.RemoteWebElement.click(RemoteWebElement.java:77)
at sprint_2_Negative.aSprint_2_LoginLogout_Demo_FMS.a19_actionInfoSchemeFeatureAddingByGivingValidDataPassTest(aSprint_2_LoginLogout_Demo_FMS.java:1492)
at java.base/jdk.internal.reflect.DirectMethodHandleAccessor.invoke(DirectMethodHandleAccessor.java:104)
at java.base/java.lang.reflect.Method.invoke(Method.java:577)
at org.testng.internal.invokers.MethodInvocationHelper.invokeMethod(MethodInvocationHelper.java:139)
at org.testng.internal.invokers.TestInvoker.invokeMethod(TestInvoker.java:677)
at org.testng.internal.invokers.TestInvoker.invokeTestMethod(TestInvoker.java:221)
at org.testng.internal.invokers.MethodRunner.runInSequence(MethodRunner.java:50)
at org.testng.internal.invokers.TestInvoker$MethodInvocationAgent.invoke(TestInvoker.java:962)
at org.testng.internal.invokers.TestInvoker.invokeTestMethods(TestInvoker.java:194)
at org.testng.internal.invokers.TestMethodWorker.invokeTestMethods(TestMethodWorker.java:148)
at org.testng.internal.invokers.TestMethodWorker.run(TestMethodWorker.java:128)
at java.base/java.util.ArrayList.forEach(ArrayList.java:1511)
at org.testng.TestRunner.privateRun(TestRunner.java:806)
at org.testng.TestRunner.run(TestRunner.java:601)
at org.testng.SuiteRunner.runTest(SuiteRunner.java:433)
at org.testng.SuiteRunner$SuiteWorker.run(SuiteRunner.java:471)
at org.testng.internal.thread.ThreadUtil.lambda$execute$0(ThreadUtil.java:58)
at java.base/java.util.concurrent.FutureTask.run(FutureTask.java:264)
at java.base/java.util.concurrent.ThreadPoolExecutor.runWorker(ThreadPoolExecutor.java:1136)
at java.base/java.util.concurrent.ThreadPoolExecutor$Worker.run(ThreadPoolExecutor.java:635)
at java.base/java.lang.Thread.run(Thread.java:833)
]]>
            </full-stacktrace>
          </exception> <!-- org.openqa.selenium.ElementClickInterceptedException -->
          <reporter-output>
          </reporter-output>
        </test-method> <!-- a19_actionInfoSchemeFeatureAddingByGivingValidDataPassTest -->
        <test-method signature="a20_actionInfoSchemeFeatureAddingWithoutGivingDataPageStaticErrorTest()[pri:20, instance:sprint_2_Negative.aSprint_2_LoginLogout_Demo_FMS@4218d6a3]" started-at="2024-02-22T17:50:44 IST" name="a20_actionInfoSchemeFeatureAddingWithoutGivingDataPageStaticErrorTest" finished-at="2024-02-22T17:51:15 IST" duration-ms="30974" status="FAIL">
          <exception class="org.openqa.selenium.ElementClickInterceptedException">
            <message>
              <![CDATA[element click intercepted: Element <button _ngcontent-sla-c36="" type="button" data-bs-toggle="modal" data-bs-target="#tenure" class="btn-sm btn-view">...</button> is not clickable at point (933, 370). Other element would receive the click: <div _ngcontent-sla-c36="" class="modal-body">...</div>
  (Session info: chrome=121.0.6167.185)
Build info: version: '4.14.1', revision: '03f8ede370'
System info: os.name: 'Windows 11', os.arch: 'amd64', os.version: '10.0', java.version: '18.0.1.1'
Driver info: org.openqa.selenium.chrome.ChromeDriver
Command: [7ac379ac5e14063877b50947d19e6297, clickElement {id=72FE78A3B87D30E22BB5D8646236A20D_element_724}]
Capabilities {acceptInsecureCerts: false, browserName: chrome, browserVersion: 121.0.6167.185, chrome: {chromedriverVersion: 121.0.6167.184 (057a8ae7deb..., userDataDir: C:\WINDOWS\TEMP\scoped_dir3...}, fedcm:accounts: true, goog:chromeOptions: {debuggerAddress: localhost:54126}, networkConnectionEnabled: false, pageLoadStrategy: normal, platformName: windows, proxy: Proxy(), se:cdp: ws://localhost:54126/devtoo..., se:cdpVersion: 121.0.6167.185, setWindowRect: true, strictFileInteractability: false, timeouts: {implicit: 0, pageLoad: 300000, script: 30000}, unhandledPromptBehavior: dismiss and notify, webauthn:extension:credBlob: true, webauthn:extension:largeBlob: true, webauthn:extension:minPinLength: true, webauthn:extension:prf: true, webauthn:virtualAuthenticators: true}
Element: [[ChromeDriver: chrome on windows (7ac379ac5e14063877b50947d19e6297)] -> xpath: (//h4[.='Schemes List']/ancestor::div[@class='card-header']//td[.='Scheme8861216']/following-sibling::td/button[.=' Info '])[1]]
Session ID: 7ac379ac5e14063877b50947d19e6297]]>
            </message>
            <full-stacktrace>
              <![CDATA[org.openqa.selenium.ElementClickInterceptedException: element click intercepted: Element <button _ngcontent-sla-c36="" type="button" data-bs-toggle="modal" data-bs-target="#tenure" class="btn-sm btn-view">...</button> is not clickable at point (933, 370). Other element would receive the click: <div _ngcontent-sla-c36="" class="modal-body">...</div>
  (Session info: chrome=121.0.6167.185)
Build info: version: '4.14.1', revision: '03f8ede370'
System info: os.name: 'Windows 11', os.arch: 'amd64', os.version: '10.0', java.version: '18.0.1.1'
Driver info: org.openqa.selenium.chrome.ChromeDriver
Command: [7ac379ac5e14063877b50947d19e6297, clickElement {id=72FE78A3B87D30E22BB5D8646236A20D_element_724}]
Capabilities {acceptInsecureCerts: false, browserName: chrome, browserVersion: 121.0.6167.185, chrome: {chromedriverVersion: 121.0.6167.184 (057a8ae7deb..., userDataDir: C:\WINDOWS\TEMP\scoped_dir3...}, fedcm:accounts: true, goog:chromeOptions: {debuggerAddress: localhost:54126}, networkConnectionEnabled: false, pageLoadStrategy: normal, platformName: windows, proxy: Proxy(), se:cdp: ws://localhost:54126/devtoo..., se:cdpVersion: 121.0.6167.185, setWindowRect: true, strictFileInteractability: false, timeouts: {implicit: 0, pageLoad: 300000, script: 30000}, unhandledPromptBehavior: dismiss and notify, webauthn:extension:credBlob: true, webauthn:extension:largeBlob: true, webauthn:extension:minPinLength: true, webauthn:extension:prf: true, webauthn:virtualAuthenticators: true}
Element: [[ChromeDriver: chrome on windows (7ac379ac5e14063877b50947d19e6297)] -> xpath: (//h4[.='Schemes List']/ancestor::div[@class='card-header']//td[.='Scheme8861216']/following-sibling::td/button[.=' Info '])[1]]
Session ID: 7ac379ac5e14063877b50947d19e6297
at java.base/jdk.internal.reflect.DirectConstructorHandleAccessor.newInstance(DirectConstructorHandleAccessor.java:67)
at java.base/java.lang.reflect.Constructor.newInstanceWithCaller(Constructor.java:499)
at java.base/java.lang.reflect.Constructor.newInstance(Constructor.java:483)
at org.openqa.selenium.remote.codec.w3c.W3CHttpResponseCodec.createException(W3CHttpResponseCodec.java:200)
at org.openqa.selenium.remote.codec.w3c.W3CHttpResponseCodec.decode(W3CHttpResponseCodec.java:133)
at org.openqa.selenium.remote.codec.w3c.W3CHttpResponseCodec.decode(W3CHttpResponseCodec.java:52)
at org.openqa.selenium.remote.HttpCommandExecutor.execute(HttpCommandExecutor.java:191)
at org.openqa.selenium.remote.service.DriverCommandExecutor.invokeExecute(DriverCommandExecutor.java:200)
at org.openqa.selenium.remote.service.DriverCommandExecutor.execute(DriverCommandExecutor.java:175)
at org.openqa.selenium.remote.RemoteWebDriver.execute(RemoteWebDriver.java:602)
at org.openqa.selenium.remote.RemoteWebElement.execute(RemoteWebElement.java:224)
at org.openqa.selenium.remote.RemoteWebElement.click(RemoteWebElement.java:77)
at sprint_2_Negative.aSprint_2_LoginLogout_Demo_FMS.a20_actionInfoSchemeFeatureAddingWithoutGivingDataPageStaticErrorTest(aSprint_2_LoginLogout_Demo_FMS.java:1648)
at java.base/jdk.internal.reflect.DirectMethodHandleAccessor.invoke(DirectMethodHandleAccessor.java:104)
at java.base/java.lang.reflect.Method.invoke(Method.java:577)
at org.testng.internal.invokers.MethodInvocationHelper.invokeMethod(MethodInvocationHelper.java:139)
at org.testng.internal.invokers.TestInvoker.invokeMethod(TestInvoker.java:677)
at org.testng.internal.invokers.TestInvoker.invokeTestMethod(TestInvoker.java:221)
at org.testng.internal.invokers.MethodRunner.runInSequence(MethodRunner.java:50)
at org.testng.internal.invokers.TestInvoker$MethodInvocationAgent.invoke(TestInvoker.java:962)
at org.testng.internal.invokers.TestInvoker.invokeTestMethods(TestInvoker.java:194)
at org.testng.internal.invokers.TestMethodWorker.invokeTestMethods(TestMethodWorker.java:148)
at org.testng.internal.invokers.TestMethodWorker.run(TestMethodWorker.java:128)
at java.base/java.util.ArrayList.forEach(ArrayList.java:1511)
at org.testng.TestRunner.privateRun(TestRunner.java:806)
at org.testng.TestRunner.run(TestRunner.java:601)
at org.testng.SuiteRunner.runTest(SuiteRunner.java:433)
at org.testng.SuiteRunner$SuiteWorker.run(SuiteRunner.java:471)
at org.testng.internal.thread.ThreadUtil.lambda$execute$0(ThreadUtil.java:58)
at java.base/java.util.concurrent.FutureTask.run(FutureTask.java:264)
at java.base/java.util.concurrent.ThreadPoolExecutor.runWorker(ThreadPoolExecutor.java:1136)
at java.base/java.util.concurrent.ThreadPoolExecutor$Worker.run(ThreadPoolExecutor.java:635)
at java.base/java.lang.Thread.run(Thread.java:833)
]]>
            </full-stacktrace>
          </exception> <!-- org.openqa.selenium.ElementClickInterceptedException -->
          <reporter-output>
          </reporter-output>
        </test-method> <!-- a20_actionInfoSchemeFeatureAddingWithoutGivingDataPageStaticErrorTest -->
        <test-method signature="a21_actionInfoSchemeFaqAddingByGivingValidDataPassTest()[pri:21, instance:sprint_2_Negative.aSprint_2_LoginLogout_Demo_FMS@4218d6a3]" started-at="2024-02-22T17:51:15 IST" name="a21_actionInfoSchemeFaqAddingByGivingValidDataPassTest" finished-at="2024-02-22T17:51:51 IST" duration-ms="35679" status="FAIL">
          <exception class="org.openqa.selenium.ElementClickInterceptedException">
            <message>
              <![CDATA[element click intercepted: Element <button _ngcontent-kkn-c36="" type="button" data-bs-toggle="modal" data-bs-target="#tenure" class="btn-sm btn-view">...</button> is not clickable at point (933, 370). Other element would receive the click: <div _ngcontent-kkn-c36="" class="modal-body">...</div>
  (Session info: chrome=121.0.6167.185)
Build info: version: '4.14.1', revision: '03f8ede370'
System info: os.name: 'Windows 11', os.arch: 'amd64', os.version: '10.0', java.version: '18.0.1.1'
Driver info: org.openqa.selenium.chrome.ChromeDriver
Command: [8df0e6533421f1a21a790058d2207914, clickElement {id=713E3240D59EB420349DE2044A6B49E3_element_723}]
Capabilities {acceptInsecureCerts: false, browserName: chrome, browserVersion: 121.0.6167.185, chrome: {chromedriverVersion: 121.0.6167.184 (057a8ae7deb..., userDataDir: C:\WINDOWS\TEMP\scoped_dir2...}, fedcm:accounts: true, goog:chromeOptions: {debuggerAddress: localhost:54180}, networkConnectionEnabled: false, pageLoadStrategy: normal, platformName: windows, proxy: Proxy(), se:cdp: ws://localhost:54180/devtoo..., se:cdpVersion: 121.0.6167.185, setWindowRect: true, strictFileInteractability: false, timeouts: {implicit: 0, pageLoad: 300000, script: 30000}, unhandledPromptBehavior: dismiss and notify, webauthn:extension:credBlob: true, webauthn:extension:largeBlob: true, webauthn:extension:minPinLength: true, webauthn:extension:prf: true, webauthn:virtualAuthenticators: true}
Element: [[ChromeDriver: chrome on windows (8df0e6533421f1a21a790058d2207914)] -> xpath: (//h4[.='Schemes List']/ancestor::div[@class='card-header']//td[.='Scheme8861216']/following-sibling::td/button[.=' Info '])[1]]
Session ID: 8df0e6533421f1a21a790058d2207914]]>
            </message>
            <full-stacktrace>
              <![CDATA[org.openqa.selenium.ElementClickInterceptedException: element click intercepted: Element <button _ngcontent-kkn-c36="" type="button" data-bs-toggle="modal" data-bs-target="#tenure" class="btn-sm btn-view">...</button> is not clickable at point (933, 370). Other element would receive the click: <div _ngcontent-kkn-c36="" class="modal-body">...</div>
  (Session info: chrome=121.0.6167.185)
Build info: version: '4.14.1', revision: '03f8ede370'
System info: os.name: 'Windows 11', os.arch: 'amd64', os.version: '10.0', java.version: '18.0.1.1'
Driver info: org.openqa.selenium.chrome.ChromeDriver
Command: [8df0e6533421f1a21a790058d2207914, clickElement {id=713E3240D59EB420349DE2044A6B49E3_element_723}]
Capabilities {acceptInsecureCerts: false, browserName: chrome, browserVersion: 121.0.6167.185, chrome: {chromedriverVersion: 121.0.6167.184 (057a8ae7deb..., userDataDir: C:\WINDOWS\TEMP\scoped_dir2...}, fedcm:accounts: true, goog:chromeOptions: {debuggerAddress: localhost:54180}, networkConnectionEnabled: false, pageLoadStrategy: normal, platformName: windows, proxy: Proxy(), se:cdp: ws://localhost:54180/devtoo..., se:cdpVersion: 121.0.6167.185, setWindowRect: true, strictFileInteractability: false, timeouts: {implicit: 0, pageLoad: 300000, script: 30000}, unhandledPromptBehavior: dismiss and notify, webauthn:extension:credBlob: true, webauthn:extension:largeBlob: true, webauthn:extension:minPinLength: true, webauthn:extension:prf: true, webauthn:virtualAuthenticators: true}
Element: [[ChromeDriver: chrome on windows (8df0e6533421f1a21a790058d2207914)] -> xpath: (//h4[.='Schemes List']/ancestor::div[@class='card-header']//td[.='Scheme8861216']/following-sibling::td/button[.=' Info '])[1]]
Session ID: 8df0e6533421f1a21a790058d2207914
at java.base/jdk.internal.reflect.DirectConstructorHandleAccessor.newInstance(DirectConstructorHandleAccessor.java:67)
at java.base/java.lang.reflect.Constructor.newInstanceWithCaller(Constructor.java:499)
at java.base/java.lang.reflect.Constructor.newInstance(Constructor.java:483)
at org.openqa.selenium.remote.codec.w3c.W3CHttpResponseCodec.createException(W3CHttpResponseCodec.java:200)
at org.openqa.selenium.remote.codec.w3c.W3CHttpResponseCodec.decode(W3CHttpResponseCodec.java:133)
at org.openqa.selenium.remote.codec.w3c.W3CHttpResponseCodec.decode(W3CHttpResponseCodec.java:52)
at org.openqa.selenium.remote.HttpCommandExecutor.execute(HttpCommandExecutor.java:191)
at org.openqa.selenium.remote.service.DriverCommandExecutor.invokeExecute(DriverCommandExecutor.java:200)
at org.openqa.selenium.remote.service.DriverCommandExecutor.execute(DriverCommandExecutor.java:175)
at org.openqa.selenium.remote.RemoteWebDriver.execute(RemoteWebDriver.java:602)
at org.openqa.selenium.remote.RemoteWebElement.execute(RemoteWebElement.java:224)
at org.openqa.selenium.remote.RemoteWebElement.click(RemoteWebElement.java:77)
at sprint_2_Negative.aSprint_2_LoginLogout_Demo_FMS.a21_actionInfoSchemeFaqAddingByGivingValidDataPassTest(aSprint_2_LoginLogout_Demo_FMS.java:1799)
at java.base/jdk.internal.reflect.DirectMethodHandleAccessor.invoke(DirectMethodHandleAccessor.java:104)
at java.base/java.lang.reflect.Method.invoke(Method.java:577)
at org.testng.internal.invokers.MethodInvocationHelper.invokeMethod(MethodInvocationHelper.java:139)
at org.testng.internal.invokers.TestInvoker.invokeMethod(TestInvoker.java:677)
at org.testng.internal.invokers.TestInvoker.invokeTestMethod(TestInvoker.java:221)
at org.testng.internal.invokers.MethodRunner.runInSequence(MethodRunner.java:50)
at org.testng.internal.invokers.TestInvoker$MethodInvocationAgent.invoke(TestInvoker.java:962)
at org.testng.internal.invokers.TestInvoker.invokeTestMethods(TestInvoker.java:194)
at org.testng.internal.invokers.TestMethodWorker.invokeTestMethods(TestMethodWorker.java:148)
at org.testng.internal.invokers.TestMethodWorker.run(TestMethodWorker.java:128)
at java.base/java.util.ArrayList.forEach(ArrayList.java:1511)
at org.testng.TestRunner.privateRun(TestRunner.java:806)
at org.testng.TestRunner.run(TestRunner.java:601)
at org.testng.SuiteRunner.runTest(SuiteRunner.java:433)
at org.testng.SuiteRunner$SuiteWorker.run(SuiteRunner.java:471)
at org.testng.internal.thread.ThreadUtil.lambda$execute$0(ThreadUtil.java:58)
at java.base/java.util.concurrent.FutureTask.run(FutureTask.java:264)
at java.base/java.util.concurrent.ThreadPoolExecutor.runWorker(ThreadPoolExecutor.java:1136)
at java.base/java.util.concurrent.ThreadPoolExecutor$Worker.run(ThreadPoolExecutor.java:635)
at java.base/java.lang.Thread.run(Thread.java:833)
]]>
            </full-stacktrace>
          </exception> <!-- org.openqa.selenium.ElementClickInterceptedException -->
          <reporter-output>
          </reporter-output>
        </test-method> <!-- a21_actionInfoSchemeFaqAddingByGivingValidDataPassTest -->
        <test-method signature="a22_actionInfoSchemeFaqAddingWithoutGivingDataPageStaticErrorTest()[pri:22, instance:sprint_2_Negative.aSprint_2_LoginLogout_Demo_FMS@4218d6a3]" started-at="2024-02-22T17:51:51 IST" name="a22_actionInfoSchemeFaqAddingWithoutGivingDataPageStaticErrorTest" finished-at="2024-02-22T17:52:33 IST" duration-ms="42298" status="FAIL">
          <exception class="org.openqa.selenium.ElementClickInterceptedException">
            <message>
              <![CDATA[element click intercepted: Element <button _ngcontent-uyc-c36="" type="button" data-bs-toggle="modal" data-bs-target="#tenure" class="btn-sm btn-view">...</button> is not clickable at point (933, 370). Other element would receive the click: <div _ngcontent-uyc-c36="" class="modal-body">...</div>
  (Session info: chrome=121.0.6167.185)
Build info: version: '4.14.1', revision: '03f8ede370'
System info: os.name: 'Windows 11', os.arch: 'amd64', os.version: '10.0', java.version: '18.0.1.1'
Driver info: org.openqa.selenium.chrome.ChromeDriver
Command: [7671ffd726fa9f76720bd4be2f9ca180, clickElement {id=AD6AA9ADB0CEBC4E16D30FCEF021766E_element_724}]
Capabilities {acceptInsecureCerts: false, browserName: chrome, browserVersion: 121.0.6167.185, chrome: {chromedriverVersion: 121.0.6167.184 (057a8ae7deb..., userDataDir: C:\WINDOWS\TEMP\scoped_dir2...}, fedcm:accounts: true, goog:chromeOptions: {debuggerAddress: localhost:54239}, networkConnectionEnabled: false, pageLoadStrategy: normal, platformName: windows, proxy: Proxy(), se:cdp: ws://localhost:54239/devtoo..., se:cdpVersion: 121.0.6167.185, setWindowRect: true, strictFileInteractability: false, timeouts: {implicit: 0, pageLoad: 300000, script: 30000}, unhandledPromptBehavior: dismiss and notify, webauthn:extension:credBlob: true, webauthn:extension:largeBlob: true, webauthn:extension:minPinLength: true, webauthn:extension:prf: true, webauthn:virtualAuthenticators: true}
Element: [[ChromeDriver: chrome on windows (7671ffd726fa9f76720bd4be2f9ca180)] -> xpath: (//h4[.='Schemes List']/ancestor::div[@class='card-header']//td[.='Scheme8861216']/following-sibling::td/button[.=' Info '])[1]]
Session ID: 7671ffd726fa9f76720bd4be2f9ca180]]>
            </message>
            <full-stacktrace>
              <![CDATA[org.openqa.selenium.ElementClickInterceptedException: element click intercepted: Element <button _ngcontent-uyc-c36="" type="button" data-bs-toggle="modal" data-bs-target="#tenure" class="btn-sm btn-view">...</button> is not clickable at point (933, 370). Other element would receive the click: <div _ngcontent-uyc-c36="" class="modal-body">...</div>
  (Session info: chrome=121.0.6167.185)
Build info: version: '4.14.1', revision: '03f8ede370'
System info: os.name: 'Windows 11', os.arch: 'amd64', os.version: '10.0', java.version: '18.0.1.1'
Driver info: org.openqa.selenium.chrome.ChromeDriver
Command: [7671ffd726fa9f76720bd4be2f9ca180, clickElement {id=AD6AA9ADB0CEBC4E16D30FCEF021766E_element_724}]
Capabilities {acceptInsecureCerts: false, browserName: chrome, browserVersion: 121.0.6167.185, chrome: {chromedriverVersion: 121.0.6167.184 (057a8ae7deb..., userDataDir: C:\WINDOWS\TEMP\scoped_dir2...}, fedcm:accounts: true, goog:chromeOptions: {debuggerAddress: localhost:54239}, networkConnectionEnabled: false, pageLoadStrategy: normal, platformName: windows, proxy: Proxy(), se:cdp: ws://localhost:54239/devtoo..., se:cdpVersion: 121.0.6167.185, setWindowRect: true, strictFileInteractability: false, timeouts: {implicit: 0, pageLoad: 300000, script: 30000}, unhandledPromptBehavior: dismiss and notify, webauthn:extension:credBlob: true, webauthn:extension:largeBlob: true, webauthn:extension:minPinLength: true, webauthn:extension:prf: true, webauthn:virtualAuthenticators: true}
Element: [[ChromeDriver: chrome on windows (7671ffd726fa9f76720bd4be2f9ca180)] -> xpath: (//h4[.='Schemes List']/ancestor::div[@class='card-header']//td[.='Scheme8861216']/following-sibling::td/button[.=' Info '])[1]]
Session ID: 7671ffd726fa9f76720bd4be2f9ca180
at java.base/jdk.internal.reflect.DirectConstructorHandleAccessor.newInstance(DirectConstructorHandleAccessor.java:67)
at java.base/java.lang.reflect.Constructor.newInstanceWithCaller(Constructor.java:499)
at java.base/java.lang.reflect.Constructor.newInstance(Constructor.java:483)
at org.openqa.selenium.remote.codec.w3c.W3CHttpResponseCodec.createException(W3CHttpResponseCodec.java:200)
at org.openqa.selenium.remote.codec.w3c.W3CHttpResponseCodec.decode(W3CHttpResponseCodec.java:133)
at org.openqa.selenium.remote.codec.w3c.W3CHttpResponseCodec.decode(W3CHttpResponseCodec.java:52)
at org.openqa.selenium.remote.HttpCommandExecutor.execute(HttpCommandExecutor.java:191)
at org.openqa.selenium.remote.service.DriverCommandExecutor.invokeExecute(DriverCommandExecutor.java:200)
at org.openqa.selenium.remote.service.DriverCommandExecutor.execute(DriverCommandExecutor.java:175)
at org.openqa.selenium.remote.RemoteWebDriver.execute(RemoteWebDriver.java:602)
at org.openqa.selenium.remote.RemoteWebElement.execute(RemoteWebElement.java:224)
at org.openqa.selenium.remote.RemoteWebElement.click(RemoteWebElement.java:77)
at sprint_2_Negative.aSprint_2_LoginLogout_Demo_FMS.a22_actionInfoSchemeFaqAddingWithoutGivingDataPageStaticErrorTest(aSprint_2_LoginLogout_Demo_FMS.java:1983)
at java.base/jdk.internal.reflect.DirectMethodHandleAccessor.invoke(DirectMethodHandleAccessor.java:104)
at java.base/java.lang.reflect.Method.invoke(Method.java:577)
at org.testng.internal.invokers.MethodInvocationHelper.invokeMethod(MethodInvocationHelper.java:139)
at org.testng.internal.invokers.TestInvoker.invokeMethod(TestInvoker.java:677)
at org.testng.internal.invokers.TestInvoker.invokeTestMethod(TestInvoker.java:221)
at org.testng.internal.invokers.MethodRunner.runInSequence(MethodRunner.java:50)
at org.testng.internal.invokers.TestInvoker$MethodInvocationAgent.invoke(TestInvoker.java:962)
at org.testng.internal.invokers.TestInvoker.invokeTestMethods(TestInvoker.java:194)
at org.testng.internal.invokers.TestMethodWorker.invokeTestMethods(TestMethodWorker.java:148)
at org.testng.internal.invokers.TestMethodWorker.run(TestMethodWorker.java:128)
at java.base/java.util.ArrayList.forEach(ArrayList.java:1511)
at org.testng.TestRunner.privateRun(TestRunner.java:806)
at org.testng.TestRunner.run(TestRunner.java:601)
at org.testng.SuiteRunner.runTest(SuiteRunner.java:433)
at org.testng.SuiteRunner$SuiteWorker.run(SuiteRunner.java:471)
at org.testng.internal.thread.ThreadUtil.lambda$execute$0(ThreadUtil.java:58)
at java.base/java.util.concurrent.FutureTask.run(FutureTask.java:264)
at java.base/java.util.concurrent.ThreadPoolExecutor.runWorker(ThreadPoolExecutor.java:1136)
at java.base/java.util.concurrent.ThreadPoolExecutor$Worker.run(ThreadPoolExecutor.java:635)
at java.base/java.lang.Thread.run(Thread.java:833)
]]>
            </full-stacktrace>
          </exception> <!-- org.openqa.selenium.ElementClickInterceptedException -->
          <reporter-output>
          </reporter-output>
        </test-method> <!-- a22_actionInfoSchemeFaqAddingWithoutGivingDataPageStaticErrorTest -->
        <test-method signature="a23_schemeCreatingWithoutGivingSchemeNameErrorTest()[pri:23, instance:sprint_2_Negative.aSprint_2_LoginLogout_Demo_FMS@4218d6a3]" started-at="2024-02-22T17:52:33 IST" name="a23_schemeCreatingWithoutGivingSchemeNameErrorTest" finished-at="2024-02-22T17:53:12 IST" duration-ms="38356" status="PASS">
          <reporter-output>
          </reporter-output>
        </test-method> <!-- a23_schemeCreatingWithoutGivingSchemeNameErrorTest -->
        <test-method signature="a24_loginWithoutGivingEmailAndPasswordErrorTest()[pri:24, instance:sprint_2_Negative.aSprint_2_LoginLogout_Demo_FMS@4218d6a3]" started-at="2024-02-22T17:53:12 IST" name="a24_loginWithoutGivingEmailAndPasswordErrorTest" finished-at="2024-02-22T17:53:33 IST" duration-ms="21172" status="FAIL">
          <exception class="org.openqa.selenium.NoSuchElementException">
            <message>
              <![CDATA[no such element: Unable to locate element: {"method":"xpath","selector":"a"}
  (Session info: chrome=121.0.6167.185)
For documentation on this error, please visit: https://www.selenium.dev/documentation/webdriver/troubleshooting/errors#no-such-element-exception
Build info: version: '4.14.1', revision: '03f8ede370'
System info: os.name: 'Windows 11', os.arch: 'amd64', os.version: '10.0', java.version: '18.0.1.1'
Driver info: org.openqa.selenium.chrome.ChromeDriver
Command: [461575c1ed027dd4752aeacb19e8c4dc, findElement {using=xpath, value=a}]
Capabilities {acceptInsecureCerts: false, browserName: chrome, browserVersion: 121.0.6167.185, chrome: {chromedriverVersion: 121.0.6167.184 (057a8ae7deb..., userDataDir: C:\WINDOWS\TEMP\scoped_dir2...}, fedcm:accounts: true, goog:chromeOptions: {debuggerAddress: localhost:54376}, networkConnectionEnabled: false, pageLoadStrategy: normal, platformName: windows, proxy: Proxy(), se:cdp: ws://localhost:54376/devtoo..., se:cdpVersion: 121.0.6167.185, setWindowRect: true, strictFileInteractability: false, timeouts: {implicit: 0, pageLoad: 300000, script: 30000}, unhandledPromptBehavior: dismiss and notify, webauthn:extension:credBlob: true, webauthn:extension:largeBlob: true, webauthn:extension:minPinLength: true, webauthn:extension:prf: true, webauthn:virtualAuthenticators: true}
Session ID: 461575c1ed027dd4752aeacb19e8c4dc]]>
            </message>
            <full-stacktrace>
              <![CDATA[org.openqa.selenium.NoSuchElementException: no such element: Unable to locate element: {"method":"xpath","selector":"a"}
  (Session info: chrome=121.0.6167.185)
For documentation on this error, please visit: https://www.selenium.dev/documentation/webdriver/troubleshooting/errors#no-such-element-exception
Build info: version: '4.14.1', revision: '03f8ede370'
System info: os.name: 'Windows 11', os.arch: 'amd64', os.version: '10.0', java.version: '18.0.1.1'
Driver info: org.openqa.selenium.chrome.ChromeDriver
Command: [461575c1ed027dd4752aeacb19e8c4dc, findElement {using=xpath, value=a}]
Capabilities {acceptInsecureCerts: false, browserName: chrome, browserVersion: 121.0.6167.185, chrome: {chromedriverVersion: 121.0.6167.184 (057a8ae7deb..., userDataDir: C:\WINDOWS\TEMP\scoped_dir2...}, fedcm:accounts: true, goog:chromeOptions: {debuggerAddress: localhost:54376}, networkConnectionEnabled: false, pageLoadStrategy: normal, platformName: windows, proxy: Proxy(), se:cdp: ws://localhost:54376/devtoo..., se:cdpVersion: 121.0.6167.185, setWindowRect: true, strictFileInteractability: false, timeouts: {implicit: 0, pageLoad: 300000, script: 30000}, unhandledPromptBehavior: dismiss and notify, webauthn:extension:credBlob: true, webauthn:extension:largeBlob: true, webauthn:extension:minPinLength: true, webauthn:extension:prf: true, webauthn:virtualAuthenticators: true}
Session ID: 461575c1ed027dd4752aeacb19e8c4dc
at java.base/jdk.internal.reflect.DirectConstructorHandleAccessor.newInstance(DirectConstructorHandleAccessor.java:67)
at java.base/java.lang.reflect.Constructor.newInstanceWithCaller(Constructor.java:499)
at java.base/java.lang.reflect.Constructor.newInstance(Constructor.java:483)
at org.openqa.selenium.remote.codec.w3c.W3CHttpResponseCodec.createException(W3CHttpResponseCodec.java:200)
at org.openqa.selenium.remote.codec.w3c.W3CHttpResponseCodec.decode(W3CHttpResponseCodec.java:133)
at org.openqa.selenium.remote.codec.w3c.W3CHttpResponseCodec.decode(W3CHttpResponseCodec.java:52)
at org.openqa.selenium.remote.HttpCommandExecutor.execute(HttpCommandExecutor.java:191)
at org.openqa.selenium.remote.service.DriverCommandExecutor.invokeExecute(DriverCommandExecutor.java:200)
at org.openqa.selenium.remote.service.DriverCommandExecutor.execute(DriverCommandExecutor.java:175)
at org.openqa.selenium.remote.RemoteWebDriver.execute(RemoteWebDriver.java:602)
at org.openqa.selenium.remote.ElementLocation$ElementFinder$2.findElement(ElementLocation.java:165)
at org.openqa.selenium.remote.ElementLocation.findElement(ElementLocation.java:59)
at org.openqa.selenium.remote.RemoteWebDriver.findElement(RemoteWebDriver.java:359)
at org.openqa.selenium.remote.RemoteWebDriver.findElement(RemoteWebDriver.java:353)
at sprint_2_Negative.aSprint_2_LoginLogout_Demo_FMS.a24_loginWithoutGivingEmailAndPasswordErrorTest(aSprint_2_LoginLogout_Demo_FMS.java:2155)
at java.base/jdk.internal.reflect.DirectMethodHandleAccessor.invoke(DirectMethodHandleAccessor.java:104)
at java.base/java.lang.reflect.Method.invoke(Method.java:577)
at org.testng.internal.invokers.MethodInvocationHelper.invokeMethod(MethodInvocationHelper.java:139)
at org.testng.internal.invokers.TestInvoker.invokeMethod(TestInvoker.java:677)
at org.testng.internal.invokers.TestInvoker.invokeTestMethod(TestInvoker.java:221)
at org.testng.internal.invokers.MethodRunner.runInSequence(MethodRunner.java:50)
at org.testng.internal.invokers.TestInvoker$MethodInvocationAgent.invoke(TestInvoker.java:962)
at org.testng.internal.invokers.TestInvoker.invokeTestMethods(TestInvoker.java:194)
at org.testng.internal.invokers.TestMethodWorker.invokeTestMethods(TestMethodWorker.java:148)
at org.testng.internal.invokers.TestMethodWorker.run(TestMethodWorker.java:128)
at java.base/java.util.ArrayList.forEach(ArrayList.java:1511)
at org.testng.TestRunner.privateRun(TestRunner.java:806)
at org.testng.TestRunner.run(TestRunner.java:601)
at org.testng.SuiteRunner.runTest(SuiteRunner.java:433)
at org.testng.SuiteRunner$SuiteWorker.run(SuiteRunner.java:471)
at org.testng.internal.thread.ThreadUtil.lambda$execute$0(ThreadUtil.java:58)
at java.base/java.util.concurrent.FutureTask.run(FutureTask.java:264)
at java.base/java.util.concurrent.ThreadPoolExecutor.runWorker(ThreadPoolExecutor.java:1136)
at java.base/java.util.concurrent.ThreadPoolExecutor$Worker.run(ThreadPoolExecutor.java:635)
at java.base/java.lang.Thread.run(Thread.java:833)
]]>
            </full-stacktrace>
          </exception> <!-- org.openqa.selenium.NoSuchElementException -->
          <reporter-output>
          </reporter-output>
        </test-method> <!-- a24_loginWithoutGivingEmailAndPasswordErrorTest -->
        <test-method signature="a25_loginWithoutGivingEmailErrorTest()[pri:25, instance:sprint_2_Negative.aSprint_2_LoginLogout_Demo_FMS@4218d6a3]" started-at="2024-02-22T17:53:33 IST" name="a25_loginWithoutGivingEmailErrorTest" finished-at="2024-02-22T17:53:53 IST" duration-ms="20014" status="FAIL">
          <exception class="org.openqa.selenium.NoSuchElementException">
            <message>
              <![CDATA[no such element: Unable to locate element: {"method":"xpath","selector":"a"}
  (Session info: chrome=121.0.6167.185)
For documentation on this error, please visit: https://www.selenium.dev/documentation/webdriver/troubleshooting/errors#no-such-element-exception
Build info: version: '4.14.1', revision: '03f8ede370'
System info: os.name: 'Windows 11', os.arch: 'amd64', os.version: '10.0', java.version: '18.0.1.1'
Driver info: org.openqa.selenium.chrome.ChromeDriver
Command: [14375ddcd18c7bc1c7a4a7120e066f55, findElement {using=xpath, value=a}]
Capabilities {acceptInsecureCerts: false, browserName: chrome, browserVersion: 121.0.6167.185, chrome: {chromedriverVersion: 121.0.6167.184 (057a8ae7deb..., userDataDir: C:\WINDOWS\TEMP\scoped_dir2...}, fedcm:accounts: true, goog:chromeOptions: {debuggerAddress: localhost:54425}, networkConnectionEnabled: false, pageLoadStrategy: normal, platformName: windows, proxy: Proxy(), se:cdp: ws://localhost:54425/devtoo..., se:cdpVersion: 121.0.6167.185, setWindowRect: true, strictFileInteractability: false, timeouts: {implicit: 0, pageLoad: 300000, script: 30000}, unhandledPromptBehavior: dismiss and notify, webauthn:extension:credBlob: true, webauthn:extension:largeBlob: true, webauthn:extension:minPinLength: true, webauthn:extension:prf: true, webauthn:virtualAuthenticators: true}
Session ID: 14375ddcd18c7bc1c7a4a7120e066f55]]>
            </message>
            <full-stacktrace>
              <![CDATA[org.openqa.selenium.NoSuchElementException: no such element: Unable to locate element: {"method":"xpath","selector":"a"}
  (Session info: chrome=121.0.6167.185)
For documentation on this error, please visit: https://www.selenium.dev/documentation/webdriver/troubleshooting/errors#no-such-element-exception
Build info: version: '4.14.1', revision: '03f8ede370'
System info: os.name: 'Windows 11', os.arch: 'amd64', os.version: '10.0', java.version: '18.0.1.1'
Driver info: org.openqa.selenium.chrome.ChromeDriver
Command: [14375ddcd18c7bc1c7a4a7120e066f55, findElement {using=xpath, value=a}]
Capabilities {acceptInsecureCerts: false, browserName: chrome, browserVersion: 121.0.6167.185, chrome: {chromedriverVersion: 121.0.6167.184 (057a8ae7deb..., userDataDir: C:\WINDOWS\TEMP\scoped_dir2...}, fedcm:accounts: true, goog:chromeOptions: {debuggerAddress: localhost:54425}, networkConnectionEnabled: false, pageLoadStrategy: normal, platformName: windows, proxy: Proxy(), se:cdp: ws://localhost:54425/devtoo..., se:cdpVersion: 121.0.6167.185, setWindowRect: true, strictFileInteractability: false, timeouts: {implicit: 0, pageLoad: 300000, script: 30000}, unhandledPromptBehavior: dismiss and notify, webauthn:extension:credBlob: true, webauthn:extension:largeBlob: true, webauthn:extension:minPinLength: true, webauthn:extension:prf: true, webauthn:virtualAuthenticators: true}
Session ID: 14375ddcd18c7bc1c7a4a7120e066f55
at java.base/jdk.internal.reflect.DirectConstructorHandleAccessor.newInstance(DirectConstructorHandleAccessor.java:67)
at java.base/java.lang.reflect.Constructor.newInstanceWithCaller(Constructor.java:499)
at java.base/java.lang.reflect.Constructor.newInstance(Constructor.java:483)
at org.openqa.selenium.remote.codec.w3c.W3CHttpResponseCodec.createException(W3CHttpResponseCodec.java:200)
at org.openqa.selenium.remote.codec.w3c.W3CHttpResponseCodec.decode(W3CHttpResponseCodec.java:133)
at org.openqa.selenium.remote.codec.w3c.W3CHttpResponseCodec.decode(W3CHttpResponseCodec.java:52)
at org.openqa.selenium.remote.HttpCommandExecutor.execute(HttpCommandExecutor.java:191)
at org.openqa.selenium.remote.service.DriverCommandExecutor.invokeExecute(DriverCommandExecutor.java:200)
at org.openqa.selenium.remote.service.DriverCommandExecutor.execute(DriverCommandExecutor.java:175)
at org.openqa.selenium.remote.RemoteWebDriver.execute(RemoteWebDriver.java:602)
at org.openqa.selenium.remote.ElementLocation$ElementFinder$2.findElement(ElementLocation.java:165)
at org.openqa.selenium.remote.ElementLocation.findElement(ElementLocation.java:59)
at org.openqa.selenium.remote.RemoteWebDriver.findElement(RemoteWebDriver.java:359)
at org.openqa.selenium.remote.RemoteWebDriver.findElement(RemoteWebDriver.java:353)
at sprint_2_Negative.aSprint_2_LoginLogout_Demo_FMS.a25_loginWithoutGivingEmailErrorTest(aSprint_2_LoginLogout_Demo_FMS.java:2180)
at java.base/jdk.internal.reflect.DirectMethodHandleAccessor.invoke(DirectMethodHandleAccessor.java:104)
at java.base/java.lang.reflect.Method.invoke(Method.java:577)
at org.testng.internal.invokers.MethodInvocationHelper.invokeMethod(MethodInvocationHelper.java:139)
at org.testng.internal.invokers.TestInvoker.invokeMethod(TestInvoker.java:677)
at org.testng.internal.invokers.TestInvoker.invokeTestMethod(TestInvoker.java:221)
at org.testng.internal.invokers.MethodRunner.runInSequence(MethodRunner.java:50)
at org.testng.internal.invokers.TestInvoker$MethodInvocationAgent.invoke(TestInvoker.java:962)
at org.testng.internal.invokers.TestInvoker.invokeTestMethods(TestInvoker.java:194)
at org.testng.internal.invokers.TestMethodWorker.invokeTestMethods(TestMethodWorker.java:148)
at org.testng.internal.invokers.TestMethodWorker.run(TestMethodWorker.java:128)
at java.base/java.util.ArrayList.forEach(ArrayList.java:1511)
at org.testng.TestRunner.privateRun(TestRunner.java:806)
at org.testng.TestRunner.run(TestRunner.java:601)
at org.testng.SuiteRunner.runTest(SuiteRunner.java:433)
at org.testng.SuiteRunner$SuiteWorker.run(SuiteRunner.java:471)
at org.testng.internal.thread.ThreadUtil.lambda$execute$0(ThreadUtil.java:58)
at java.base/java.util.concurrent.FutureTask.run(FutureTask.java:264)
at java.base/java.util.concurrent.ThreadPoolExecutor.runWorker(ThreadPoolExecutor.java:1136)
at java.base/java.util.concurrent.ThreadPoolExecutor$Worker.run(ThreadPoolExecutor.java:635)
at java.base/java.lang.Thread.run(Thread.java:833)
]]>
            </full-stacktrace>
          </exception> <!-- org.openqa.selenium.NoSuchElementException -->
          <reporter-output>
          </reporter-output>
        </test-method> <!-- a25_loginWithoutGivingEmailErrorTest -->
        <test-method signature="a26_loginWithoutGivingPasswordErrorTest()[pri:26, instance:sprint_2_Negative.aSprint_2_LoginLogout_Demo_FMS@4218d6a3]" started-at="2024-02-22T17:53:53 IST" name="a26_loginWithoutGivingPasswordErrorTest" finished-at="2024-02-22T17:54:15 IST" duration-ms="21719" status="FAIL">
          <exception class="org.openqa.selenium.NoSuchElementException">
            <message>
              <![CDATA[no such element: Unable to locate element: {"method":"xpath","selector":"a"}
  (Session info: chrome=121.0.6167.185)
For documentation on this error, please visit: https://www.selenium.dev/documentation/webdriver/troubleshooting/errors#no-such-element-exception
Build info: version: '4.14.1', revision: '03f8ede370'
System info: os.name: 'Windows 11', os.arch: 'amd64', os.version: '10.0', java.version: '18.0.1.1'
Driver info: org.openqa.selenium.chrome.ChromeDriver
Command: [eb5fdeebefa990d49467c4e7704dd126, findElement {using=xpath, value=a}]
Capabilities {acceptInsecureCerts: false, browserName: chrome, browserVersion: 121.0.6167.185, chrome: {chromedriverVersion: 121.0.6167.184 (057a8ae7deb..., userDataDir: C:\WINDOWS\TEMP\scoped_dir6...}, fedcm:accounts: true, goog:chromeOptions: {debuggerAddress: localhost:54472}, networkConnectionEnabled: false, pageLoadStrategy: normal, platformName: windows, proxy: Proxy(), se:cdp: ws://localhost:54472/devtoo..., se:cdpVersion: 121.0.6167.185, setWindowRect: true, strictFileInteractability: false, timeouts: {implicit: 0, pageLoad: 300000, script: 30000}, unhandledPromptBehavior: dismiss and notify, webauthn:extension:credBlob: true, webauthn:extension:largeBlob: true, webauthn:extension:minPinLength: true, webauthn:extension:prf: true, webauthn:virtualAuthenticators: true}
Session ID: eb5fdeebefa990d49467c4e7704dd126]]>
            </message>
            <full-stacktrace>
              <![CDATA[org.openqa.selenium.NoSuchElementException: no such element: Unable to locate element: {"method":"xpath","selector":"a"}
  (Session info: chrome=121.0.6167.185)
For documentation on this error, please visit: https://www.selenium.dev/documentation/webdriver/troubleshooting/errors#no-such-element-exception
Build info: version: '4.14.1', revision: '03f8ede370'
System info: os.name: 'Windows 11', os.arch: 'amd64', os.version: '10.0', java.version: '18.0.1.1'
Driver info: org.openqa.selenium.chrome.ChromeDriver
Command: [eb5fdeebefa990d49467c4e7704dd126, findElement {using=xpath, value=a}]
Capabilities {acceptInsecureCerts: false, browserName: chrome, browserVersion: 121.0.6167.185, chrome: {chromedriverVersion: 121.0.6167.184 (057a8ae7deb..., userDataDir: C:\WINDOWS\TEMP\scoped_dir6...}, fedcm:accounts: true, goog:chromeOptions: {debuggerAddress: localhost:54472}, networkConnectionEnabled: false, pageLoadStrategy: normal, platformName: windows, proxy: Proxy(), se:cdp: ws://localhost:54472/devtoo..., se:cdpVersion: 121.0.6167.185, setWindowRect: true, strictFileInteractability: false, timeouts: {implicit: 0, pageLoad: 300000, script: 30000}, unhandledPromptBehavior: dismiss and notify, webauthn:extension:credBlob: true, webauthn:extension:largeBlob: true, webauthn:extension:minPinLength: true, webauthn:extension:prf: true, webauthn:virtualAuthenticators: true}
Session ID: eb5fdeebefa990d49467c4e7704dd126
at java.base/jdk.internal.reflect.DirectConstructorHandleAccessor.newInstance(DirectConstructorHandleAccessor.java:67)
at java.base/java.lang.reflect.Constructor.newInstanceWithCaller(Constructor.java:499)
at java.base/java.lang.reflect.Constructor.newInstance(Constructor.java:483)
at org.openqa.selenium.remote.codec.w3c.W3CHttpResponseCodec.createException(W3CHttpResponseCodec.java:200)
at org.openqa.selenium.remote.codec.w3c.W3CHttpResponseCodec.decode(W3CHttpResponseCodec.java:133)
at org.openqa.selenium.remote.codec.w3c.W3CHttpResponseCodec.decode(W3CHttpResponseCodec.java:52)
at org.openqa.selenium.remote.HttpCommandExecutor.execute(HttpCommandExecutor.java:191)
at org.openqa.selenium.remote.service.DriverCommandExecutor.invokeExecute(DriverCommandExecutor.java:200)
at org.openqa.selenium.remote.service.DriverCommandExecutor.execute(DriverCommandExecutor.java:175)
at org.openqa.selenium.remote.RemoteWebDriver.execute(RemoteWebDriver.java:602)
at org.openqa.selenium.remote.ElementLocation$ElementFinder$2.findElement(ElementLocation.java:165)
at org.openqa.selenium.remote.ElementLocation.findElement(ElementLocation.java:59)
at org.openqa.selenium.remote.RemoteWebDriver.findElement(RemoteWebDriver.java:359)
at org.openqa.selenium.remote.RemoteWebDriver.findElement(RemoteWebDriver.java:353)
at sprint_2_Negative.aSprint_2_LoginLogout_Demo_FMS.a26_loginWithoutGivingPasswordErrorTest(aSprint_2_LoginLogout_Demo_FMS.java:2205)
at java.base/jdk.internal.reflect.DirectMethodHandleAccessor.invoke(DirectMethodHandleAccessor.java:104)
at java.base/java.lang.reflect.Method.invoke(Method.java:577)
at org.testng.internal.invokers.MethodInvocationHelper.invokeMethod(MethodInvocationHelper.java:139)
at org.testng.internal.invokers.TestInvoker.invokeMethod(TestInvoker.java:677)
at org.testng.internal.invokers.TestInvoker.invokeTestMethod(TestInvoker.java:221)
at org.testng.internal.invokers.MethodRunner.runInSequence(MethodRunner.java:50)
at org.testng.internal.invokers.TestInvoker$MethodInvocationAgent.invoke(TestInvoker.java:962)
at org.testng.internal.invokers.TestInvoker.invokeTestMethods(TestInvoker.java:194)
at org.testng.internal.invokers.TestMethodWorker.invokeTestMethods(TestMethodWorker.java:148)
at org.testng.internal.invokers.TestMethodWorker.run(TestMethodWorker.java:128)
at java.base/java.util.ArrayList.forEach(ArrayList.java:1511)
at org.testng.TestRunner.privateRun(TestRunner.java:806)
at org.testng.TestRunner.run(TestRunner.java:601)
at org.testng.SuiteRunner.runTest(SuiteRunner.java:433)
at org.testng.SuiteRunner$SuiteWorker.run(SuiteRunner.java:471)
at org.testng.internal.thread.ThreadUtil.lambda$execute$0(ThreadUtil.java:58)
at java.base/java.util.concurrent.FutureTask.run(FutureTask.java:264)
at java.base/java.util.concurrent.ThreadPoolExecutor.runWorker(ThreadPoolExecutor.java:1136)
at java.base/java.util.concurrent.ThreadPoolExecutor$Worker.run(ThreadPoolExecutor.java:635)
at java.base/java.lang.Thread.run(Thread.java:833)
]]>
            </full-stacktrace>
          </exception> <!-- org.openqa.selenium.NoSuchElementException -->
          <reporter-output>
          </reporter-output>
        </test-method> <!-- a26_loginWithoutGivingPasswordErrorTest -->
        <test-method signature="a27_loginByGivingEmailAsPwdAndPasswordAsEmailErrorTest()[pri:27, instance:sprint_2_Negative.aSprint_2_LoginLogout_Demo_FMS@4218d6a3]" started-at="2024-02-22T17:54:15 IST" name="a27_loginByGivingEmailAsPwdAndPasswordAsEmailErrorTest" finished-at="2024-02-22T17:54:36 IST" duration-ms="21688" status="FAIL">
          <exception class="org.openqa.selenium.NoSuchElementException">
            <message>
              <![CDATA[no such element: Unable to locate element: {"method":"xpath","selector":"a"}
  (Session info: chrome=121.0.6167.185)
For documentation on this error, please visit: https://www.selenium.dev/documentation/webdriver/troubleshooting/errors#no-such-element-exception
Build info: version: '4.14.1', revision: '03f8ede370'
System info: os.name: 'Windows 11', os.arch: 'amd64', os.version: '10.0', java.version: '18.0.1.1'
Driver info: org.openqa.selenium.chrome.ChromeDriver
Command: [378c850bfb16cf59d503d7cf59c88051, findElement {using=xpath, value=a}]
Capabilities {acceptInsecureCerts: false, browserName: chrome, browserVersion: 121.0.6167.185, chrome: {chromedriverVersion: 121.0.6167.184 (057a8ae7deb..., userDataDir: C:\WINDOWS\TEMP\scoped_dir1...}, fedcm:accounts: true, goog:chromeOptions: {debuggerAddress: localhost:54515}, networkConnectionEnabled: false, pageLoadStrategy: normal, platformName: windows, proxy: Proxy(), se:cdp: ws://localhost:54515/devtoo..., se:cdpVersion: 121.0.6167.185, setWindowRect: true, strictFileInteractability: false, timeouts: {implicit: 0, pageLoad: 300000, script: 30000}, unhandledPromptBehavior: dismiss and notify, webauthn:extension:credBlob: true, webauthn:extension:largeBlob: true, webauthn:extension:minPinLength: true, webauthn:extension:prf: true, webauthn:virtualAuthenticators: true}
Session ID: 378c850bfb16cf59d503d7cf59c88051]]>
            </message>
            <full-stacktrace>
              <![CDATA[org.openqa.selenium.NoSuchElementException: no such element: Unable to locate element: {"method":"xpath","selector":"a"}
  (Session info: chrome=121.0.6167.185)
For documentation on this error, please visit: https://www.selenium.dev/documentation/webdriver/troubleshooting/errors#no-such-element-exception
Build info: version: '4.14.1', revision: '03f8ede370'
System info: os.name: 'Windows 11', os.arch: 'amd64', os.version: '10.0', java.version: '18.0.1.1'
Driver info: org.openqa.selenium.chrome.ChromeDriver
Command: [378c850bfb16cf59d503d7cf59c88051, findElement {using=xpath, value=a}]
Capabilities {acceptInsecureCerts: false, browserName: chrome, browserVersion: 121.0.6167.185, chrome: {chromedriverVersion: 121.0.6167.184 (057a8ae7deb..., userDataDir: C:\WINDOWS\TEMP\scoped_dir1...}, fedcm:accounts: true, goog:chromeOptions: {debuggerAddress: localhost:54515}, networkConnectionEnabled: false, pageLoadStrategy: normal, platformName: windows, proxy: Proxy(), se:cdp: ws://localhost:54515/devtoo..., se:cdpVersion: 121.0.6167.185, setWindowRect: true, strictFileInteractability: false, timeouts: {implicit: 0, pageLoad: 300000, script: 30000}, unhandledPromptBehavior: dismiss and notify, webauthn:extension:credBlob: true, webauthn:extension:largeBlob: true, webauthn:extension:minPinLength: true, webauthn:extension:prf: true, webauthn:virtualAuthenticators: true}
Session ID: 378c850bfb16cf59d503d7cf59c88051
at java.base/jdk.internal.reflect.DirectConstructorHandleAccessor.newInstance(DirectConstructorHandleAccessor.java:67)
at java.base/java.lang.reflect.Constructor.newInstanceWithCaller(Constructor.java:499)
at java.base/java.lang.reflect.Constructor.newInstance(Constructor.java:483)
at org.openqa.selenium.remote.codec.w3c.W3CHttpResponseCodec.createException(W3CHttpResponseCodec.java:200)
at org.openqa.selenium.remote.codec.w3c.W3CHttpResponseCodec.decode(W3CHttpResponseCodec.java:133)
at org.openqa.selenium.remote.codec.w3c.W3CHttpResponseCodec.decode(W3CHttpResponseCodec.java:52)
at org.openqa.selenium.remote.HttpCommandExecutor.execute(HttpCommandExecutor.java:191)
at org.openqa.selenium.remote.service.DriverCommandExecutor.invokeExecute(DriverCommandExecutor.java:200)
at org.openqa.selenium.remote.service.DriverCommandExecutor.execute(DriverCommandExecutor.java:175)
at org.openqa.selenium.remote.RemoteWebDriver.execute(RemoteWebDriver.java:602)
at org.openqa.selenium.remote.ElementLocation$ElementFinder$2.findElement(ElementLocation.java:165)
at org.openqa.selenium.remote.ElementLocation.findElement(ElementLocation.java:59)
at org.openqa.selenium.remote.RemoteWebDriver.findElement(RemoteWebDriver.java:359)
at org.openqa.selenium.remote.RemoteWebDriver.findElement(RemoteWebDriver.java:353)
at sprint_2_Negative.aSprint_2_LoginLogout_Demo_FMS.a27_loginByGivingEmailAsPwdAndPasswordAsEmailErrorTest(aSprint_2_LoginLogout_Demo_FMS.java:2232)
at java.base/jdk.internal.reflect.DirectMethodHandleAccessor.invoke(DirectMethodHandleAccessor.java:104)
at java.base/java.lang.reflect.Method.invoke(Method.java:577)
at org.testng.internal.invokers.MethodInvocationHelper.invokeMethod(MethodInvocationHelper.java:139)
at org.testng.internal.invokers.TestInvoker.invokeMethod(TestInvoker.java:677)
at org.testng.internal.invokers.TestInvoker.invokeTestMethod(TestInvoker.java:221)
at org.testng.internal.invokers.MethodRunner.runInSequence(MethodRunner.java:50)
at org.testng.internal.invokers.TestInvoker$MethodInvocationAgent.invoke(TestInvoker.java:962)
at org.testng.internal.invokers.TestInvoker.invokeTestMethods(TestInvoker.java:194)
at org.testng.internal.invokers.TestMethodWorker.invokeTestMethods(TestMethodWorker.java:148)
at org.testng.internal.invokers.TestMethodWorker.run(TestMethodWorker.java:128)
at java.base/java.util.ArrayList.forEach(ArrayList.java:1511)
at org.testng.TestRunner.privateRun(TestRunner.java:806)
at org.testng.TestRunner.run(TestRunner.java:601)
at org.testng.SuiteRunner.runTest(SuiteRunner.java:433)
at org.testng.SuiteRunner$SuiteWorker.run(SuiteRunner.java:471)
at org.testng.internal.thread.ThreadUtil.lambda$execute$0(ThreadUtil.java:58)
at java.base/java.util.concurrent.FutureTask.run(FutureTask.java:264)
at java.base/java.util.concurrent.ThreadPoolExecutor.runWorker(ThreadPoolExecutor.java:1136)
at java.base/java.util.concurrent.ThreadPoolExecutor$Worker.run(ThreadPoolExecutor.java:635)
at java.base/java.lang.Thread.run(Thread.java:833)
]]>
            </full-stacktrace>
          </exception> <!-- org.openqa.selenium.NoSuchElementException -->
          <reporter-output>
          </reporter-output>
        </test-method> <!-- a27_loginByGivingEmailAsPwdAndPasswordAsEmailErrorTest -->
        <test-method signature="a28_schemeBootstrapBtnDisablingAndCheckingSchemeIsEnabledInUserPannelErrorTest()[pri:28, instance:sprint_2_Negative.aSprint_2_LoginLogout_Demo_FMS@4218d6a3]" started-at="2024-02-22T17:54:36 IST" name="a28_schemeBootstrapBtnDisablingAndCheckingSchemeIsEnabledInUserPannelErrorTest" finished-at="2024-02-22T17:55:38 IST" duration-ms="62056" status="FAIL">
          <exception class="org.openqa.selenium.NoSuchElementException">
            <message>
              <![CDATA[no such element: Unable to locate element: {"method":"xpath","selector":"a"}
  (Session info: chrome=121.0.6167.185)
For documentation on this error, please visit: https://www.selenium.dev/documentation/webdriver/troubleshooting/errors#no-such-element-exception
Build info: version: '4.14.1', revision: '03f8ede370'
System info: os.name: 'Windows 11', os.arch: 'amd64', os.version: '10.0', java.version: '18.0.1.1'
Driver info: org.openqa.selenium.chrome.ChromeDriver
Command: [b8e56579ca638aa86e5fed4182ff978c, findElement {using=xpath, value=a}]
Capabilities {acceptInsecureCerts: false, browserName: chrome, browserVersion: 121.0.6167.185, chrome: {chromedriverVersion: 121.0.6167.184 (057a8ae7deb..., userDataDir: C:\WINDOWS\TEMP\scoped_dir3...}, fedcm:accounts: true, goog:chromeOptions: {debuggerAddress: localhost:54570}, networkConnectionEnabled: false, pageLoadStrategy: normal, platformName: windows, proxy: Proxy(), se:cdp: ws://localhost:54570/devtoo..., se:cdpVersion: 121.0.6167.185, setWindowRect: true, strictFileInteractability: false, timeouts: {implicit: 0, pageLoad: 300000, script: 30000}, unhandledPromptBehavior: dismiss and notify, webauthn:extension:credBlob: true, webauthn:extension:largeBlob: true, webauthn:extension:minPinLength: true, webauthn:extension:prf: true, webauthn:virtualAuthenticators: true}
Session ID: b8e56579ca638aa86e5fed4182ff978c]]>
            </message>
            <full-stacktrace>
              <![CDATA[org.openqa.selenium.NoSuchElementException: no such element: Unable to locate element: {"method":"xpath","selector":"a"}
  (Session info: chrome=121.0.6167.185)
For documentation on this error, please visit: https://www.selenium.dev/documentation/webdriver/troubleshooting/errors#no-such-element-exception
Build info: version: '4.14.1', revision: '03f8ede370'
System info: os.name: 'Windows 11', os.arch: 'amd64', os.version: '10.0', java.version: '18.0.1.1'
Driver info: org.openqa.selenium.chrome.ChromeDriver
Command: [b8e56579ca638aa86e5fed4182ff978c, findElement {using=xpath, value=a}]
Capabilities {acceptInsecureCerts: false, browserName: chrome, browserVersion: 121.0.6167.185, chrome: {chromedriverVersion: 121.0.6167.184 (057a8ae7deb..., userDataDir: C:\WINDOWS\TEMP\scoped_dir3...}, fedcm:accounts: true, goog:chromeOptions: {debuggerAddress: localhost:54570}, networkConnectionEnabled: false, pageLoadStrategy: normal, platformName: windows, proxy: Proxy(), se:cdp: ws://localhost:54570/devtoo..., se:cdpVersion: 121.0.6167.185, setWindowRect: true, strictFileInteractability: false, timeouts: {implicit: 0, pageLoad: 300000, script: 30000}, unhandledPromptBehavior: dismiss and notify, webauthn:extension:credBlob: true, webauthn:extension:largeBlob: true, webauthn:extension:minPinLength: true, webauthn:extension:prf: true, webauthn:virtualAuthenticators: true}
Session ID: b8e56579ca638aa86e5fed4182ff978c
at java.base/jdk.internal.reflect.DirectConstructorHandleAccessor.newInstance(DirectConstructorHandleAccessor.java:67)
at java.base/java.lang.reflect.Constructor.newInstanceWithCaller(Constructor.java:499)
at java.base/java.lang.reflect.Constructor.newInstance(Constructor.java:483)
at org.openqa.selenium.remote.codec.w3c.W3CHttpResponseCodec.createException(W3CHttpResponseCodec.java:200)
at org.openqa.selenium.remote.codec.w3c.W3CHttpResponseCodec.decode(W3CHttpResponseCodec.java:133)
at org.openqa.selenium.remote.codec.w3c.W3CHttpResponseCodec.decode(W3CHttpResponseCodec.java:52)
at org.openqa.selenium.remote.HttpCommandExecutor.execute(HttpCommandExecutor.java:191)
at org.openqa.selenium.remote.service.DriverCommandExecutor.invokeExecute(DriverCommandExecutor.java:200)
at org.openqa.selenium.remote.service.DriverCommandExecutor.execute(DriverCommandExecutor.java:175)
at org.openqa.selenium.remote.RemoteWebDriver.execute(RemoteWebDriver.java:602)
at org.openqa.selenium.remote.ElementLocation$ElementFinder$2.findElement(ElementLocation.java:165)
at org.openqa.selenium.remote.ElementLocation.findElement(ElementLocation.java:59)
at org.openqa.selenium.remote.RemoteWebDriver.findElement(RemoteWebDriver.java:359)
at org.openqa.selenium.remote.RemoteWebDriver.findElement(RemoteWebDriver.java:353)
at sprint_2_Negative.aSprint_2_LoginLogout_Demo_FMS.a28_schemeBootstrapBtnDisablingAndCheckingSchemeIsEnabledInUserPannelErrorTest(aSprint_2_LoginLogout_Demo_FMS.java:2337)
at java.base/jdk.internal.reflect.DirectMethodHandleAccessor.invoke(DirectMethodHandleAccessor.java:104)
at java.base/java.lang.reflect.Method.invoke(Method.java:577)
at org.testng.internal.invokers.MethodInvocationHelper.invokeMethod(MethodInvocationHelper.java:139)
at org.testng.internal.invokers.TestInvoker.invokeMethod(TestInvoker.java:677)
at org.testng.internal.invokers.TestInvoker.invokeTestMethod(TestInvoker.java:221)
at org.testng.internal.invokers.MethodRunner.runInSequence(MethodRunner.java:50)
at org.testng.internal.invokers.TestInvoker$MethodInvocationAgent.invoke(TestInvoker.java:962)
at org.testng.internal.invokers.TestInvoker.invokeTestMethods(TestInvoker.java:194)
at org.testng.internal.invokers.TestMethodWorker.invokeTestMethods(TestMethodWorker.java:148)
at org.testng.internal.invokers.TestMethodWorker.run(TestMethodWorker.java:128)
at java.base/java.util.ArrayList.forEach(ArrayList.java:1511)
at org.testng.TestRunner.privateRun(TestRunner.java:806)
at org.testng.TestRunner.run(TestRunner.java:601)
at org.testng.SuiteRunner.runTest(SuiteRunner.java:433)
at org.testng.SuiteRunner$SuiteWorker.run(SuiteRunner.java:471)
at org.testng.internal.thread.ThreadUtil.lambda$execute$0(ThreadUtil.java:58)
at java.base/java.util.concurrent.FutureTask.run(FutureTask.java:264)
at java.base/java.util.concurrent.ThreadPoolExecutor.runWorker(ThreadPoolExecutor.java:1136)
at java.base/java.util.concurrent.ThreadPoolExecutor$Worker.run(ThreadPoolExecutor.java:635)
at java.base/java.lang.Thread.run(Thread.java:833)
]]>
            </full-stacktrace>
          </exception> <!-- org.openqa.selenium.NoSuchElementException -->
          <reporter-output>
          </reporter-output>
        </test-method> <!-- a28_schemeBootstrapBtnDisablingAndCheckingSchemeIsEnabledInUserPannelErrorTest -->
        <test-method signature="a29_schemeBootstrapBtnEnablingAndCheckingSchemeIsDisabledInUserPannelErrorTest()[pri:29, instance:sprint_2_Negative.aSprint_2_LoginLogout_Demo_FMS@4218d6a3]" started-at="2024-02-22T17:55:38 IST" name="a29_schemeBootstrapBtnEnablingAndCheckingSchemeIsDisabledInUserPannelErrorTest" finished-at="2024-02-22T17:56:16 IST" duration-ms="37759" status="FAIL">
          <exception class="org.openqa.selenium.ElementClickInterceptedException">
            <message>
              <![CDATA[element click intercepted: Element <div class="mdc-switch__icons">...</div> is not clickable at point (1329, 372). Other element would receive the click: <div _ngcontent-rix-c36="" id="addscheme" data-bs-backdrop="static" data-bs-keyboard="false" class="modal show" aria-modal="true" role="dialog" style="display: block;">...</div>
  (Session info: chrome=121.0.6167.185)
Build info: version: '4.14.1', revision: '03f8ede370'
System info: os.name: 'Windows 11', os.arch: 'amd64', os.version: '10.0', java.version: '18.0.1.1'
Driver info: org.openqa.selenium.chrome.ChromeDriver
Command: [02c1a2ffeed4e47af92d6e6691677bac, clickElement {id=9A5A2C95EF75E1269B641A9AC5C907D7_element_180}]
Capabilities {acceptInsecureCerts: false, browserName: chrome, browserVersion: 121.0.6167.185, chrome: {chromedriverVersion: 121.0.6167.184 (057a8ae7deb..., userDataDir: C:\WINDOWS\TEMP\scoped_dir2...}, fedcm:accounts: true, goog:chromeOptions: {debuggerAddress: localhost:54694}, networkConnectionEnabled: false, pageLoadStrategy: normal, platformName: windows, proxy: Proxy(), se:cdp: ws://localhost:54694/devtoo..., se:cdpVersion: 121.0.6167.185, setWindowRect: true, strictFileInteractability: false, timeouts: {implicit: 0, pageLoad: 300000, script: 30000}, unhandledPromptBehavior: dismiss and notify, webauthn:extension:credBlob: true, webauthn:extension:largeBlob: true, webauthn:extension:minPinLength: true, webauthn:extension:prf: true, webauthn:virtualAuthenticators: true}
Element: [[ChromeDriver: chrome on windows (02c1a2ffeed4e47af92d6e6691677bac)] -> xpath: ((//td[.='Scheme8861216']/..//td/button[.=' View ']/../following-sibling::td/button[.=' Info '])[1]/../following-sibling::td)[1]/following-sibling::td/button[.=' Edit ']/..//div[@class='mdc-switch__ripple']/following-sibling::div[@class='mdc-switch__icons']]
Session ID: 02c1a2ffeed4e47af92d6e6691677bac]]>
            </message>
            <full-stacktrace>
              <![CDATA[org.openqa.selenium.ElementClickInterceptedException: element click intercepted: Element <div class="mdc-switch__icons">...</div> is not clickable at point (1329, 372). Other element would receive the click: <div _ngcontent-rix-c36="" id="addscheme" data-bs-backdrop="static" data-bs-keyboard="false" class="modal show" aria-modal="true" role="dialog" style="display: block;">...</div>
  (Session info: chrome=121.0.6167.185)
Build info: version: '4.14.1', revision: '03f8ede370'
System info: os.name: 'Windows 11', os.arch: 'amd64', os.version: '10.0', java.version: '18.0.1.1'
Driver info: org.openqa.selenium.chrome.ChromeDriver
Command: [02c1a2ffeed4e47af92d6e6691677bac, clickElement {id=9A5A2C95EF75E1269B641A9AC5C907D7_element_180}]
Capabilities {acceptInsecureCerts: false, browserName: chrome, browserVersion: 121.0.6167.185, chrome: {chromedriverVersion: 121.0.6167.184 (057a8ae7deb..., userDataDir: C:\WINDOWS\TEMP\scoped_dir2...}, fedcm:accounts: true, goog:chromeOptions: {debuggerAddress: localhost:54694}, networkConnectionEnabled: false, pageLoadStrategy: normal, platformName: windows, proxy: Proxy(), se:cdp: ws://localhost:54694/devtoo..., se:cdpVersion: 121.0.6167.185, setWindowRect: true, strictFileInteractability: false, timeouts: {implicit: 0, pageLoad: 300000, script: 30000}, unhandledPromptBehavior: dismiss and notify, webauthn:extension:credBlob: true, webauthn:extension:largeBlob: true, webauthn:extension:minPinLength: true, webauthn:extension:prf: true, webauthn:virtualAuthenticators: true}
Element: [[ChromeDriver: chrome on windows (02c1a2ffeed4e47af92d6e6691677bac)] -> xpath: ((//td[.='Scheme8861216']/..//td/button[.=' View ']/../following-sibling::td/button[.=' Info '])[1]/../following-sibling::td)[1]/following-sibling::td/button[.=' Edit ']/..//div[@class='mdc-switch__ripple']/following-sibling::div[@class='mdc-switch__icons']]
Session ID: 02c1a2ffeed4e47af92d6e6691677bac
at java.base/jdk.internal.reflect.DirectConstructorHandleAccessor.newInstance(DirectConstructorHandleAccessor.java:67)
at java.base/java.lang.reflect.Constructor.newInstanceWithCaller(Constructor.java:499)
at java.base/java.lang.reflect.Constructor.newInstance(Constructor.java:483)
at org.openqa.selenium.remote.codec.w3c.W3CHttpResponseCodec.createException(W3CHttpResponseCodec.java:200)
at org.openqa.selenium.remote.codec.w3c.W3CHttpResponseCodec.decode(W3CHttpResponseCodec.java:133)
at org.openqa.selenium.remote.codec.w3c.W3CHttpResponseCodec.decode(W3CHttpResponseCodec.java:52)
at org.openqa.selenium.remote.HttpCommandExecutor.execute(HttpCommandExecutor.java:191)
at org.openqa.selenium.remote.service.DriverCommandExecutor.invokeExecute(DriverCommandExecutor.java:200)
at org.openqa.selenium.remote.service.DriverCommandExecutor.execute(DriverCommandExecutor.java:175)
at org.openqa.selenium.remote.RemoteWebDriver.execute(RemoteWebDriver.java:602)
at org.openqa.selenium.remote.RemoteWebElement.execute(RemoteWebElement.java:224)
at org.openqa.selenium.remote.RemoteWebElement.click(RemoteWebElement.java:77)
at sprint_2_Negative.aSprint_2_LoginLogout_Demo_FMS.a29_schemeBootstrapBtnEnablingAndCheckingSchemeIsDisabledInUserPannelErrorTest(aSprint_2_LoginLogout_Demo_FMS.java:2408)
at java.base/jdk.internal.reflect.DirectMethodHandleAccessor.invoke(DirectMethodHandleAccessor.java:104)
at java.base/java.lang.reflect.Method.invoke(Method.java:577)
at org.testng.internal.invokers.MethodInvocationHelper.invokeMethod(MethodInvocationHelper.java:139)
at org.testng.internal.invokers.TestInvoker.invokeMethod(TestInvoker.java:677)
at org.testng.internal.invokers.TestInvoker.invokeTestMethod(TestInvoker.java:221)
at org.testng.internal.invokers.MethodRunner.runInSequence(MethodRunner.java:50)
at org.testng.internal.invokers.TestInvoker$MethodInvocationAgent.invoke(TestInvoker.java:962)
at org.testng.internal.invokers.TestInvoker.invokeTestMethods(TestInvoker.java:194)
at org.testng.internal.invokers.TestMethodWorker.invokeTestMethods(TestMethodWorker.java:148)
at org.testng.internal.invokers.TestMethodWorker.run(TestMethodWorker.java:128)
at java.base/java.util.ArrayList.forEach(ArrayList.java:1511)
at org.testng.TestRunner.privateRun(TestRunner.java:806)
at org.testng.TestRunner.run(TestRunner.java:601)
at org.testng.SuiteRunner.runTest(SuiteRunner.java:433)
at org.testng.SuiteRunner$SuiteWorker.run(SuiteRunner.java:471)
at org.testng.internal.thread.ThreadUtil.lambda$execute$0(ThreadUtil.java:58)
at java.base/java.util.concurrent.FutureTask.run(FutureTask.java:264)
at java.base/java.util.concurrent.ThreadPoolExecutor.runWorker(ThreadPoolExecutor.java:1136)
at java.base/java.util.concurrent.ThreadPoolExecutor$Worker.run(ThreadPoolExecutor.java:635)
at java.base/java.lang.Thread.run(Thread.java:833)
]]>
            </full-stacktrace>
          </exception> <!-- org.openqa.selenium.ElementClickInterceptedException -->
          <reporter-output>
          </reporter-output>
        </test-method> <!-- a29_schemeBootstrapBtnEnablingAndCheckingSchemeIsDisabledInUserPannelErrorTest -->
        <test-method signature="a30_clickOnDashboardSchemePageShouldBeDisplayedErrorTest()[pri:30, instance:sprint_2_Negative.aSprint_2_LoginLogout_Demo_FMS@4218d6a3]" started-at="2024-02-22T17:56:16 IST" name="a30_clickOnDashboardSchemePageShouldBeDisplayedErrorTest" finished-at="2024-02-22T17:56:48 IST" duration-ms="31432" status="FAIL">
          <exception class="org.openqa.selenium.NoSuchElementException">
            <message>
              <![CDATA[no such element: Unable to locate element: {"method":"xpath","selector":"a"}
  (Session info: chrome=121.0.6167.185)
For documentation on this error, please visit: https://www.selenium.dev/documentation/webdriver/troubleshooting/errors#no-such-element-exception
Build info: version: '4.14.1', revision: '03f8ede370'
System info: os.name: 'Windows 11', os.arch: 'amd64', os.version: '10.0', java.version: '18.0.1.1'
Driver info: org.openqa.selenium.chrome.ChromeDriver
Command: [2d548e2e03abc881da388f93694ccdab, findElement {using=xpath, value=a}]
Capabilities {acceptInsecureCerts: false, browserName: chrome, browserVersion: 121.0.6167.185, chrome: {chromedriverVersion: 121.0.6167.184 (057a8ae7deb..., userDataDir: C:\WINDOWS\TEMP\scoped_dir3...}, fedcm:accounts: true, goog:chromeOptions: {debuggerAddress: localhost:54763}, networkConnectionEnabled: false, pageLoadStrategy: normal, platformName: windows, proxy: Proxy(), se:cdp: ws://localhost:54763/devtoo..., se:cdpVersion: 121.0.6167.185, setWindowRect: true, strictFileInteractability: false, timeouts: {implicit: 0, pageLoad: 300000, script: 30000}, unhandledPromptBehavior: dismiss and notify, webauthn:extension:credBlob: true, webauthn:extension:largeBlob: true, webauthn:extension:minPinLength: true, webauthn:extension:prf: true, webauthn:virtualAuthenticators: true}
Session ID: 2d548e2e03abc881da388f93694ccdab]]>
            </message>
            <full-stacktrace>
              <![CDATA[org.openqa.selenium.NoSuchElementException: no such element: Unable to locate element: {"method":"xpath","selector":"a"}
  (Session info: chrome=121.0.6167.185)
For documentation on this error, please visit: https://www.selenium.dev/documentation/webdriver/troubleshooting/errors#no-such-element-exception
Build info: version: '4.14.1', revision: '03f8ede370'
System info: os.name: 'Windows 11', os.arch: 'amd64', os.version: '10.0', java.version: '18.0.1.1'
Driver info: org.openqa.selenium.chrome.ChromeDriver
Command: [2d548e2e03abc881da388f93694ccdab, findElement {using=xpath, value=a}]
Capabilities {acceptInsecureCerts: false, browserName: chrome, browserVersion: 121.0.6167.185, chrome: {chromedriverVersion: 121.0.6167.184 (057a8ae7deb..., userDataDir: C:\WINDOWS\TEMP\scoped_dir3...}, fedcm:accounts: true, goog:chromeOptions: {debuggerAddress: localhost:54763}, networkConnectionEnabled: false, pageLoadStrategy: normal, platformName: windows, proxy: Proxy(), se:cdp: ws://localhost:54763/devtoo..., se:cdpVersion: 121.0.6167.185, setWindowRect: true, strictFileInteractability: false, timeouts: {implicit: 0, pageLoad: 300000, script: 30000}, unhandledPromptBehavior: dismiss and notify, webauthn:extension:credBlob: true, webauthn:extension:largeBlob: true, webauthn:extension:minPinLength: true, webauthn:extension:prf: true, webauthn:virtualAuthenticators: true}
Session ID: 2d548e2e03abc881da388f93694ccdab
at java.base/jdk.internal.reflect.DirectConstructorHandleAccessor.newInstance(DirectConstructorHandleAccessor.java:67)
at java.base/java.lang.reflect.Constructor.newInstanceWithCaller(Constructor.java:499)
at java.base/java.lang.reflect.Constructor.newInstance(Constructor.java:483)
at org.openqa.selenium.remote.codec.w3c.W3CHttpResponseCodec.createException(W3CHttpResponseCodec.java:200)
at org.openqa.selenium.remote.codec.w3c.W3CHttpResponseCodec.decode(W3CHttpResponseCodec.java:133)
at org.openqa.selenium.remote.codec.w3c.W3CHttpResponseCodec.decode(W3CHttpResponseCodec.java:52)
at org.openqa.selenium.remote.HttpCommandExecutor.execute(HttpCommandExecutor.java:191)
at org.openqa.selenium.remote.service.DriverCommandExecutor.invokeExecute(DriverCommandExecutor.java:200)
at org.openqa.selenium.remote.service.DriverCommandExecutor.execute(DriverCommandExecutor.java:175)
at org.openqa.selenium.remote.RemoteWebDriver.execute(RemoteWebDriver.java:602)
at org.openqa.selenium.remote.ElementLocation$ElementFinder$2.findElement(ElementLocation.java:165)
at org.openqa.selenium.remote.ElementLocation.findElement(ElementLocation.java:59)
at org.openqa.selenium.remote.RemoteWebDriver.findElement(RemoteWebDriver.java:359)
at org.openqa.selenium.remote.RemoteWebDriver.findElement(RemoteWebDriver.java:353)
at sprint_2_Negative.aSprint_2_LoginLogout_Demo_FMS.a30_clickOnDashboardSchemePageShouldBeDisplayedErrorTest(aSprint_2_LoginLogout_Demo_FMS.java:2494)
at java.base/jdk.internal.reflect.DirectMethodHandleAccessor.invoke(DirectMethodHandleAccessor.java:104)
at java.base/java.lang.reflect.Method.invoke(Method.java:577)
at org.testng.internal.invokers.MethodInvocationHelper.invokeMethod(MethodInvocationHelper.java:139)
at org.testng.internal.invokers.TestInvoker.invokeMethod(TestInvoker.java:677)
at org.testng.internal.invokers.TestInvoker.invokeTestMethod(TestInvoker.java:221)
at org.testng.internal.invokers.MethodRunner.runInSequence(MethodRunner.java:50)
at org.testng.internal.invokers.TestInvoker$MethodInvocationAgent.invoke(TestInvoker.java:962)
at org.testng.internal.invokers.TestInvoker.invokeTestMethods(TestInvoker.java:194)
at org.testng.internal.invokers.TestMethodWorker.invokeTestMethods(TestMethodWorker.java:148)
at org.testng.internal.invokers.TestMethodWorker.run(TestMethodWorker.java:128)
at java.base/java.util.ArrayList.forEach(ArrayList.java:1511)
at org.testng.TestRunner.privateRun(TestRunner.java:806)
at org.testng.TestRunner.run(TestRunner.java:601)
at org.testng.SuiteRunner.runTest(SuiteRunner.java:433)
at org.testng.SuiteRunner$SuiteWorker.run(SuiteRunner.java:471)
at org.testng.internal.thread.ThreadUtil.lambda$execute$0(ThreadUtil.java:58)
at java.base/java.util.concurrent.FutureTask.run(FutureTask.java:264)
at java.base/java.util.concurrent.ThreadPoolExecutor.runWorker(ThreadPoolExecutor.java:1136)
at java.base/java.util.concurrent.ThreadPoolExecutor$Worker.run(ThreadPoolExecutor.java:635)
at java.base/java.lang.Thread.run(Thread.java:833)
]]>
            </full-stacktrace>
          </exception> <!-- org.openqa.selenium.NoSuchElementException -->
          <reporter-output>
          </reporter-output>
        </test-method> <!-- a30_clickOnDashboardSchemePageShouldBeDisplayedErrorTest -->
        <test-method signature="a31_creatingSchemeWithoutGivingDataErrorTest()[pri:31, instance:sprint_2_Negative.aSprint_2_LoginLogout_Demo_FMS@4218d6a3]" started-at="2024-02-22T17:56:48 IST" name="a31_creatingSchemeWithoutGivingDataErrorTest" finished-at="2024-02-22T17:57:31 IST" duration-ms="43123" status="FAIL">
          <exception class="org.openqa.selenium.NoSuchElementException">
            <message>
              <![CDATA[no such element: Unable to locate element: {"method":"xpath","selector":"a"}
  (Session info: chrome=121.0.6167.185)
For documentation on this error, please visit: https://www.selenium.dev/documentation/webdriver/troubleshooting/errors#no-such-element-exception
Build info: version: '4.14.1', revision: '03f8ede370'
System info: os.name: 'Windows 11', os.arch: 'amd64', os.version: '10.0', java.version: '18.0.1.1'
Driver info: org.openqa.selenium.chrome.ChromeDriver
Command: [1a41d5521f78f4ba834a2d6f30728ba5, findElement {using=xpath, value=a}]
Capabilities {acceptInsecureCerts: false, browserName: chrome, browserVersion: 121.0.6167.185, chrome: {chromedriverVersion: 121.0.6167.184 (057a8ae7deb..., userDataDir: C:\WINDOWS\TEMP\scoped_dir1...}, fedcm:accounts: true, goog:chromeOptions: {debuggerAddress: localhost:54823}, networkConnectionEnabled: false, pageLoadStrategy: normal, platformName: windows, proxy: Proxy(), se:cdp: ws://localhost:54823/devtoo..., se:cdpVersion: 121.0.6167.185, setWindowRect: true, strictFileInteractability: false, timeouts: {implicit: 0, pageLoad: 300000, script: 30000}, unhandledPromptBehavior: dismiss and notify, webauthn:extension:credBlob: true, webauthn:extension:largeBlob: true, webauthn:extension:minPinLength: true, webauthn:extension:prf: true, webauthn:virtualAuthenticators: true}
Session ID: 1a41d5521f78f4ba834a2d6f30728ba5]]>
            </message>
            <full-stacktrace>
              <![CDATA[org.openqa.selenium.NoSuchElementException: no such element: Unable to locate element: {"method":"xpath","selector":"a"}
  (Session info: chrome=121.0.6167.185)
For documentation on this error, please visit: https://www.selenium.dev/documentation/webdriver/troubleshooting/errors#no-such-element-exception
Build info: version: '4.14.1', revision: '03f8ede370'
System info: os.name: 'Windows 11', os.arch: 'amd64', os.version: '10.0', java.version: '18.0.1.1'
Driver info: org.openqa.selenium.chrome.ChromeDriver
Command: [1a41d5521f78f4ba834a2d6f30728ba5, findElement {using=xpath, value=a}]
Capabilities {acceptInsecureCerts: false, browserName: chrome, browserVersion: 121.0.6167.185, chrome: {chromedriverVersion: 121.0.6167.184 (057a8ae7deb..., userDataDir: C:\WINDOWS\TEMP\scoped_dir1...}, fedcm:accounts: true, goog:chromeOptions: {debuggerAddress: localhost:54823}, networkConnectionEnabled: false, pageLoadStrategy: normal, platformName: windows, proxy: Proxy(), se:cdp: ws://localhost:54823/devtoo..., se:cdpVersion: 121.0.6167.185, setWindowRect: true, strictFileInteractability: false, timeouts: {implicit: 0, pageLoad: 300000, script: 30000}, unhandledPromptBehavior: dismiss and notify, webauthn:extension:credBlob: true, webauthn:extension:largeBlob: true, webauthn:extension:minPinLength: true, webauthn:extension:prf: true, webauthn:virtualAuthenticators: true}
Session ID: 1a41d5521f78f4ba834a2d6f30728ba5
at java.base/jdk.internal.reflect.DirectConstructorHandleAccessor.newInstance(DirectConstructorHandleAccessor.java:67)
at java.base/java.lang.reflect.Constructor.newInstanceWithCaller(Constructor.java:499)
at java.base/java.lang.reflect.Constructor.newInstance(Constructor.java:483)
at org.openqa.selenium.remote.codec.w3c.W3CHttpResponseCodec.createException(W3CHttpResponseCodec.java:200)
at org.openqa.selenium.remote.codec.w3c.W3CHttpResponseCodec.decode(W3CHttpResponseCodec.java:133)
at org.openqa.selenium.remote.codec.w3c.W3CHttpResponseCodec.decode(W3CHttpResponseCodec.java:52)
at org.openqa.selenium.remote.HttpCommandExecutor.execute(HttpCommandExecutor.java:191)
at org.openqa.selenium.remote.service.DriverCommandExecutor.invokeExecute(DriverCommandExecutor.java:200)
at org.openqa.selenium.remote.service.DriverCommandExecutor.execute(DriverCommandExecutor.java:175)
at org.openqa.selenium.remote.RemoteWebDriver.execute(RemoteWebDriver.java:602)
at org.openqa.selenium.remote.ElementLocation$ElementFinder$2.findElement(ElementLocation.java:165)
at org.openqa.selenium.remote.ElementLocation.findElement(ElementLocation.java:59)
at org.openqa.selenium.remote.RemoteWebDriver.findElement(RemoteWebDriver.java:359)
at org.openqa.selenium.remote.RemoteWebDriver.findElement(RemoteWebDriver.java:353)
at sprint_2_Negative.aSprint_2_LoginLogout_Demo_FMS.a31_creatingSchemeWithoutGivingDataErrorTest(aSprint_2_LoginLogout_Demo_FMS.java:2553)
at java.base/jdk.internal.reflect.DirectMethodHandleAccessor.invoke(DirectMethodHandleAccessor.java:104)
at java.base/java.lang.reflect.Method.invoke(Method.java:577)
at org.testng.internal.invokers.MethodInvocationHelper.invokeMethod(MethodInvocationHelper.java:139)
at org.testng.internal.invokers.TestInvoker.invokeMethod(TestInvoker.java:677)
at org.testng.internal.invokers.TestInvoker.invokeTestMethod(TestInvoker.java:221)
at org.testng.internal.invokers.MethodRunner.runInSequence(MethodRunner.java:50)
at org.testng.internal.invokers.TestInvoker$MethodInvocationAgent.invoke(TestInvoker.java:962)
at org.testng.internal.invokers.TestInvoker.invokeTestMethods(TestInvoker.java:194)
at org.testng.internal.invokers.TestMethodWorker.invokeTestMethods(TestMethodWorker.java:148)
at org.testng.internal.invokers.TestMethodWorker.run(TestMethodWorker.java:128)
at java.base/java.util.ArrayList.forEach(ArrayList.java:1511)
at org.testng.TestRunner.privateRun(TestRunner.java:806)
at org.testng.TestRunner.run(TestRunner.java:601)
at org.testng.SuiteRunner.runTest(SuiteRunner.java:433)
at org.testng.SuiteRunner$SuiteWorker.run(SuiteRunner.java:471)
at org.testng.internal.thread.ThreadUtil.lambda$execute$0(ThreadUtil.java:58)
at java.base/java.util.concurrent.FutureTask.run(FutureTask.java:264)
at java.base/java.util.concurrent.ThreadPoolExecutor.runWorker(ThreadPoolExecutor.java:1136)
at java.base/java.util.concurrent.ThreadPoolExecutor$Worker.run(ThreadPoolExecutor.java:635)
at java.base/java.lang.Thread.run(Thread.java:833)
]]>
            </full-stacktrace>
          </exception> <!-- org.openqa.selenium.NoSuchElementException -->
          <reporter-output>
          </reporter-output>
        </test-method> <!-- a31_creatingSchemeWithoutGivingDataErrorTest -->
        <test-method signature="a32_clickingOnPayNowBtnWithOutSelectingPaymentModeTest()[pri:32, instance:sprint_2_Negative.aSprint_2_LoginLogout_Demo_FMS@4218d6a3]" started-at="2024-02-22T17:57:31 IST" name="a32_clickingOnPayNowBtnWithOutSelectingPaymentModeTest" finished-at="2024-02-22T17:58:37 IST" duration-ms="65877" status="FAIL">
          <exception class="org.openqa.selenium.NoSuchElementException">
            <message>
              <![CDATA[no such element: Unable to locate element: {"method":"xpath","selector":"a"}
  (Session info: chrome=121.0.6167.185)
For documentation on this error, please visit: https://www.selenium.dev/documentation/webdriver/troubleshooting/errors#no-such-element-exception
Build info: version: '4.14.1', revision: '03f8ede370'
System info: os.name: 'Windows 11', os.arch: 'amd64', os.version: '10.0', java.version: '18.0.1.1'
Driver info: org.openqa.selenium.chrome.ChromeDriver
Command: [d0831eaed2c2651609fd0516f0a56474, findElement {using=xpath, value=a}]
Capabilities {acceptInsecureCerts: false, browserName: chrome, browserVersion: 121.0.6167.185, chrome: {chromedriverVersion: 121.0.6167.184 (057a8ae7deb..., userDataDir: C:\WINDOWS\TEMP\scoped_dir3...}, fedcm:accounts: true, goog:chromeOptions: {debuggerAddress: localhost:54894}, networkConnectionEnabled: false, pageLoadStrategy: normal, platformName: windows, proxy: Proxy(), se:cdp: ws://localhost:54894/devtoo..., se:cdpVersion: 121.0.6167.185, setWindowRect: true, strictFileInteractability: false, timeouts: {implicit: 0, pageLoad: 300000, script: 30000}, unhandledPromptBehavior: dismiss and notify, webauthn:extension:credBlob: true, webauthn:extension:largeBlob: true, webauthn:extension:minPinLength: true, webauthn:extension:prf: true, webauthn:virtualAuthenticators: true}
Session ID: d0831eaed2c2651609fd0516f0a56474]]>
            </message>
            <full-stacktrace>
              <![CDATA[org.openqa.selenium.NoSuchElementException: no such element: Unable to locate element: {"method":"xpath","selector":"a"}
  (Session info: chrome=121.0.6167.185)
For documentation on this error, please visit: https://www.selenium.dev/documentation/webdriver/troubleshooting/errors#no-such-element-exception
Build info: version: '4.14.1', revision: '03f8ede370'
System info: os.name: 'Windows 11', os.arch: 'amd64', os.version: '10.0', java.version: '18.0.1.1'
Driver info: org.openqa.selenium.chrome.ChromeDriver
Command: [d0831eaed2c2651609fd0516f0a56474, findElement {using=xpath, value=a}]
Capabilities {acceptInsecureCerts: false, browserName: chrome, browserVersion: 121.0.6167.185, chrome: {chromedriverVersion: 121.0.6167.184 (057a8ae7deb..., userDataDir: C:\WINDOWS\TEMP\scoped_dir3...}, fedcm:accounts: true, goog:chromeOptions: {debuggerAddress: localhost:54894}, networkConnectionEnabled: false, pageLoadStrategy: normal, platformName: windows, proxy: Proxy(), se:cdp: ws://localhost:54894/devtoo..., se:cdpVersion: 121.0.6167.185, setWindowRect: true, strictFileInteractability: false, timeouts: {implicit: 0, pageLoad: 300000, script: 30000}, unhandledPromptBehavior: dismiss and notify, webauthn:extension:credBlob: true, webauthn:extension:largeBlob: true, webauthn:extension:minPinLength: true, webauthn:extension:prf: true, webauthn:virtualAuthenticators: true}
Session ID: d0831eaed2c2651609fd0516f0a56474
at java.base/jdk.internal.reflect.DirectConstructorHandleAccessor.newInstance(DirectConstructorHandleAccessor.java:67)
at java.base/java.lang.reflect.Constructor.newInstanceWithCaller(Constructor.java:499)
at java.base/java.lang.reflect.Constructor.newInstance(Constructor.java:483)
at org.openqa.selenium.remote.codec.w3c.W3CHttpResponseCodec.createException(W3CHttpResponseCodec.java:200)
at org.openqa.selenium.remote.codec.w3c.W3CHttpResponseCodec.decode(W3CHttpResponseCodec.java:133)
at org.openqa.selenium.remote.codec.w3c.W3CHttpResponseCodec.decode(W3CHttpResponseCodec.java:52)
at org.openqa.selenium.remote.HttpCommandExecutor.execute(HttpCommandExecutor.java:191)
at org.openqa.selenium.remote.service.DriverCommandExecutor.invokeExecute(DriverCommandExecutor.java:200)
at org.openqa.selenium.remote.service.DriverCommandExecutor.execute(DriverCommandExecutor.java:175)
at org.openqa.selenium.remote.RemoteWebDriver.execute(RemoteWebDriver.java:602)
at org.openqa.selenium.remote.ElementLocation$ElementFinder$2.findElement(ElementLocation.java:165)
at org.openqa.selenium.remote.ElementLocation.findElement(ElementLocation.java:59)
at org.openqa.selenium.remote.RemoteWebDriver.findElement(RemoteWebDriver.java:359)
at org.openqa.selenium.remote.RemoteWebDriver.findElement(RemoteWebDriver.java:353)
at sprint_2_Negative.aSprint_2_LoginLogout_Demo_FMS.a32_clickingOnPayNowBtnWithOutSelectingPaymentModeTest(aSprint_2_LoginLogout_Demo_FMS.java:2663)
at java.base/jdk.internal.reflect.DirectMethodHandleAccessor.invoke(DirectMethodHandleAccessor.java:104)
at java.base/java.lang.reflect.Method.invoke(Method.java:577)
at org.testng.internal.invokers.MethodInvocationHelper.invokeMethod(MethodInvocationHelper.java:139)
at org.testng.internal.invokers.TestInvoker.invokeMethod(TestInvoker.java:677)
at org.testng.internal.invokers.TestInvoker.invokeTestMethod(TestInvoker.java:221)
at org.testng.internal.invokers.MethodRunner.runInSequence(MethodRunner.java:50)
at org.testng.internal.invokers.TestInvoker$MethodInvocationAgent.invoke(TestInvoker.java:962)
at org.testng.internal.invokers.TestInvoker.invokeTestMethods(TestInvoker.java:194)
at org.testng.internal.invokers.TestMethodWorker.invokeTestMethods(TestMethodWorker.java:148)
at org.testng.internal.invokers.TestMethodWorker.run(TestMethodWorker.java:128)
at java.base/java.util.ArrayList.forEach(ArrayList.java:1511)
at org.testng.TestRunner.privateRun(TestRunner.java:806)
at org.testng.TestRunner.run(TestRunner.java:601)
at org.testng.SuiteRunner.runTest(SuiteRunner.java:433)
at org.testng.SuiteRunner$SuiteWorker.run(SuiteRunner.java:471)
at org.testng.internal.thread.ThreadUtil.lambda$execute$0(ThreadUtil.java:58)
at java.base/java.util.concurrent.FutureTask.run(FutureTask.java:264)
at java.base/java.util.concurrent.ThreadPoolExecutor.runWorker(ThreadPoolExecutor.java:1136)
at java.base/java.util.concurrent.ThreadPoolExecutor$Worker.run(ThreadPoolExecutor.java:635)
at java.base/java.lang.Thread.run(Thread.java:833)
]]>
            </full-stacktrace>
          </exception> <!-- org.openqa.selenium.NoSuchElementException -->
          <reporter-output>
          </reporter-output>
        </test-method> <!-- a32_clickingOnPayNowBtnWithOutSelectingPaymentModeTest -->
        <test-method signature="a33_clickingOnUPIorQRAndClickOnUpiIdOrMobileNumberCheckBoxErrorTest()[pri:33, instance:sprint_2_Negative.aSprint_2_LoginLogout_Demo_FMS@4218d6a3]" started-at="2024-02-22T17:58:37 IST" name="a33_clickingOnUPIorQRAndClickOnUpiIdOrMobileNumberCheckBoxErrorTest" finished-at="2024-02-22T17:59:41 IST" duration-ms="64981" status="FAIL">
          <exception class="org.openqa.selenium.NoSuchElementException">
            <message>
              <![CDATA[no such element: Unable to locate element: {"method":"xpath","selector":"a"}
  (Session info: chrome=121.0.6167.185)
For documentation on this error, please visit: https://www.selenium.dev/documentation/webdriver/troubleshooting/errors#no-such-element-exception
Build info: version: '4.14.1', revision: '03f8ede370'
System info: os.name: 'Windows 11', os.arch: 'amd64', os.version: '10.0', java.version: '18.0.1.1'
Driver info: org.openqa.selenium.chrome.ChromeDriver
Command: [fd26e9b69bcdf9e2155a3f5c24af815a, findElement {using=xpath, value=a}]
Capabilities {acceptInsecureCerts: false, browserName: chrome, browserVersion: 121.0.6167.185, chrome: {chromedriverVersion: 121.0.6167.184 (057a8ae7deb..., userDataDir: C:\WINDOWS\TEMP\scoped_dir3...}, fedcm:accounts: true, goog:chromeOptions: {debuggerAddress: localhost:54990}, networkConnectionEnabled: false, pageLoadStrategy: normal, platformName: windows, proxy: Proxy(), se:cdp: ws://localhost:54990/devtoo..., se:cdpVersion: 121.0.6167.185, setWindowRect: true, strictFileInteractability: false, timeouts: {implicit: 0, pageLoad: 300000, script: 30000}, unhandledPromptBehavior: dismiss and notify, webauthn:extension:credBlob: true, webauthn:extension:largeBlob: true, webauthn:extension:minPinLength: true, webauthn:extension:prf: true, webauthn:virtualAuthenticators: true}
Session ID: fd26e9b69bcdf9e2155a3f5c24af815a]]>
            </message>
            <full-stacktrace>
              <![CDATA[org.openqa.selenium.NoSuchElementException: no such element: Unable to locate element: {"method":"xpath","selector":"a"}
  (Session info: chrome=121.0.6167.185)
For documentation on this error, please visit: https://www.selenium.dev/documentation/webdriver/troubleshooting/errors#no-such-element-exception
Build info: version: '4.14.1', revision: '03f8ede370'
System info: os.name: 'Windows 11', os.arch: 'amd64', os.version: '10.0', java.version: '18.0.1.1'
Driver info: org.openqa.selenium.chrome.ChromeDriver
Command: [fd26e9b69bcdf9e2155a3f5c24af815a, findElement {using=xpath, value=a}]
Capabilities {acceptInsecureCerts: false, browserName: chrome, browserVersion: 121.0.6167.185, chrome: {chromedriverVersion: 121.0.6167.184 (057a8ae7deb..., userDataDir: C:\WINDOWS\TEMP\scoped_dir3...}, fedcm:accounts: true, goog:chromeOptions: {debuggerAddress: localhost:54990}, networkConnectionEnabled: false, pageLoadStrategy: normal, platformName: windows, proxy: Proxy(), se:cdp: ws://localhost:54990/devtoo..., se:cdpVersion: 121.0.6167.185, setWindowRect: true, strictFileInteractability: false, timeouts: {implicit: 0, pageLoad: 300000, script: 30000}, unhandledPromptBehavior: dismiss and notify, webauthn:extension:credBlob: true, webauthn:extension:largeBlob: true, webauthn:extension:minPinLength: true, webauthn:extension:prf: true, webauthn:virtualAuthenticators: true}
Session ID: fd26e9b69bcdf9e2155a3f5c24af815a
at java.base/jdk.internal.reflect.DirectConstructorHandleAccessor.newInstance(DirectConstructorHandleAccessor.java:67)
at java.base/java.lang.reflect.Constructor.newInstanceWithCaller(Constructor.java:499)
at java.base/java.lang.reflect.Constructor.newInstance(Constructor.java:483)
at org.openqa.selenium.remote.codec.w3c.W3CHttpResponseCodec.createException(W3CHttpResponseCodec.java:200)
at org.openqa.selenium.remote.codec.w3c.W3CHttpResponseCodec.decode(W3CHttpResponseCodec.java:133)
at org.openqa.selenium.remote.codec.w3c.W3CHttpResponseCodec.decode(W3CHttpResponseCodec.java:52)
at org.openqa.selenium.remote.HttpCommandExecutor.execute(HttpCommandExecutor.java:191)
at org.openqa.selenium.remote.service.DriverCommandExecutor.invokeExecute(DriverCommandExecutor.java:200)
at org.openqa.selenium.remote.service.DriverCommandExecutor.execute(DriverCommandExecutor.java:175)
at org.openqa.selenium.remote.RemoteWebDriver.execute(RemoteWebDriver.java:602)
at org.openqa.selenium.remote.ElementLocation$ElementFinder$2.findElement(ElementLocation.java:165)
at org.openqa.selenium.remote.ElementLocation.findElement(ElementLocation.java:59)
at org.openqa.selenium.remote.RemoteWebDriver.findElement(RemoteWebDriver.java:359)
at org.openqa.selenium.remote.RemoteWebDriver.findElement(RemoteWebDriver.java:353)
at sprint_2_Negative.aSprint_2_LoginLogout_Demo_FMS.a33_clickingOnUPIorQRAndClickOnUpiIdOrMobileNumberCheckBoxErrorTest(aSprint_2_LoginLogout_Demo_FMS.java:2779)
at java.base/jdk.internal.reflect.DirectMethodHandleAccessor.invoke(DirectMethodHandleAccessor.java:104)
at java.base/java.lang.reflect.Method.invoke(Method.java:577)
at org.testng.internal.invokers.MethodInvocationHelper.invokeMethod(MethodInvocationHelper.java:139)
at org.testng.internal.invokers.TestInvoker.invokeMethod(TestInvoker.java:677)
at org.testng.internal.invokers.TestInvoker.invokeTestMethod(TestInvoker.java:221)
at org.testng.internal.invokers.MethodRunner.runInSequence(MethodRunner.java:50)
at org.testng.internal.invokers.TestInvoker$MethodInvocationAgent.invoke(TestInvoker.java:962)
at org.testng.internal.invokers.TestInvoker.invokeTestMethods(TestInvoker.java:194)
at org.testng.internal.invokers.TestMethodWorker.invokeTestMethods(TestMethodWorker.java:148)
at org.testng.internal.invokers.TestMethodWorker.run(TestMethodWorker.java:128)
at java.base/java.util.ArrayList.forEach(ArrayList.java:1511)
at org.testng.TestRunner.privateRun(TestRunner.java:806)
at org.testng.TestRunner.run(TestRunner.java:601)
at org.testng.SuiteRunner.runTest(SuiteRunner.java:433)
at org.testng.SuiteRunner$SuiteWorker.run(SuiteRunner.java:471)
at org.testng.internal.thread.ThreadUtil.lambda$execute$0(ThreadUtil.java:58)
at java.base/java.util.concurrent.FutureTask.run(FutureTask.java:264)
at java.base/java.util.concurrent.ThreadPoolExecutor.runWorker(ThreadPoolExecutor.java:1136)
at java.base/java.util.concurrent.ThreadPoolExecutor$Worker.run(ThreadPoolExecutor.java:635)
at java.base/java.lang.Thread.run(Thread.java:833)
]]>
            </full-stacktrace>
          </exception> <!-- org.openqa.selenium.NoSuchElementException -->
          <reporter-output>
          </reporter-output>
        </test-method> <!-- a33_clickingOnUPIorQRAndClickOnUpiIdOrMobileNumberCheckBoxErrorTest -->
        <test-method signature="a34_whileSubscribingSchemeClickOnTheFailureButtonInTheRazorPayPagePaymentShouldPassErrorTest()[pri:34, instance:sprint_2_Negative.aSprint_2_LoginLogout_Demo_FMS@4218d6a3]" started-at="2024-02-22T17:59:41 IST" name="a34_whileSubscribingSchemeClickOnTheFailureButtonInTheRazorPayPagePaymentShouldPassErrorTest" finished-at="2024-02-22T18:00:54 IST" duration-ms="72315" status="FAIL">
          <exception class="org.openqa.selenium.NoSuchElementException">
            <message>
              <![CDATA[no such element: Unable to locate element: {"method":"xpath","selector":"a"}
  (Session info: chrome=121.0.6167.185)
For documentation on this error, please visit: https://www.selenium.dev/documentation/webdriver/troubleshooting/errors#no-such-element-exception
Build info: version: '4.14.1', revision: '03f8ede370'
System info: os.name: 'Windows 11', os.arch: 'amd64', os.version: '10.0', java.version: '18.0.1.1'
Driver info: org.openqa.selenium.chrome.ChromeDriver
Command: [e0143372fc4fb659cd58458c771a8a57, findElement {using=xpath, value=a}]
Capabilities {acceptInsecureCerts: false, browserName: chrome, browserVersion: 121.0.6167.185, chrome: {chromedriverVersion: 121.0.6167.184 (057a8ae7deb..., userDataDir: C:\WINDOWS\TEMP\scoped_dir1...}, fedcm:accounts: true, goog:chromeOptions: {debuggerAddress: localhost:55092}, networkConnectionEnabled: false, pageLoadStrategy: normal, platformName: windows, proxy: Proxy(), se:cdp: ws://localhost:55092/devtoo..., se:cdpVersion: 121.0.6167.185, setWindowRect: true, strictFileInteractability: false, timeouts: {implicit: 0, pageLoad: 300000, script: 30000}, unhandledPromptBehavior: dismiss and notify, webauthn:extension:credBlob: true, webauthn:extension:largeBlob: true, webauthn:extension:minPinLength: true, webauthn:extension:prf: true, webauthn:virtualAuthenticators: true}
Session ID: e0143372fc4fb659cd58458c771a8a57]]>
            </message>
            <full-stacktrace>
              <![CDATA[org.openqa.selenium.NoSuchElementException: no such element: Unable to locate element: {"method":"xpath","selector":"a"}
  (Session info: chrome=121.0.6167.185)
For documentation on this error, please visit: https://www.selenium.dev/documentation/webdriver/troubleshooting/errors#no-such-element-exception
Build info: version: '4.14.1', revision: '03f8ede370'
System info: os.name: 'Windows 11', os.arch: 'amd64', os.version: '10.0', java.version: '18.0.1.1'
Driver info: org.openqa.selenium.chrome.ChromeDriver
Command: [e0143372fc4fb659cd58458c771a8a57, findElement {using=xpath, value=a}]
Capabilities {acceptInsecureCerts: false, browserName: chrome, browserVersion: 121.0.6167.185, chrome: {chromedriverVersion: 121.0.6167.184 (057a8ae7deb..., userDataDir: C:\WINDOWS\TEMP\scoped_dir1...}, fedcm:accounts: true, goog:chromeOptions: {debuggerAddress: localhost:55092}, networkConnectionEnabled: false, pageLoadStrategy: normal, platformName: windows, proxy: Proxy(), se:cdp: ws://localhost:55092/devtoo..., se:cdpVersion: 121.0.6167.185, setWindowRect: true, strictFileInteractability: false, timeouts: {implicit: 0, pageLoad: 300000, script: 30000}, unhandledPromptBehavior: dismiss and notify, webauthn:extension:credBlob: true, webauthn:extension:largeBlob: true, webauthn:extension:minPinLength: true, webauthn:extension:prf: true, webauthn:virtualAuthenticators: true}
Session ID: e0143372fc4fb659cd58458c771a8a57
at java.base/jdk.internal.reflect.DirectConstructorHandleAccessor.newInstance(DirectConstructorHandleAccessor.java:67)
at java.base/java.lang.reflect.Constructor.newInstanceWithCaller(Constructor.java:499)
at java.base/java.lang.reflect.Constructor.newInstance(Constructor.java:483)
at org.openqa.selenium.remote.codec.w3c.W3CHttpResponseCodec.createException(W3CHttpResponseCodec.java:200)
at org.openqa.selenium.remote.codec.w3c.W3CHttpResponseCodec.decode(W3CHttpResponseCodec.java:133)
at org.openqa.selenium.remote.codec.w3c.W3CHttpResponseCodec.decode(W3CHttpResponseCodec.java:52)
at org.openqa.selenium.remote.HttpCommandExecutor.execute(HttpCommandExecutor.java:191)
at org.openqa.selenium.remote.service.DriverCommandExecutor.invokeExecute(DriverCommandExecutor.java:200)
at org.openqa.selenium.remote.service.DriverCommandExecutor.execute(DriverCommandExecutor.java:175)
at org.openqa.selenium.remote.RemoteWebDriver.execute(RemoteWebDriver.java:602)
at org.openqa.selenium.remote.ElementLocation$ElementFinder$2.findElement(ElementLocation.java:165)
at org.openqa.selenium.remote.ElementLocation.findElement(ElementLocation.java:59)
at org.openqa.selenium.remote.RemoteWebDriver.findElement(RemoteWebDriver.java:359)
at org.openqa.selenium.remote.RemoteWebDriver.findElement(RemoteWebDriver.java:353)
at sprint_2_Negative.aSprint_2_LoginLogout_Demo_FMS.a34_whileSubscribingSchemeClickOnTheFailureButtonInTheRazorPayPagePaymentShouldPassErrorTest(aSprint_2_LoginLogout_Demo_FMS.java:2913)
at java.base/jdk.internal.reflect.DirectMethodHandleAccessor.invoke(DirectMethodHandleAccessor.java:104)
at java.base/java.lang.reflect.Method.invoke(Method.java:577)
at org.testng.internal.invokers.MethodInvocationHelper.invokeMethod(MethodInvocationHelper.java:139)
at org.testng.internal.invokers.TestInvoker.invokeMethod(TestInvoker.java:677)
at org.testng.internal.invokers.TestInvoker.invokeTestMethod(TestInvoker.java:221)
at org.testng.internal.invokers.MethodRunner.runInSequence(MethodRunner.java:50)
at org.testng.internal.invokers.TestInvoker$MethodInvocationAgent.invoke(TestInvoker.java:962)
at org.testng.internal.invokers.TestInvoker.invokeTestMethods(TestInvoker.java:194)
at org.testng.internal.invokers.TestMethodWorker.invokeTestMethods(TestMethodWorker.java:148)
at org.testng.internal.invokers.TestMethodWorker.run(TestMethodWorker.java:128)
at java.base/java.util.ArrayList.forEach(ArrayList.java:1511)
at org.testng.TestRunner.privateRun(TestRunner.java:806)
at org.testng.TestRunner.run(TestRunner.java:601)
at org.testng.SuiteRunner.runTest(SuiteRunner.java:433)
at org.testng.SuiteRunner$SuiteWorker.run(SuiteRunner.java:471)
at org.testng.internal.thread.ThreadUtil.lambda$execute$0(ThreadUtil.java:58)
at java.base/java.util.concurrent.FutureTask.run(FutureTask.java:264)
at java.base/java.util.concurrent.ThreadPoolExecutor.runWorker(ThreadPoolExecutor.java:1136)
at java.base/java.util.concurrent.ThreadPoolExecutor$Worker.run(ThreadPoolExecutor.java:635)
at java.base/java.lang.Thread.run(Thread.java:833)
]]>
            </full-stacktrace>
          </exception> <!-- org.openqa.selenium.NoSuchElementException -->
          <reporter-output>
          </reporter-output>
        </test-method> <!-- a34_whileSubscribingSchemeClickOnTheFailureButtonInTheRazorPayPagePaymentShouldPassErrorTest -->
        <test-method signature="a35_whileSubscribingSchemeClickOnTheSuccessButtonInTheRazorPayPagePaymentShouldFailErrorTest()[pri:35, instance:sprint_2_Negative.aSprint_2_LoginLogout_Demo_FMS@4218d6a3]" started-at="2024-02-22T18:00:54 IST" name="a35_whileSubscribingSchemeClickOnTheSuccessButtonInTheRazorPayPagePaymentShouldFailErrorTest" finished-at="2024-02-22T18:01:55 IST" duration-ms="61528" status="PASS">
          <reporter-output>
          </reporter-output>
        </test-method> <!-- a35_whileSubscribingSchemeClickOnTheSuccessButtonInTheRazorPayPagePaymentShouldFailErrorTest -->
        <test-method signature="a36_loginWithoutByGiving10AlphabetsInMobileNumberTextFieldErrorTest()[pri:36, instance:sprint_2_Negative.aSprint_2_LoginLogout_Demo_FMS@4218d6a3]" started-at="2024-02-22T18:01:55 IST" name="a36_loginWithoutByGiving10AlphabetsInMobileNumberTextFieldErrorTest" finished-at="2024-02-22T18:02:10 IST" duration-ms="14738" status="PASS">
          <reporter-output>
          </reporter-output>
        </test-method> <!-- a36_loginWithoutByGiving10AlphabetsInMobileNumberTextFieldErrorTest -->
        <test-method signature="a37_loginWithoutByGivingMoreThan10NumbersInMobileNumberInTextFieldErrorTest()[pri:37, instance:sprint_2_Negative.aSprint_2_LoginLogout_Demo_FMS@4218d6a3]" started-at="2024-02-22T18:02:10 IST" name="a37_loginWithoutByGivingMoreThan10NumbersInMobileNumberInTextFieldErrorTest" finished-at="2024-02-22T18:02:20 IST" duration-ms="9745" status="PASS">
          <reporter-output>
          </reporter-output>
        </test-method> <!-- a37_loginWithoutByGivingMoreThan10NumbersInMobileNumberInTextFieldErrorTest -->
        <test-method signature="a38_loginWithoutByGivingLessThan10NumbersInMobileNumberTextFieldErrorTest()[pri:38, instance:sprint_2_Negative.aSprint_2_LoginLogout_Demo_FMS@4218d6a3]" started-at="2024-02-22T18:02:20 IST" name="a38_loginWithoutByGivingLessThan10NumbersInMobileNumberTextFieldErrorTest" finished-at="2024-02-22T18:02:40 IST" duration-ms="19743" status="FAIL">
          <exception class="org.openqa.selenium.NoSuchElementException">
            <message>
              <![CDATA[no such element: Unable to locate element: {"method":"xpath","selector":"a"}
  (Session info: chrome=121.0.6167.185)
For documentation on this error, please visit: https://www.selenium.dev/documentation/webdriver/troubleshooting/errors#no-such-element-exception
Build info: version: '4.14.1', revision: '03f8ede370'
System info: os.name: 'Windows 11', os.arch: 'amd64', os.version: '10.0', java.version: '18.0.1.1'
Driver info: org.openqa.selenium.chrome.ChromeDriver
Command: [00f68862329098d61afe3cceea8de993, findElement {using=xpath, value=a}]
Capabilities {acceptInsecureCerts: false, browserName: chrome, browserVersion: 121.0.6167.185, chrome: {chromedriverVersion: 121.0.6167.184 (057a8ae7deb..., userDataDir: C:\WINDOWS\TEMP\scoped_dir1...}, fedcm:accounts: true, goog:chromeOptions: {debuggerAddress: localhost:55374}, networkConnectionEnabled: false, pageLoadStrategy: normal, platformName: windows, proxy: Proxy(), se:cdp: ws://localhost:55374/devtoo..., se:cdpVersion: 121.0.6167.185, setWindowRect: true, strictFileInteractability: false, timeouts: {implicit: 0, pageLoad: 300000, script: 30000}, unhandledPromptBehavior: dismiss and notify, webauthn:extension:credBlob: true, webauthn:extension:largeBlob: true, webauthn:extension:minPinLength: true, webauthn:extension:prf: true, webauthn:virtualAuthenticators: true}
Session ID: 00f68862329098d61afe3cceea8de993]]>
            </message>
            <full-stacktrace>
              <![CDATA[org.openqa.selenium.NoSuchElementException: no such element: Unable to locate element: {"method":"xpath","selector":"a"}
  (Session info: chrome=121.0.6167.185)
For documentation on this error, please visit: https://www.selenium.dev/documentation/webdriver/troubleshooting/errors#no-such-element-exception
Build info: version: '4.14.1', revision: '03f8ede370'
System info: os.name: 'Windows 11', os.arch: 'amd64', os.version: '10.0', java.version: '18.0.1.1'
Driver info: org.openqa.selenium.chrome.ChromeDriver
Command: [00f68862329098d61afe3cceea8de993, findElement {using=xpath, value=a}]
Capabilities {acceptInsecureCerts: false, browserName: chrome, browserVersion: 121.0.6167.185, chrome: {chromedriverVersion: 121.0.6167.184 (057a8ae7deb..., userDataDir: C:\WINDOWS\TEMP\scoped_dir1...}, fedcm:accounts: true, goog:chromeOptions: {debuggerAddress: localhost:55374}, networkConnectionEnabled: false, pageLoadStrategy: normal, platformName: windows, proxy: Proxy(), se:cdp: ws://localhost:55374/devtoo..., se:cdpVersion: 121.0.6167.185, setWindowRect: true, strictFileInteractability: false, timeouts: {implicit: 0, pageLoad: 300000, script: 30000}, unhandledPromptBehavior: dismiss and notify, webauthn:extension:credBlob: true, webauthn:extension:largeBlob: true, webauthn:extension:minPinLength: true, webauthn:extension:prf: true, webauthn:virtualAuthenticators: true}
Session ID: 00f68862329098d61afe3cceea8de993
at java.base/jdk.internal.reflect.DirectConstructorHandleAccessor.newInstance(DirectConstructorHandleAccessor.java:67)
at java.base/java.lang.reflect.Constructor.newInstanceWithCaller(Constructor.java:499)
at java.base/java.lang.reflect.Constructor.newInstance(Constructor.java:483)
at org.openqa.selenium.remote.codec.w3c.W3CHttpResponseCodec.createException(W3CHttpResponseCodec.java:200)
at org.openqa.selenium.remote.codec.w3c.W3CHttpResponseCodec.decode(W3CHttpResponseCodec.java:133)
at org.openqa.selenium.remote.codec.w3c.W3CHttpResponseCodec.decode(W3CHttpResponseCodec.java:52)
at org.openqa.selenium.remote.HttpCommandExecutor.execute(HttpCommandExecutor.java:191)
at org.openqa.selenium.remote.service.DriverCommandExecutor.invokeExecute(DriverCommandExecutor.java:200)
at org.openqa.selenium.remote.service.DriverCommandExecutor.execute(DriverCommandExecutor.java:175)
at org.openqa.selenium.remote.RemoteWebDriver.execute(RemoteWebDriver.java:602)
at org.openqa.selenium.remote.ElementLocation$ElementFinder$2.findElement(ElementLocation.java:165)
at org.openqa.selenium.remote.ElementLocation.findElement(ElementLocation.java:59)
at org.openqa.selenium.remote.RemoteWebDriver.findElement(RemoteWebDriver.java:359)
at org.openqa.selenium.remote.RemoteWebDriver.findElement(RemoteWebDriver.java:353)
at sprint_2_Negative.aSprint_2_LoginLogout_Demo_FMS.a38_loginWithoutByGivingLessThan10NumbersInMobileNumberTextFieldErrorTest(aSprint_2_LoginLogout_Demo_FMS.java:3124)
at java.base/jdk.internal.reflect.DirectMethodHandleAccessor.invoke(DirectMethodHandleAccessor.java:104)
at java.base/java.lang.reflect.Method.invoke(Method.java:577)
at org.testng.internal.invokers.MethodInvocationHelper.invokeMethod(MethodInvocationHelper.java:139)
at org.testng.internal.invokers.TestInvoker.invokeMethod(TestInvoker.java:677)
at org.testng.internal.invokers.TestInvoker.invokeTestMethod(TestInvoker.java:221)
at org.testng.internal.invokers.MethodRunner.runInSequence(MethodRunner.java:50)
at org.testng.internal.invokers.TestInvoker$MethodInvocationAgent.invoke(TestInvoker.java:962)
at org.testng.internal.invokers.TestInvoker.invokeTestMethods(TestInvoker.java:194)
at org.testng.internal.invokers.TestMethodWorker.invokeTestMethods(TestMethodWorker.java:148)
at org.testng.internal.invokers.TestMethodWorker.run(TestMethodWorker.java:128)
at java.base/java.util.ArrayList.forEach(ArrayList.java:1511)
at org.testng.TestRunner.privateRun(TestRunner.java:806)
at org.testng.TestRunner.run(TestRunner.java:601)
at org.testng.SuiteRunner.runTest(SuiteRunner.java:433)
at org.testng.SuiteRunner$SuiteWorker.run(SuiteRunner.java:471)
at org.testng.internal.thread.ThreadUtil.lambda$execute$0(ThreadUtil.java:58)
at java.base/java.util.concurrent.FutureTask.run(FutureTask.java:264)
at java.base/java.util.concurrent.ThreadPoolExecutor.runWorker(ThreadPoolExecutor.java:1136)
at java.base/java.util.concurrent.ThreadPoolExecutor$Worker.run(ThreadPoolExecutor.java:635)
at java.base/java.lang.Thread.run(Thread.java:833)
]]>
            </full-stacktrace>
          </exception> <!-- org.openqa.selenium.NoSuchElementException -->
          <reporter-output>
          </reporter-output>
        </test-method> <!-- a38_loginWithoutByGivingLessThan10NumbersInMobileNumberTextFieldErrorTest -->
      </class> <!-- sprint_2_Negative.aSprint_2_LoginLogout_Demo_FMS -->
    </test> <!-- Test -->
  </suite> <!-- Suite -->
</testng-results>
